[2026-05-01T11:35:48.949+0000] {taskinstance.py:1956} INFO - Dependencies all met for dep_context=non-requeueable deps ti=<TaskInstance: trigger_dbt_dag.dbt_run manual__2026-05-01T11:35:48.358157+00:00 [queued]>
[2026-05-01T11:35:48.961+0000] {taskinstance.py:1956} INFO - Dependencies all met for dep_context=requeueable deps ti=<TaskInstance: trigger_dbt_dag.dbt_run manual__2026-05-01T11:35:48.358157+00:00 [queued]>
[2026-05-01T11:35:48.962+0000] {taskinstance.py:2170} INFO - Starting attempt 1 of 2
[2026-05-01T11:35:48.979+0000] {taskinstance.py:2191} INFO - Executing <Task(BashOperator): dbt_run> on 2026-05-01 11:35:48.358157+00:00
[2026-05-01T11:35:48.988+0000] {standard_task_runner.py:60} INFO - Started process 928 to run task
[2026-05-01T11:35:48.992+0000] {standard_task_runner.py:87} INFO - Running: ['***', 'tasks', 'run', 'trigger_dbt_dag', 'dbt_run', 'manual__2026-05-01T11:35:48.358157+00:00', '--job-id', '56', '--raw', '--subdir', 'DAGS_FOLDER/trigger_dbt_dag.py', '--cfg-path', '/tmp/tmpw7stehrd']
[2026-05-01T11:35:48.995+0000] {standard_task_runner.py:88} INFO - Job 56: Subtask dbt_run
[2026-05-01T11:35:49.015+0000] {logging_mixin.py:188} WARNING - /home/***/.local/lib/python3.8/site-packages/***/settings.py:194 DeprecationWarning: The sql_alchemy_conn option in [core] has been moved to the sql_alchemy_conn option in [database] - the old setting has been used, but please update your config.
[2026-05-01T11:35:49.057+0000] {task_command.py:423} INFO - Running <TaskInstance: trigger_dbt_dag.dbt_run manual__2026-05-01T11:35:48.358157+00:00 [running]> on host 79b6fce4aee0
[2026-05-01T11:35:49.157+0000] {taskinstance.py:2480} INFO - Exporting env vars: AIRFLOW_CTX_DAG_OWNER='***' AIRFLOW_CTX_DAG_ID='trigger_dbt_dag' AIRFLOW_CTX_TASK_ID='dbt_run' AIRFLOW_CTX_EXECUTION_DATE='2026-05-01T11:35:48.358157+00:00' AIRFLOW_CTX_TRY_NUMBER='1' AIRFLOW_CTX_DAG_RUN_ID='manual__2026-05-01T11:35:48.358157+00:00'
[2026-05-01T11:35:49.159+0000] {subprocess.py:63} INFO - Tmp dir root location: /tmp
[2026-05-01T11:35:49.160+0000] {subprocess.py:75} INFO - Running command: ['/usr/bin/bash', '-c', 'cd /opt/***/dbt && dbt run']
[2026-05-01T11:35:49.185+0000] {subprocess.py:86} INFO - Output:
[2026-05-01T11:35:50.403+0000] {subprocess.py:93} INFO - [0m11:35:50  Running with dbt=1.8.7
[2026-05-01T11:35:50.550+0000] {subprocess.py:93} INFO - [0m11:35:50  Registered adapter: postgres=1.8.2
[2026-05-01T11:35:50.634+0000] {subprocess.py:93} INFO - [0m11:35:50  Unable to do partial parsing because of a version mismatch
[2026-05-01T11:35:51.577+0000] {subprocess.py:93} INFO - [0m11:35:51  [[33mWARNING[0m]: Deprecated functionality
[2026-05-01T11:35:51.578+0000] {subprocess.py:93} INFO - The `tests` config has been renamed to `data_tests`. Please see
[2026-05-01T11:35:51.578+0000] {subprocess.py:93} INFO - https://docs.getdbt.com/docs/build/data-tests#new-data_tests-syntax for more
[2026-05-01T11:35:51.578+0000] {subprocess.py:93} INFO - information.
[2026-05-01T11:35:51.960+0000] {subprocess.py:93} INFO - [0m11:35:51  Found 7 models, 6 data tests, 424 macros
[2026-05-01T11:35:51.962+0000] {subprocess.py:93} INFO - [0m11:35:51
[2026-05-01T11:35:52.144+0000] {subprocess.py:93} INFO - [0m11:35:52  Concurrency: 1 threads (target='dev')
[2026-05-01T11:35:52.145+0000] {subprocess.py:93} INFO - [0m11:35:52
[2026-05-01T11:35:52.158+0000] {subprocess.py:93} INFO - [0m11:35:52  1 of 7 START sql view model staging.stg_fixtures ............................... [RUN]
[2026-05-01T11:35:52.305+0000] {subprocess.py:93} INFO - [0m11:35:52  1 of 7 OK created sql view model staging.stg_fixtures .......................... [[32mCREATE VIEW[0m in 0.14s]
[2026-05-01T11:35:52.307+0000] {subprocess.py:93} INFO - [0m11:35:52  2 of 7 START sql view model staging.stg_players ................................ [RUN]
[2026-05-01T11:35:52.365+0000] {subprocess.py:93} INFO - [0m11:35:52  2 of 7 OK created sql view model staging.stg_players ........................... [[32mCREATE VIEW[0m in 0.06s]
[2026-05-01T11:35:52.368+0000] {subprocess.py:93} INFO - [0m11:35:52  3 of 7 START sql view model staging.stg_standings .............................. [RUN]
[2026-05-01T11:35:52.426+0000] {subprocess.py:93} INFO - [0m11:35:52  3 of 7 OK created sql view model staging.stg_standings ......................... [[32mCREATE VIEW[0m in 0.06s]
[2026-05-01T11:35:52.428+0000] {subprocess.py:93} INFO - [0m11:35:52  4 of 7 START sql table model marts.fct_match_results ........................... [RUN]
[2026-05-01T11:35:52.532+0000] {subprocess.py:93} INFO - [0m11:35:52  4 of 7 OK created sql table model marts.fct_match_results ...................... [[32mSELECT 380[0m in 0.10s]
[2026-05-01T11:35:52.535+0000] {subprocess.py:93} INFO - [0m11:35:52  5 of 7 START sql table model marts.dim_players ................................. [RUN]
[2026-05-01T11:35:52.599+0000] {subprocess.py:93} INFO - [0m11:35:52  5 of 7 OK created sql table model marts.dim_players ............................ [[32mSELECT 20[0m in 0.06s]
[2026-05-01T11:35:52.604+0000] {subprocess.py:93} INFO - [0m11:35:52  6 of 7 START sql table model marts.mart_top_scorers ............................ [RUN]
[2026-05-01T11:35:52.763+0000] {subprocess.py:93} INFO - [0m11:35:52  6 of 7 OK created sql table model marts.mart_top_scorers ....................... [[32mSELECT 20[0m in 0.16s]
[2026-05-01T11:35:52.765+0000] {subprocess.py:93} INFO - [0m11:35:52  7 of 7 START sql table model marts.mart_team_performance ....................... [RUN]
[2026-05-01T11:35:52.828+0000] {subprocess.py:93} INFO - [0m11:35:52  7 of 7 OK created sql table model marts.mart_team_performance .................. [[32mSELECT 20[0m in 0.06s]
[2026-05-01T11:35:52.845+0000] {subprocess.py:93} INFO - [0m11:35:52
[2026-05-01T11:35:52.846+0000] {subprocess.py:93} INFO - [0m11:35:52  Finished running 3 view models, 4 table models in 0 hours 0 minutes and 0.88 seconds (0.88s).
[2026-05-01T11:35:52.892+0000] {subprocess.py:93} INFO - [0m11:35:52
[2026-05-01T11:35:52.892+0000] {subprocess.py:93} INFO - [0m11:35:52  [32mCompleted successfully[0m
[2026-05-01T11:35:52.893+0000] {subprocess.py:93} INFO - [0m11:35:52
[2026-05-01T11:35:52.893+0000] {subprocess.py:93} INFO - [0m11:35:52  Done. PASS=7 WARN=0 ERROR=0 SKIP=0 TOTAL=7
[2026-05-01T11:35:53.810+0000] {subprocess.py:97} INFO - Command exited with return code 0
[2026-05-01T11:35:53.848+0000] {taskinstance.py:1138} INFO - Marking task as SUCCESS. dag_id=trigger_dbt_dag, task_id=dbt_run, execution_date=20260501T113548, start_date=20260501T113548, end_date=20260501T113553
[2026-05-01T11:35:53.900+0000] {local_task_job_runner.py:234} INFO - Task exited with return code 0
[2026-05-01T11:35:53.931+0000] {taskinstance.py:3280} INFO - 1 downstream tasks scheduled from follow-on schedule check
