[2026-04-03T19:01:13.325+0000] {taskinstance.py:1956} INFO - Dependencies all met for dep_context=non-requeueable deps ti=<TaskInstance: ingest_football_data.ingest_players scheduled__2026-03-22T00:00:00+00:00 [queued]>
[2026-04-03T19:01:13.335+0000] {taskinstance.py:1956} INFO - Dependencies all met for dep_context=requeueable deps ti=<TaskInstance: ingest_football_data.ingest_players scheduled__2026-03-22T00:00:00+00:00 [queued]>
[2026-04-03T19:01:13.335+0000] {taskinstance.py:2170} INFO - Starting attempt 1 of 2
[2026-04-03T19:01:13.349+0000] {taskinstance.py:2191} INFO - Executing <Task(PythonOperator): ingest_players> on 2026-03-22 00:00:00+00:00
[2026-04-03T19:01:13.355+0000] {standard_task_runner.py:60} INFO - Started process 893 to run task
[2026-04-03T19:01:13.358+0000] {standard_task_runner.py:87} INFO - Running: ['***', 'tasks', 'run', 'ingest_football_data', 'ingest_players', 'scheduled__2026-03-22T00:00:00+00:00', '--job-id', '7', '--raw', '--subdir', 'DAGS_FOLDER/ingest_football_data.py', '--cfg-path', '/tmp/tmpodz0a29y']
[2026-04-03T19:01:13.359+0000] {standard_task_runner.py:88} INFO - Job 7: Subtask ingest_players
[2026-04-03T19:01:13.376+0000] {logging_mixin.py:188} WARNING - /home/***/.local/lib/python3.8/site-packages/***/settings.py:194 DeprecationWarning: The sql_alchemy_conn option in [core] has been moved to the sql_alchemy_conn option in [database] - the old setting has been used, but please update your config.
[2026-04-03T19:01:13.424+0000] {task_command.py:423} INFO - Running <TaskInstance: ingest_football_data.ingest_players scheduled__2026-03-22T00:00:00+00:00 [running]> on host c07871340f9f
[2026-04-03T19:01:13.524+0000] {taskinstance.py:2480} INFO - Exporting env vars: AIRFLOW_CTX_DAG_OWNER='***' AIRFLOW_CTX_DAG_ID='ingest_football_data' AIRFLOW_CTX_TASK_ID='ingest_players' AIRFLOW_CTX_EXECUTION_DATE='2026-03-22T00:00:00+00:00' AIRFLOW_CTX_TRY_NUMBER='1' AIRFLOW_CTX_DAG_RUN_ID='scheduled__2026-03-22T00:00:00+00:00'
[2026-04-03T19:01:14.018+0000] {base.py:83} INFO - Using connection ID 'postgres_default' for task execution.
[2026-04-03T19:01:14.020+0000] {taskinstance.py:2698} ERROR - Task failed with exception
Traceback (most recent call last):
  File "/home/airflow/.local/lib/python3.8/site-packages/airflow/models/taskinstance.py", line 433, in _execute_task
    result = execute_callable(context=context, **execute_callable_kwargs)
  File "/home/airflow/.local/lib/python3.8/site-packages/airflow/operators/python.py", line 199, in execute
    return_value = self.execute_callable()
  File "/home/airflow/.local/lib/python3.8/site-packages/airflow/operators/python.py", line 216, in execute_callable
    return self.python_callable(*self.op_args, **self.op_kwargs)
  File "/opt/airflow/dags/ingest_football_data.py", line 86, in ingest_players
    pg_hook.run(
  File "/home/airflow/.local/lib/python3.8/site-packages/airflow/providers/common/sql/hooks/sql.py", line 391, in run
    with closing(self.get_conn()) as conn:
  File "/home/airflow/.local/lib/python3.8/site-packages/airflow/providers/postgres/hooks/postgres.py", line 158, in get_conn
    self.conn = psycopg2.connect(**conn_args)
  File "/home/airflow/.local/lib/python3.8/site-packages/psycopg2/__init__.py", line 122, in connect
    conn = _connect(dsn, connection_factory=connection_factory, **kwasync)
psycopg2.OperationalError: connection to server on socket "/var/run/postgresql/.s.PGSQL.5432" failed: No such file or directory
	Is the server running locally and accepting connections on that socket?

[2026-04-03T19:01:14.032+0000] {taskinstance.py:1138} INFO - Marking task as UP_FOR_RETRY. dag_id=ingest_football_data, task_id=ingest_players, execution_date=20260322T000000, start_date=20260403T190113, end_date=20260403T190114
[2026-04-03T19:01:14.049+0000] {standard_task_runner.py:107} ERROR - Failed to execute job 7 for task ingest_players (connection to server on socket "/var/run/postgresql/.s.PGSQL.5432" failed: No such file or directory
	Is the server running locally and accepting connections on that socket?
; 893)
[2026-04-03T19:01:14.092+0000] {local_task_job_runner.py:234} INFO - Task exited with return code 1
[2026-04-03T19:01:14.117+0000] {taskinstance.py:3280} INFO - 0 downstream tasks scheduled from follow-on schedule check
[2026-04-03T19:05:25.734+0000] {taskinstance.py:1956} INFO - Dependencies all met for dep_context=non-requeueable deps ti=<TaskInstance: ingest_football_data.ingest_players scheduled__2026-03-22T00:00:00+00:00 [queued]>
[2026-04-03T19:05:25.743+0000] {taskinstance.py:1956} INFO - Dependencies all met for dep_context=requeueable deps ti=<TaskInstance: ingest_football_data.ingest_players scheduled__2026-03-22T00:00:00+00:00 [queued]>
[2026-04-03T19:05:25.744+0000] {taskinstance.py:2170} INFO - Starting attempt 1 of 2
[2026-04-03T19:05:25.757+0000] {taskinstance.py:2191} INFO - Executing <Task(PythonOperator): ingest_players> on 2026-03-22 00:00:00+00:00
[2026-04-03T19:05:25.767+0000] {standard_task_runner.py:60} INFO - Started process 944 to run task
[2026-04-03T19:05:25.770+0000] {standard_task_runner.py:87} INFO - Running: ['***', 'tasks', 'run', 'ingest_football_data', 'ingest_players', 'scheduled__2026-03-22T00:00:00+00:00', '--job-id', '9', '--raw', '--subdir', 'DAGS_FOLDER/ingest_football_data.py', '--cfg-path', '/tmp/tmp1dlxunpj']
[2026-04-03T19:05:25.772+0000] {standard_task_runner.py:88} INFO - Job 9: Subtask ingest_players
[2026-04-03T19:05:25.791+0000] {logging_mixin.py:188} WARNING - /home/***/.local/lib/python3.8/site-packages/***/settings.py:194 DeprecationWarning: The sql_alchemy_conn option in [core] has been moved to the sql_alchemy_conn option in [database] - the old setting has been used, but please update your config.
[2026-04-03T19:05:25.837+0000] {task_command.py:423} INFO - Running <TaskInstance: ingest_football_data.ingest_players scheduled__2026-03-22T00:00:00+00:00 [running]> on host c07871340f9f
[2026-04-03T19:05:25.940+0000] {taskinstance.py:2480} INFO - Exporting env vars: AIRFLOW_CTX_DAG_OWNER='***' AIRFLOW_CTX_DAG_ID='ingest_football_data' AIRFLOW_CTX_TASK_ID='ingest_players' AIRFLOW_CTX_EXECUTION_DATE='2026-03-22T00:00:00+00:00' AIRFLOW_CTX_TRY_NUMBER='1' AIRFLOW_CTX_DAG_RUN_ID='scheduled__2026-03-22T00:00:00+00:00'
[2026-04-03T19:05:26.085+0000] {base.py:83} INFO - Using connection ID 'postgres_default' for task execution.
[2026-04-03T19:05:26.087+0000] {taskinstance.py:2698} ERROR - Task failed with exception
Traceback (most recent call last):
  File "/home/airflow/.local/lib/python3.8/site-packages/airflow/models/taskinstance.py", line 433, in _execute_task
    result = execute_callable(context=context, **execute_callable_kwargs)
  File "/home/airflow/.local/lib/python3.8/site-packages/airflow/operators/python.py", line 199, in execute
    return_value = self.execute_callable()
  File "/home/airflow/.local/lib/python3.8/site-packages/airflow/operators/python.py", line 216, in execute_callable
    return self.python_callable(*self.op_args, **self.op_kwargs)
  File "/opt/airflow/dags/ingest_football_data.py", line 86, in ingest_players
    pg_hook.run(
  File "/home/airflow/.local/lib/python3.8/site-packages/airflow/providers/common/sql/hooks/sql.py", line 391, in run
    with closing(self.get_conn()) as conn:
  File "/home/airflow/.local/lib/python3.8/site-packages/airflow/providers/postgres/hooks/postgres.py", line 158, in get_conn
    self.conn = psycopg2.connect(**conn_args)
  File "/home/airflow/.local/lib/python3.8/site-packages/psycopg2/__init__.py", line 122, in connect
    conn = _connect(dsn, connection_factory=connection_factory, **kwasync)
psycopg2.OperationalError: connection to server on socket "/var/run/postgresql/.s.PGSQL.5432" failed: No such file or directory
	Is the server running locally and accepting connections on that socket?

[2026-04-03T19:05:26.099+0000] {taskinstance.py:1138} INFO - Marking task as UP_FOR_RETRY. dag_id=ingest_football_data, task_id=ingest_players, execution_date=20260322T000000, start_date=20260403T190525, end_date=20260403T190526
[2026-04-03T19:05:26.115+0000] {standard_task_runner.py:107} ERROR - Failed to execute job 9 for task ingest_players (connection to server on socket "/var/run/postgresql/.s.PGSQL.5432" failed: No such file or directory
	Is the server running locally and accepting connections on that socket?
; 944)
[2026-04-03T19:05:26.143+0000] {local_task_job_runner.py:234} INFO - Task exited with return code 1
[2026-04-03T19:05:26.167+0000] {taskinstance.py:3280} INFO - 0 downstream tasks scheduled from follow-on schedule check
