[2026-04-17T08:21:49.870+0000] {taskinstance.py:1956} INFO - Dependencies all met for dep_context=non-requeueable deps ti=<TaskInstance: ingest_football_data.ingest_players scheduled__2026-04-05T00:00:00+00:00 [queued]>
[2026-04-17T08:21:49.885+0000] {taskinstance.py:1956} INFO - Dependencies all met for dep_context=requeueable deps ti=<TaskInstance: ingest_football_data.ingest_players scheduled__2026-04-05T00:00:00+00:00 [queued]>
[2026-04-17T08:21:49.885+0000] {taskinstance.py:2170} INFO - Starting attempt 1 of 2
[2026-04-17T08:21:49.906+0000] {taskinstance.py:2191} INFO - Executing <Task(PythonOperator): ingest_players> on 2026-04-05 00:00:00+00:00
[2026-04-17T08:21:49.917+0000] {standard_task_runner.py:60} INFO - Started process 187 to run task
[2026-04-17T08:21:49.921+0000] {standard_task_runner.py:87} INFO - Running: ['***', 'tasks', 'run', 'ingest_football_data', 'ingest_players', 'scheduled__2026-04-05T00:00:00+00:00', '--job-id', '43', '--raw', '--subdir', 'DAGS_FOLDER/ingest_football_data.py', '--cfg-path', '/tmp/tmp6wmezq1a']
[2026-04-17T08:21:49.923+0000] {standard_task_runner.py:88} INFO - Job 43: Subtask ingest_players
[2026-04-17T08:21:49.942+0000] {logging_mixin.py:188} WARNING - /home/***/.local/lib/python3.8/site-packages/***/settings.py:194 DeprecationWarning: The sql_alchemy_conn option in [core] has been moved to the sql_alchemy_conn option in [database] - the old setting has been used, but please update your config.
[2026-04-17T08:21:49.988+0000] {task_command.py:423} INFO - Running <TaskInstance: ingest_football_data.ingest_players scheduled__2026-04-05T00:00:00+00:00 [running]> on host c07871340f9f
[2026-04-17T08:21:50.091+0000] {taskinstance.py:2480} INFO - Exporting env vars: AIRFLOW_CTX_DAG_OWNER='***' AIRFLOW_CTX_DAG_ID='ingest_football_data' AIRFLOW_CTX_TASK_ID='ingest_players' AIRFLOW_CTX_EXECUTION_DATE='2026-04-05T00:00:00+00:00' AIRFLOW_CTX_TRY_NUMBER='1' AIRFLOW_CTX_DAG_RUN_ID='scheduled__2026-04-05T00:00:00+00:00'
[2026-04-17T08:21:50.267+0000] {base.py:83} INFO - Using connection ID 'postgres_default' for task execution.
[2026-04-17T08:21:50.273+0000] {sql.py:450} INFO - Running statement: 
            INSERT INTO raw.players (player_id, league_id, season, raw_json)
            VALUES (%s, %s, %s, %s)
            ON CONFLICT (player_id, league_id, season)
            DO UPDATE SET raw_json = EXCLUDED.raw_json, ingested_at = NOW()
            , parameters: (54, 39, 2023, '{"player": {"id": 54, "name": "Diego Costa", "firstname": "Diego", "lastname": "da Silva Costa", "age": 37, "birth": {"date": "1988-10-07", "place": "Lagarto", "country": "Brazil"}, "nationality": "Spain", "height": "188 cm", "weight": "83 kg", "injured": false, "photo": "https://media.api-sports.io/football/players/54.png"}, "statistics": [{"team": {"id": 39, "name": "Wolves", "logo": "https://media.api-sports.io/football/teams/39.png"}, "league": {"id": 39, "name": "Premier League", "country": "England", "logo": "https://media.api-sports.io/football/leagues/39.png", "flag": "https://media.api-sports.io/flags/gb-eng.svg", "season": 2023}, "games": {"appearences": null, "lineups": null, "minutes": null, "number": null, "position": "Attacker", "rating": null, "captain": false}, "substitutes": {"in": null, "out": null, "bench": null}, "shots": {"total": null, "on": null}, "goals": {"total": null, "conceded": null, "assists": null, "saves": null}, "passes": {"total": null, "key": null, "accuracy": null}, "tackles": {"total": null, "blocks": null, "interceptions": null}, "duels": {"total": null, "won": null}, "dribbles": {"attempts": null, "success": null, "past": null}, "fouls": {"drawn": null, "committed": null}, "cards": {"yellow": null, "yellowred": null, "red": null}, "penalty": {"won": null, "commited": null, "scored": null, "missed": null, "saved": null}}]}')
[2026-04-17T08:21:50.275+0000] {taskinstance.py:2698} ERROR - Task failed with exception
Traceback (most recent call last):
  File "/home/airflow/.local/lib/python3.8/site-packages/airflow/models/taskinstance.py", line 433, in _execute_task
    result = execute_callable(context=context, **execute_callable_kwargs)
  File "/home/airflow/.local/lib/python3.8/site-packages/airflow/operators/python.py", line 199, in execute
    return_value = self.execute_callable()
  File "/home/airflow/.local/lib/python3.8/site-packages/airflow/operators/python.py", line 216, in execute_callable
    return self.python_callable(*self.op_args, **self.op_kwargs)
  File "/opt/airflow/dags/ingest_football_data.py", line 86, in ingest_players
    pg_hook.run(
  File "/home/airflow/.local/lib/python3.8/site-packages/airflow/providers/common/sql/hooks/sql.py", line 398, in run
    self._run_command(cur, sql_statement, parameters)
  File "/home/airflow/.local/lib/python3.8/site-packages/airflow/providers/common/sql/hooks/sql.py", line 453, in _run_command
    cur.execute(sql_statement, parameters)
psycopg2.errors.UndefinedTable: relation "raw.players" does not exist
LINE 2:             INSERT INTO raw.players (player_id, league_id, s...
                                ^

[2026-04-17T08:21:50.288+0000] {taskinstance.py:1138} INFO - Marking task as UP_FOR_RETRY. dag_id=ingest_football_data, task_id=ingest_players, execution_date=20260405T000000, start_date=20260417T082149, end_date=20260417T082150
[2026-04-17T08:21:50.309+0000] {standard_task_runner.py:107} ERROR - Failed to execute job 43 for task ingest_players (relation "raw.players" does not exist
LINE 2:             INSERT INTO raw.players (player_id, league_id, s...
                                ^
; 187)
[2026-04-17T08:21:50.334+0000] {local_task_job_runner.py:234} INFO - Task exited with return code 1
[2026-04-17T08:21:50.380+0000] {taskinstance.py:3280} INFO - 0 downstream tasks scheduled from follow-on schedule check
[2026-04-17T08:26:37.746+0000] {taskinstance.py:1956} INFO - Dependencies all met for dep_context=non-requeueable deps ti=<TaskInstance: ingest_football_data.ingest_players scheduled__2026-04-05T00:00:00+00:00 [queued]>
[2026-04-17T08:26:37.759+0000] {taskinstance.py:1956} INFO - Dependencies all met for dep_context=requeueable deps ti=<TaskInstance: ingest_football_data.ingest_players scheduled__2026-04-05T00:00:00+00:00 [queued]>
[2026-04-17T08:26:37.759+0000] {taskinstance.py:2170} INFO - Starting attempt 1 of 2
[2026-04-17T08:26:37.783+0000] {taskinstance.py:2191} INFO - Executing <Task(PythonOperator): ingest_players> on 2026-04-05 00:00:00+00:00
[2026-04-17T08:26:37.795+0000] {standard_task_runner.py:60} INFO - Started process 220 to run task
[2026-04-17T08:26:37.799+0000] {standard_task_runner.py:87} INFO - Running: ['***', 'tasks', 'run', 'ingest_football_data', 'ingest_players', 'scheduled__2026-04-05T00:00:00+00:00', '--job-id', '6', '--raw', '--subdir', 'DAGS_FOLDER/ingest_football_data.py', '--cfg-path', '/tmp/tmpojteit_r']
[2026-04-17T08:26:37.803+0000] {standard_task_runner.py:88} INFO - Job 6: Subtask ingest_players
[2026-04-17T08:26:37.823+0000] {logging_mixin.py:188} WARNING - /home/***/.local/lib/python3.8/site-packages/***/settings.py:194 DeprecationWarning: The sql_alchemy_conn option in [core] has been moved to the sql_alchemy_conn option in [database] - the old setting has been used, but please update your config.
[2026-04-17T08:26:37.873+0000] {task_command.py:423} INFO - Running <TaskInstance: ingest_football_data.ingest_players scheduled__2026-04-05T00:00:00+00:00 [running]> on host bb60f31f47c1
[2026-04-17T08:26:37.984+0000] {taskinstance.py:2480} INFO - Exporting env vars: AIRFLOW_CTX_DAG_OWNER='***' AIRFLOW_CTX_DAG_ID='ingest_football_data' AIRFLOW_CTX_TASK_ID='ingest_players' AIRFLOW_CTX_EXECUTION_DATE='2026-04-05T00:00:00+00:00' AIRFLOW_CTX_TRY_NUMBER='1' AIRFLOW_CTX_DAG_RUN_ID='scheduled__2026-04-05T00:00:00+00:00'
[2026-04-17T08:26:38.000+0000] {taskinstance.py:2698} ERROR - Task failed with exception
Traceback (most recent call last):
  File "/home/airflow/.local/lib/python3.8/site-packages/airflow/models/taskinstance.py", line 433, in _execute_task
    result = execute_callable(context=context, **execute_callable_kwargs)
  File "/home/airflow/.local/lib/python3.8/site-packages/airflow/operators/python.py", line 199, in execute
    return_value = self.execute_callable()
  File "/home/airflow/.local/lib/python3.8/site-packages/airflow/operators/python.py", line 216, in execute_callable
    return self.python_callable(*self.op_args, **self.op_kwargs)
  File "/opt/airflow/dags/ingest_football_data.py", line 72, in ingest_players
    api_key = Variable.get("API_KEY")
  File "/home/airflow/.local/lib/python3.8/site-packages/airflow/models/variable.py", line 143, in get
    raise KeyError(f"Variable {key} does not exist")
KeyError: 'Variable API_KEY does not exist'
[2026-04-17T08:26:38.014+0000] {taskinstance.py:1138} INFO - Marking task as UP_FOR_RETRY. dag_id=ingest_football_data, task_id=ingest_players, execution_date=20260405T000000, start_date=20260417T082637, end_date=20260417T082638
[2026-04-17T08:26:38.030+0000] {standard_task_runner.py:107} ERROR - Failed to execute job 6 for task ingest_players ('Variable API_KEY does not exist'; 220)
[2026-04-17T08:26:38.051+0000] {local_task_job_runner.py:234} INFO - Task exited with return code 1
[2026-04-17T08:26:38.073+0000] {taskinstance.py:3280} INFO - 0 downstream tasks scheduled from follow-on schedule check
