[2026-04-17T08:31:38.807+0000] {taskinstance.py:1956} INFO - Dependencies all met for dep_context=non-requeueable deps ti=<TaskInstance: ingest_football_data.ingest_players scheduled__2026-04-05T00:00:00+00:00 [queued]>
[2026-04-17T08:31:38.824+0000] {taskinstance.py:1956} INFO - Dependencies all met for dep_context=requeueable deps ti=<TaskInstance: ingest_football_data.ingest_players scheduled__2026-04-05T00:00:00+00:00 [queued]>
[2026-04-17T08:31:38.825+0000] {taskinstance.py:2170} INFO - Starting attempt 2 of 2
[2026-04-17T08:31:38.849+0000] {taskinstance.py:2191} INFO - Executing <Task(PythonOperator): ingest_players> on 2026-04-05 00:00:00+00:00
[2026-04-17T08:31:38.861+0000] {standard_task_runner.py:60} INFO - Started process 283 to run task
[2026-04-17T08:31:38.865+0000] {standard_task_runner.py:87} INFO - Running: ['***', 'tasks', 'run', 'ingest_football_data', 'ingest_players', 'scheduled__2026-04-05T00:00:00+00:00', '--job-id', '8', '--raw', '--subdir', 'DAGS_FOLDER/ingest_football_data.py', '--cfg-path', '/tmp/tmpvl5b8rll']
[2026-04-17T08:31:38.868+0000] {standard_task_runner.py:88} INFO - Job 8: Subtask ingest_players
[2026-04-17T08:31:38.891+0000] {logging_mixin.py:188} WARNING - /home/***/.local/lib/python3.8/site-packages/***/settings.py:194 DeprecationWarning: The sql_alchemy_conn option in [core] has been moved to the sql_alchemy_conn option in [database] - the old setting has been used, but please update your config.
[2026-04-17T08:31:38.943+0000] {task_command.py:423} INFO - Running <TaskInstance: ingest_football_data.ingest_players scheduled__2026-04-05T00:00:00+00:00 [running]> on host bb60f31f47c1
[2026-04-17T08:31:39.031+0000] {taskinstance.py:2480} INFO - Exporting env vars: AIRFLOW_CTX_DAG_OWNER='***' AIRFLOW_CTX_DAG_ID='ingest_football_data' AIRFLOW_CTX_TASK_ID='ingest_players' AIRFLOW_CTX_EXECUTION_DATE='2026-04-05T00:00:00+00:00' AIRFLOW_CTX_TRY_NUMBER='2' AIRFLOW_CTX_DAG_RUN_ID='scheduled__2026-04-05T00:00:00+00:00'
[2026-04-17T08:31:39.043+0000] {taskinstance.py:2698} ERROR - Task failed with exception
Traceback (most recent call last):
  File "/home/airflow/.local/lib/python3.8/site-packages/airflow/models/taskinstance.py", line 433, in _execute_task
    result = execute_callable(context=context, **execute_callable_kwargs)
  File "/home/airflow/.local/lib/python3.8/site-packages/airflow/operators/python.py", line 199, in execute
    return_value = self.execute_callable()
  File "/home/airflow/.local/lib/python3.8/site-packages/airflow/operators/python.py", line 216, in execute_callable
    return self.python_callable(*self.op_args, **self.op_kwargs)
  File "/opt/airflow/dags/ingest_football_data.py", line 72, in ingest_players
    api_key = Variable.get("API_KEY")
  File "/home/airflow/.local/lib/python3.8/site-packages/airflow/models/variable.py", line 143, in get
    raise KeyError(f"Variable {key} does not exist")
KeyError: 'Variable API_KEY does not exist'
[2026-04-17T08:31:39.054+0000] {taskinstance.py:1138} INFO - Marking task as FAILED. dag_id=ingest_football_data, task_id=ingest_players, execution_date=20260405T000000, start_date=20260417T083138, end_date=20260417T083139
[2026-04-17T08:31:39.066+0000] {standard_task_runner.py:107} ERROR - Failed to execute job 8 for task ingest_players ('Variable API_KEY does not exist'; 283)
[2026-04-17T08:31:39.078+0000] {local_task_job_runner.py:234} INFO - Task exited with return code 1
[2026-04-17T08:31:39.104+0000] {taskinstance.py:3280} INFO - 0 downstream tasks scheduled from follow-on schedule check
