[2026-04-17T08:43:23.107+0000] {taskinstance.py:1956} INFO - Dependencies all met for dep_context=non-requeueable deps ti=<TaskInstance: ingest_football_data.ingest_players manual__2026-04-17T08:43:22.755398+00:00 [queued]>
[2026-04-17T08:43:23.119+0000] {taskinstance.py:1956} INFO - Dependencies all met for dep_context=requeueable deps ti=<TaskInstance: ingest_football_data.ingest_players manual__2026-04-17T08:43:22.755398+00:00 [queued]>
[2026-04-17T08:43:23.120+0000] {taskinstance.py:2170} INFO - Starting attempt 1 of 2
[2026-04-17T08:43:23.135+0000] {taskinstance.py:2191} INFO - Executing <Task(PythonOperator): ingest_players> on 2026-04-17 08:43:22.755398+00:00
[2026-04-17T08:43:23.142+0000] {standard_task_runner.py:60} INFO - Started process 429 to run task
[2026-04-17T08:43:23.146+0000] {standard_task_runner.py:87} INFO - Running: ['***', 'tasks', 'run', 'ingest_football_data', 'ingest_players', 'manual__2026-04-17T08:43:22.755398+00:00', '--job-id', '28', '--raw', '--subdir', 'DAGS_FOLDER/ingest_football_data.py', '--cfg-path', '/tmp/tmplvaplmvg']
[2026-04-17T08:43:23.148+0000] {standard_task_runner.py:88} INFO - Job 28: Subtask ingest_players
[2026-04-17T08:43:23.171+0000] {logging_mixin.py:188} WARNING - /home/***/.local/lib/python3.8/site-packages/***/settings.py:194 DeprecationWarning: The sql_alchemy_conn option in [core] has been moved to the sql_alchemy_conn option in [database] - the old setting has been used, but please update your config.
[2026-04-17T08:43:23.221+0000] {task_command.py:423} INFO - Running <TaskInstance: ingest_football_data.ingest_players manual__2026-04-17T08:43:22.755398+00:00 [running]> on host bb60f31f47c1
[2026-04-17T08:43:23.334+0000] {taskinstance.py:2480} INFO - Exporting env vars: AIRFLOW_CTX_DAG_OWNER='***' AIRFLOW_CTX_DAG_ID='ingest_football_data' AIRFLOW_CTX_TASK_ID='ingest_players' AIRFLOW_CTX_EXECUTION_DATE='2026-04-17T08:43:22.755398+00:00' AIRFLOW_CTX_TRY_NUMBER='1' AIRFLOW_CTX_DAG_RUN_ID='manual__2026-04-17T08:43:22.755398+00:00'
[2026-04-17T08:43:23.498+0000] {base.py:83} INFO - Using connection ID 'postgres_default' for task execution.
[2026-04-17T08:43:23.505+0000] {sql.py:450} INFO - Running statement: 
            INSERT INTO raw.players (player_id, league_id, season, raw_json)
            VALUES (%s, %s, %s, %s)
            ON CONFLICT (player_id, league_id, season)
            DO UPDATE SET raw_json = EXCLUDED.raw_json, ingested_at = NOW()
            , parameters: (83, 39, 2024, '{"player": {"id": 83, "name": "A. Danjuma", "firstname": "Arnaut", "lastname": "Danjuma Adam Groeneveld", "age": 28, "birth": {"date": "1997-01-31", "place": "Lagos", "country": "Nigeria"}, "nationality": "Netherlands", "height": "178", "weight": "74", "injured": false, "photo": "https://media.api-sports.io/football/players/83.png"}, "statistics": [{"team": {"id": 45, "name": "Everton", "logo": "https://media.api-sports.io/football/teams/45.png"}, "league": {"id": 39, "name": "Premier League", "country": "England", "logo": "https://media.api-sports.io/football/leagues/39.png", "flag": "https://media.api-sports.io/flags/gb-eng.svg", "season": 2024}, "games": {"appearences": null, "lineups": null, "minutes": null, "number": null, "position": "Attacker", "rating": null, "captain": false}, "substitutes": {"in": null, "out": null, "bench": null}, "shots": {"total": null, "on": null}, "goals": {"total": null, "conceded": null, "assists": null, "saves": null}, "passes": {"total": null, "key": null, "accuracy": null}, "tackles": {"total": null, "blocks": null, "interceptions": null}, "duels": {"total": null, "won": null}, "dribbles": {"attempts": null, "success": null, "past": null}, "fouls": {"drawn": null, "committed": null}, "cards": {"yellow": null, "yellowred": null, "red": null}, "penalty": {"won": null, "commited": null, "scored": null, "missed": null, "saved": null}}]}')
[2026-04-17T08:43:23.510+0000] {sql.py:459} INFO - Rows affected: 1
[2026-04-17T08:43:23.522+0000] {base.py:83} INFO - Using connection ID 'postgres_default' for task execution.
[2026-04-17T08:43:23.528+0000] {sql.py:450} INFO - Running statement: 
            INSERT INTO raw.players (player_id, league_id, season, raw_json)
            VALUES (%s, %s, %s, %s)
            ON CONFLICT (player_id, league_id, season)
            DO UPDATE SET raw_json = EXCLUDED.raw_json, ingested_at = NOW()
            , parameters: (105, 39, 2024, '{"player": {"id": 105, "name": "F. Ballo-Tour\\u00e9", "firstname": "Fod\\u00e9", "lastname": "Ballo-Tour\\u00e9", "age": 28, "birth": {"date": "1997-01-03", "place": "Conflans-Sainte-Honorine", "country": "France"}, "nationality": "Senegal", "height": "182", "weight": "70", "injured": false, "photo": "https://media.api-sports.io/football/players/105.png"}, "statistics": [{"team": {"id": 36, "name": "Fulham", "logo": "https://media.api-sports.io/football/teams/36.png"}, "league": {"id": 39, "name": "Premier League", "country": "England", "logo": "https://media.api-sports.io/football/leagues/39.png", "flag": "https://media.api-sports.io/flags/gb-eng.svg", "season": 2024}, "games": {"appearences": null, "lineups": null, "minutes": null, "number": null, "position": "Defender", "rating": null, "captain": false}, "substitutes": {"in": null, "out": null, "bench": null}, "shots": {"total": null, "on": null}, "goals": {"total": null, "conceded": null, "assists": null, "saves": null}, "passes": {"total": null, "key": null, "accuracy": null}, "tackles": {"total": null, "blocks": null, "interceptions": null}, "duels": {"total": null, "won": null}, "dribbles": {"attempts": null, "success": null, "past": null}, "fouls": {"drawn": null, "committed": null}, "cards": {"yellow": null, "yellowred": null, "red": null}, "penalty": {"won": null, "commited": null, "scored": null, "missed": null, "saved": null}}]}')
[2026-04-17T08:43:23.530+0000] {sql.py:459} INFO - Rows affected: 1
[2026-04-17T08:43:23.540+0000] {base.py:83} INFO - Using connection ID 'postgres_default' for task execution.
[2026-04-17T08:43:23.545+0000] {sql.py:450} INFO - Running statement: 
            INSERT INTO raw.players (player_id, league_id, season, raw_json)
            VALUES (%s, %s, %s, %s)
            ON CONFLICT (player_id, league_id, season)
            DO UPDATE SET raw_json = EXCLUDED.raw_json, ingested_at = NOW()
            , parameters: (172, 39, 2024, '{"player": {"id": 172, "name": "D. Alli", "firstname": "Bamidele Jermaine", "lastname": "Alli", "age": 29, "birth": {"date": "1996-04-11", "place": "Milton Keynes", "country": "England"}, "nationality": "England", "height": "188", "weight": "76", "injured": false, "photo": "https://media.api-sports.io/football/players/172.png"}, "statistics": [{"team": {"id": 45, "name": "Everton", "logo": "https://media.api-sports.io/football/teams/45.png"}, "league": {"id": 39, "name": "Premier League", "country": "England", "logo": "https://media.api-sports.io/football/leagues/39.png", "flag": "https://media.api-sports.io/flags/gb-eng.svg", "season": 2024}, "games": {"appearences": null, "lineups": null, "minutes": null, "number": null, "position": "Midfielder", "rating": null, "captain": false}, "substitutes": {"in": null, "out": null, "bench": null}, "shots": {"total": null, "on": null}, "goals": {"total": null, "conceded": null, "assists": null, "saves": null}, "passes": {"total": null, "key": null, "accuracy": null}, "tackles": {"total": null, "blocks": null, "interceptions": null}, "duels": {"total": null, "won": null}, "dribbles": {"attempts": null, "success": null, "past": null}, "fouls": {"drawn": null, "committed": null}, "cards": {"yellow": null, "yellowred": null, "red": null}, "penalty": {"won": null, "commited": null, "scored": null, "missed": null, "saved": null}}]}')
[2026-04-17T08:43:23.547+0000] {sql.py:459} INFO - Rows affected: 1
[2026-04-17T08:43:23.558+0000] {base.py:83} INFO - Using connection ID 'postgres_default' for task execution.
[2026-04-17T08:43:23.564+0000] {sql.py:450} INFO - Running statement: 
            INSERT INTO raw.players (player_id, league_id, season, raw_json)
            VALUES (%s, %s, %s, %s)
            ON CONFLICT (player_id, league_id, season)
            DO UPDATE SET raw_json = EXCLUDED.raw_json, ingested_at = NOW()
            , parameters: (2699, 39, 2024, '{"player": {"id": 2699, "name": "S. Ghoddos", "firstname": "Sayed Saman", "lastname": "Ghoddos", "age": 32, "birth": {"date": "1993-09-06", "place": "Malm\\u00f6", "country": "Sweden"}, "nationality": "Iran", "height": "175", "weight": "79", "injured": false, "photo": "https://media.api-sports.io/football/players/2699.png"}, "statistics": [{"team": {"id": 55, "name": "Brentford", "logo": "https://media.api-sports.io/football/teams/55.png"}, "league": {"id": 39, "name": "Premier League", "country": "England", "logo": "https://media.api-sports.io/football/leagues/39.png", "flag": "https://media.api-sports.io/flags/gb-eng.svg", "season": 2024}, "games": {"appearences": null, "lineups": null, "minutes": null, "number": null, "position": "Attacker", "rating": null, "captain": false}, "substitutes": {"in": null, "out": null, "bench": null}, "shots": {"total": null, "on": null}, "goals": {"total": null, "conceded": null, "assists": null, "saves": null}, "passes": {"total": null, "key": null, "accuracy": null}, "tackles": {"total": null, "blocks": null, "interceptions": null}, "duels": {"total": null, "won": null}, "dribbles": {"attempts": null, "success": null, "past": null}, "fouls": {"drawn": null, "committed": null}, "cards": {"yellow": null, "yellowred": null, "red": null}, "penalty": {"won": null, "commited": null, "scored": null, "missed": null, "saved": null}}]}')
[2026-04-17T08:43:23.566+0000] {sql.py:459} INFO - Rows affected: 1
[2026-04-17T08:43:23.577+0000] {base.py:83} INFO - Using connection ID 'postgres_default' for task execution.
[2026-04-17T08:43:23.582+0000] {sql.py:450} INFO - Running statement: 
            INSERT INTO raw.players (player_id, league_id, season, raw_json)
            VALUES (%s, %s, %s, %s)
            ON CONFLICT (player_id, league_id, season)
            DO UPDATE SET raw_json = EXCLUDED.raw_json, ingested_at = NOW()
            , parameters: (18765, 39, 2024, '{"player": {"id": 18765, "name": "Andr\\u00e9 Gomes", "firstname": "Andr\\u00e9 Filipe", "lastname": "Tavares Gomes", "age": 32, "birth": {"date": "1993-07-30", "place": "Grij\\u00f3", "country": "Portugal"}, "nationality": "Portugal", "height": "188", "weight": "84", "injured": false, "photo": "https://media.api-sports.io/football/players/18765.png"}, "statistics": [{"team": {"id": 45, "name": "Everton", "logo": "https://media.api-sports.io/football/teams/45.png"}, "league": {"id": 39, "name": "Premier League", "country": "England", "logo": "https://media.api-sports.io/football/leagues/39.png", "flag": "https://media.api-sports.io/flags/gb-eng.svg", "season": 2024}, "games": {"appearences": null, "lineups": null, "minutes": null, "number": null, "position": "Midfielder", "rating": null, "captain": false}, "substitutes": {"in": null, "out": null, "bench": null}, "shots": {"total": null, "on": null}, "goals": {"total": null, "conceded": null, "assists": null, "saves": null}, "passes": {"total": null, "key": null, "accuracy": null}, "tackles": {"total": null, "blocks": null, "interceptions": null}, "duels": {"total": null, "won": null}, "dribbles": {"attempts": null, "success": null, "past": null}, "fouls": {"drawn": null, "committed": null}, "cards": {"yellow": null, "yellowred": null, "red": null}, "penalty": {"won": null, "commited": null, "scored": null, "missed": null, "saved": null}}]}')
[2026-04-17T08:43:23.584+0000] {sql.py:459} INFO - Rows affected: 1
[2026-04-17T08:43:23.594+0000] {base.py:83} INFO - Using connection ID 'postgres_default' for task execution.
[2026-04-17T08:43:23.599+0000] {sql.py:450} INFO - Running statement: 
            INSERT INTO raw.players (player_id, league_id, season, raw_json)
            VALUES (%s, %s, %s, %s)
            ON CONFLICT (player_id, league_id, season)
            DO UPDATE SET raw_json = EXCLUDED.raw_json, ingested_at = NOW()
            , parameters: (18853, 39, 2024, '{"player": {"id": 18853, "name": "J. Riedewald", "firstname": "Ja\\u00efro Jocquim", "lastname": "Riedewald", "age": 29, "birth": {"date": "1996-09-09", "place": "Haarlem", "country": "Netherlands"}, "nationality": "Netherlands", "height": "182 cm", "weight": "79 kg", "injured": false, "photo": "https://media.api-sports.io/football/players/18853.png"}, "statistics": [{"team": {"id": 52, "name": "Crystal Palace", "logo": "https://media.api-sports.io/football/teams/52.png"}, "league": {"id": 39, "name": "Premier League", "country": "England", "logo": "https://media.api-sports.io/football/leagues/39.png", "flag": "https://media.api-sports.io/flags/gb-eng.svg", "season": 2024}, "games": {"appearences": null, "lineups": null, "minutes": null, "number": null, "position": "Midfielder", "rating": null, "captain": false}, "substitutes": {"in": null, "out": null, "bench": null}, "shots": {"total": null, "on": null}, "goals": {"total": null, "conceded": null, "assists": null, "saves": null}, "passes": {"total": null, "key": null, "accuracy": null}, "tackles": {"total": null, "blocks": null, "interceptions": null}, "duels": {"total": null, "won": null}, "dribbles": {"attempts": null, "success": null, "past": null}, "fouls": {"drawn": null, "committed": null}, "cards": {"yellow": null, "yellowred": null, "red": null}, "penalty": {"won": null, "commited": null, "scored": null, "missed": null, "saved": null}}]}')
[2026-04-17T08:43:23.601+0000] {sql.py:459} INFO - Rows affected: 1
[2026-04-17T08:43:23.610+0000] {base.py:83} INFO - Using connection ID 'postgres_default' for task execution.
[2026-04-17T08:43:23.615+0000] {sql.py:450} INFO - Running statement: 
            INSERT INTO raw.players (player_id, league_id, season, raw_json)
            VALUES (%s, %s, %s, %s)
            ON CONFLICT (player_id, league_id, season)
            DO UPDATE SET raw_json = EXCLUDED.raw_json, ingested_at = NOW()
            , parameters: (19073, 39, 2024, '{"player": {"id": 19073, "name": "B. Godfrey", "firstname": "Benjamin Matthew", "lastname": "Godfrey", "age": 27, "birth": {"date": "1998-01-15", "place": "York", "country": "England"}, "nationality": "England", "height": "184", "weight": "74", "injured": false, "photo": "https://media.api-sports.io/football/players/19073.png"}, "statistics": [{"team": {"id": 45, "name": "Everton", "logo": "https://media.api-sports.io/football/teams/45.png"}, "league": {"id": 39, "name": "Premier League", "country": "England", "logo": "https://media.api-sports.io/football/leagues/39.png", "flag": "https://media.api-sports.io/flags/gb-eng.svg", "season": 2024}, "games": {"appearences": null, "lineups": null, "minutes": null, "number": null, "position": "Defender", "rating": null, "captain": false}, "substitutes": {"in": null, "out": null, "bench": null}, "shots": {"total": null, "on": null}, "goals": {"total": null, "conceded": null, "assists": null, "saves": null}, "passes": {"total": null, "key": null, "accuracy": null}, "tackles": {"total": null, "blocks": null, "interceptions": null}, "duels": {"total": null, "won": null}, "dribbles": {"attempts": null, "success": null, "past": null}, "fouls": {"drawn": null, "committed": null}, "cards": {"yellow": null, "yellowred": null, "red": null}, "penalty": {"won": null, "commited": null, "scored": null, "missed": null, "saved": null}}, {"team": {"id": 57, "name": "Ipswich", "logo": "https://media.api-sports.io/football/teams/57.png"}, "league": {"id": 39, "name": "Premier League", "country": "England", "logo": "https://media.api-sports.io/football/leagues/39.png", "flag": "https://media.api-sports.io/flags/gb-eng.svg", "season": 2024}, "games": {"appearences": 11, "lineups": 7, "minutes": 159, "number": null, "position": "Defender", "rating": "6.100000", "captain": false}, "substitutes": {"in": 4, "out": null, "bench": null}, "shots": {"total": null, "on": null}, "goals": {"total": null, "conceded": 0, "assists": 0, "saves": null}, "passes": {"total": 50, "key": null, "accuracy": null}, "tackles": {"total": 1, "blocks": 1, "interceptions": 2}, "duels": {"total": 6, "won": 4}, "dribbles": {"attempts": null, "success": null, "past": null}, "fouls": {"drawn": null, "committed": 1}, "cards": {"yellow": 1, "yellowred": null, "red": 0}, "penalty": {"won": null, "commited": null, "scored": 0, "missed": 0, "saved": null}}]}')
[2026-04-17T08:43:23.617+0000] {sql.py:459} INFO - Rows affected: 1
[2026-04-17T08:43:23.627+0000] {base.py:83} INFO - Using connection ID 'postgres_default' for task execution.
[2026-04-17T08:43:23.633+0000] {sql.py:450} INFO - Running statement: 
            INSERT INTO raw.players (player_id, league_id, season, raw_json)
            VALUES (%s, %s, %s, %s)
            ON CONFLICT (player_id, league_id, season)
            DO UPDATE SET raw_json = EXCLUDED.raw_json, ingested_at = NOW()
            , parameters: (19145, 39, 2024, '{"player": {"id": 19145, "name": "T. Adarabioyo", "firstname": "Abdul-Nasir Oluwatosin", "lastname": "Oluwadoyinsolami Adarabioyo", "age": 28, "birth": {"date": "1997-09-24", "place": "Manchester", "country": "England"}, "nationality": "England", "height": "196", "weight": "80", "injured": false, "photo": "https://media.api-sports.io/football/players/19145.png"}, "statistics": [{"team": {"id": 36, "name": "Fulham", "logo": "https://media.api-sports.io/football/teams/36.png"}, "league": {"id": 39, "name": "Premier League", "country": "England", "logo": "https://media.api-sports.io/football/leagues/39.png", "flag": "https://media.api-sports.io/flags/gb-eng.svg", "season": 2024}, "games": {"appearences": null, "lineups": null, "minutes": null, "number": null, "position": "Defender", "rating": null, "captain": false}, "substitutes": {"in": null, "out": null, "bench": null}, "shots": {"total": null, "on": null}, "goals": {"total": null, "conceded": null, "assists": null, "saves": null}, "passes": {"total": null, "key": null, "accuracy": null}, "tackles": {"total": null, "blocks": null, "interceptions": null}, "duels": {"total": null, "won": null}, "dribbles": {"attempts": null, "success": null, "past": null}, "fouls": {"drawn": null, "committed": null}, "cards": {"yellow": null, "yellowred": null, "red": null}, "penalty": {"won": null, "commited": null, "scored": null, "missed": null, "saved": null}}, {"team": {"id": 49, "name": "Chelsea", "logo": "https://media.api-sports.io/football/teams/49.png"}, "league": {"id": 39, "name": "Premier League", "country": "England", "logo": "https://media.api-sports.io/football/leagues/39.png", "flag": "https://media.api-sports.io/flags/gb-eng.svg", "season": 2024}, "games": {"appearences": 22, "lineups": 15, "minutes": 1403, "number": null, "position": "Defender", "rating": "6.950000", "captain": false}, "substitutes": {"in": 7, "out": 2, "bench": 23}, "shots": {"total": 9, "on": 2}, "goals": {"total": 1, "conceded": 0, "assists": 1, "saves": null}, "passes": {"total": 1174, "key": 2, "accuracy": 51}, "tackles": {"total": 17, "blocks": 7, "interceptions": 11}, "duels": {"total": 113, "won": 72}, "dribbles": {"attempts": 5, "success": 4, "past": null}, "fouls": {"drawn": 9, "committed": 8}, "cards": {"yellow": 4, "yellowred": 0, "red": 0}, "penalty": {"won": null, "commited": null, "scored": 0, "missed": 0, "saved": null}}]}')
[2026-04-17T08:43:23.635+0000] {sql.py:459} INFO - Rows affected: 1
[2026-04-17T08:43:23.647+0000] {base.py:83} INFO - Using connection ID 'postgres_default' for task execution.
[2026-04-17T08:43:23.653+0000] {sql.py:450} INFO - Running statement: 
            INSERT INTO raw.players (player_id, league_id, season, raw_json)
            VALUES (%s, %s, %s, %s)
            ON CONFLICT (player_id, league_id, season)
            DO UPDATE SET raw_json = EXCLUDED.raw_json, ingested_at = NOW()
            , parameters: (19364, 39, 2024, '{"player": {"id": 19364, "name": "N. Maupay", "firstname": "Neal", "lastname": "Maupay", "age": 29, "birth": {"date": "1996-08-14", "place": "Versailles", "country": "France"}, "nationality": "France", "height": "173", "weight": "69", "injured": false, "photo": "https://media.api-sports.io/football/players/19364.png"}, "statistics": [{"team": {"id": 55, "name": "Brentford", "logo": "https://media.api-sports.io/football/teams/55.png"}, "league": {"id": 39, "name": "Premier League", "country": "England", "logo": "https://media.api-sports.io/football/leagues/39.png", "flag": "https://media.api-sports.io/flags/gb-eng.svg", "season": 2024}, "games": {"appearences": null, "lineups": null, "minutes": null, "number": null, "position": "Attacker", "rating": null, "captain": false}, "substitutes": {"in": null, "out": null, "bench": null}, "shots": {"total": null, "on": null}, "goals": {"total": null, "conceded": null, "assists": null, "saves": null}, "passes": {"total": null, "key": null, "accuracy": null}, "tackles": {"total": null, "blocks": null, "interceptions": null}, "duels": {"total": null, "won": null}, "dribbles": {"attempts": null, "success": null, "past": null}, "fouls": {"drawn": null, "committed": null}, "cards": {"yellow": null, "yellowred": null, "red": null}, "penalty": {"won": null, "commited": null, "scored": null, "missed": null, "saved": null}}, {"team": {"id": 45, "name": "Everton", "logo": "https://media.api-sports.io/football/teams/45.png"}, "league": {"id": 39, "name": "Premier League", "country": "England", "logo": "https://media.api-sports.io/football/leagues/39.png", "flag": "https://media.api-sports.io/flags/gb-eng.svg", "season": 2024}, "games": {"appearences": 0, "lineups": 0, "minutes": 0, "number": null, "position": "Attacker", "rating": null, "captain": false}, "substitutes": {"in": 0, "out": 0, "bench": 2}, "shots": {"total": null, "on": null}, "goals": {"total": 0, "conceded": 0, "assists": null, "saves": null}, "passes": {"total": null, "key": null, "accuracy": null}, "tackles": {"total": null, "blocks": null, "interceptions": null}, "duels": {"total": null, "won": null}, "dribbles": {"attempts": null, "success": null, "past": null}, "fouls": {"drawn": null, "committed": null}, "cards": {"yellow": 0, "yellowred": 0, "red": 0}, "penalty": {"won": null, "commited": null, "scored": 0, "missed": 0, "saved": null}}]}')
[2026-04-17T08:43:23.655+0000] {sql.py:459} INFO - Rows affected: 1
[2026-04-17T08:43:23.665+0000] {base.py:83} INFO - Using connection ID 'postgres_default' for task execution.
[2026-04-17T08:43:23.670+0000] {sql.py:450} INFO - Running statement: 
            INSERT INTO raw.players (player_id, league_id, season, raw_json)
            VALUES (%s, %s, %s, %s)
            ON CONFLICT (player_id, league_id, season)
            DO UPDATE SET raw_json = EXCLUDED.raw_json, ingested_at = NOW()
            , parameters: (19657, 39, 2024, '{"player": {"id": 19657, "name": "M. Rod\\u00e1k", "firstname": "Marek", "lastname": "Rod\\u00e1k", "age": 29, "birth": {"date": "1996-12-13", "place": "Ko\\u0161ice", "country": "Slovakia"}, "nationality": "Slovakia", "height": "194", "weight": "81", "injured": false, "photo": "https://media.api-sports.io/football/players/19657.png"}, "statistics": [{"team": {"id": 36, "name": "Fulham", "logo": "https://media.api-sports.io/football/teams/36.png"}, "league": {"id": 39, "name": "Premier League", "country": "England", "logo": "https://media.api-sports.io/football/leagues/39.png", "flag": "https://media.api-sports.io/flags/gb-eng.svg", "season": 2024}, "games": {"appearences": null, "lineups": null, "minutes": null, "number": null, "position": "Goalkeeper", "rating": null, "captain": false}, "substitutes": {"in": null, "out": null, "bench": null}, "shots": {"total": null, "on": null}, "goals": {"total": null, "conceded": null, "assists": null, "saves": null}, "passes": {"total": null, "key": null, "accuracy": null}, "tackles": {"total": null, "blocks": null, "interceptions": null}, "duels": {"total": null, "won": null}, "dribbles": {"attempts": null, "success": null, "past": null}, "fouls": {"drawn": null, "committed": null}, "cards": {"yellow": null, "yellowred": null, "red": null}, "penalty": {"won": null, "commited": null, "scored": null, "missed": null, "saved": null}}]}')
[2026-04-17T08:43:23.672+0000] {sql.py:459} INFO - Rows affected: 1
[2026-04-17T08:43:23.683+0000] {base.py:83} INFO - Using connection ID 'postgres_default' for task execution.
[2026-04-17T08:43:23.688+0000] {sql.py:450} INFO - Running statement: 
            INSERT INTO raw.players (player_id, league_id, season, raw_json)
            VALUES (%s, %s, %s, %s)
            ON CONFLICT (player_id, league_id, season)
            DO UPDATE SET raw_json = EXCLUDED.raw_json, ingested_at = NOW()
            , parameters: (19744, 39, 2024, '{"player": {"id": 19744, "name": "K. Jackson", "firstname": "Kayden Pastel Dunn", "lastname": "Jackson", "age": 31, "birth": {"date": "1994-02-22", "place": "Bradford", "country": "England"}, "nationality": "England", "height": "181", "weight": "73", "injured": false, "photo": "https://media.api-sports.io/football/players/19744.png"}, "statistics": [{"team": {"id": 57, "name": "Ipswich", "logo": "https://media.api-sports.io/football/teams/57.png"}, "league": {"id": 39, "name": "Premier League", "country": "England", "logo": "https://media.api-sports.io/football/leagues/39.png", "flag": "https://media.api-sports.io/flags/gb-eng.svg", "season": 2024}, "games": {"appearences": null, "lineups": null, "minutes": null, "number": null, "position": "Attacker", "rating": null, "captain": false}, "substitutes": {"in": null, "out": null, "bench": null}, "shots": {"total": null, "on": null}, "goals": {"total": null, "conceded": null, "assists": null, "saves": null}, "passes": {"total": null, "key": null, "accuracy": null}, "tackles": {"total": null, "blocks": null, "interceptions": null}, "duels": {"total": null, "won": null}, "dribbles": {"attempts": null, "success": null, "past": null}, "fouls": {"drawn": null, "committed": null}, "cards": {"yellow": null, "yellowred": null, "red": null}, "penalty": {"won": null, "commited": null, "scored": null, "missed": null, "saved": null}}]}')
[2026-04-17T08:43:23.690+0000] {sql.py:459} INFO - Rows affected: 1
[2026-04-17T08:43:23.701+0000] {base.py:83} INFO - Using connection ID 'postgres_default' for task execution.
[2026-04-17T08:43:23.706+0000] {sql.py:450} INFO - Running statement: 
            INSERT INTO raw.players (player_id, league_id, season, raw_json)
            VALUES (%s, %s, %s, %s)
            ON CONFLICT (player_id, league_id, season)
            DO UPDATE SET raw_json = EXCLUDED.raw_json, ingested_at = NOW()
            , parameters: (20224, 39, 2024, '{"player": {"id": 20224, "name": "A. Lonergan", "firstname": "Andrew Michael", "lastname": "Lonergan", "age": 42, "birth": {"date": "1983-10-19", "place": "Preston", "country": "England"}, "nationality": "England", "height": "192", "weight": "87", "injured": false, "photo": "https://media.api-sports.io/football/players/20224.png"}, "statistics": [{"team": {"id": 45, "name": "Everton", "logo": "https://media.api-sports.io/football/teams/45.png"}, "league": {"id": 39, "name": "Premier League", "country": "England", "logo": "https://media.api-sports.io/football/leagues/39.png", "flag": "https://media.api-sports.io/flags/gb-eng.svg", "season": 2024}, "games": {"appearences": null, "lineups": null, "minutes": null, "number": null, "position": "Goalkeeper", "rating": null, "captain": false}, "substitutes": {"in": null, "out": null, "bench": null}, "shots": {"total": null, "on": null}, "goals": {"total": null, "conceded": null, "assists": null, "saves": null}, "passes": {"total": null, "key": null, "accuracy": null}, "tackles": {"total": null, "blocks": null, "interceptions": null}, "duels": {"total": null, "won": null}, "dribbles": {"attempts": null, "success": null, "past": null}, "fouls": {"drawn": null, "committed": null}, "cards": {"yellow": null, "yellowred": null, "red": null}, "penalty": {"won": null, "commited": null, "scored": null, "missed": null, "saved": null}}]}')
[2026-04-17T08:43:23.708+0000] {sql.py:459} INFO - Rows affected: 1
[2026-04-17T08:43:23.719+0000] {base.py:83} INFO - Using connection ID 'postgres_default' for task execution.
[2026-04-17T08:43:23.724+0000] {sql.py:450} INFO - Running statement: 
            INSERT INTO raw.players (player_id, league_id, season, raw_json)
            VALUES (%s, %s, %s, %s)
            ON CONFLICT (player_id, league_id, season)
            DO UPDATE SET raw_json = EXCLUDED.raw_json, ingested_at = NOW()
            , parameters: (44803, 39, 2024, '{"player": {"id": 44803, "name": "D. Ball", "firstname": "Dominic Martin", "lastname": "Ball", "age": 30, "birth": {"date": "1995-08-02", "place": "Welwyn Garden City", "country": "England"}, "nationality": "England", "height": "184", "weight": "75", "injured": false, "photo": "https://media.api-sports.io/football/players/44803.png"}, "statistics": [{"team": {"id": 57, "name": "Ipswich", "logo": "https://media.api-sports.io/football/teams/57.png"}, "league": {"id": 39, "name": "Premier League", "country": "England", "logo": "https://media.api-sports.io/football/leagues/39.png", "flag": "https://media.api-sports.io/flags/gb-eng.svg", "season": 2024}, "games": {"appearences": null, "lineups": null, "minutes": null, "number": null, "position": "Midfielder", "rating": null, "captain": false}, "substitutes": {"in": null, "out": null, "bench": null}, "shots": {"total": null, "on": null}, "goals": {"total": null, "conceded": null, "assists": null, "saves": null}, "passes": {"total": null, "key": null, "accuracy": null}, "tackles": {"total": null, "blocks": null, "interceptions": null}, "duels": {"total": null, "won": null}, "dribbles": {"attempts": null, "success": null, "past": null}, "fouls": {"drawn": null, "committed": null}, "cards": {"yellow": null, "yellowred": null, "red": null}, "penalty": {"won": null, "commited": null, "scored": null, "missed": null, "saved": null}}]}')
[2026-04-17T08:43:23.726+0000] {sql.py:459} INFO - Rows affected: 1
[2026-04-17T08:43:23.736+0000] {base.py:83} INFO - Using connection ID 'postgres_default' for task execution.
[2026-04-17T08:43:23.742+0000] {sql.py:450} INFO - Running statement: 
            INSERT INTO raw.players (player_id, league_id, season, raw_json)
            VALUES (%s, %s, %s, %s)
            ON CONFLICT (player_id, league_id, season)
            DO UPDATE SET raw_json = EXCLUDED.raw_json, ingested_at = NOW()
            , parameters: (127605, 39, 2024, '{"player": {"id": 127605, "name": "N. Ferguson", "firstname": "Nathan Kirk-Patrick", "lastname": "Ferguson", "age": 24, "birth": {"date": "2000-10-06", "place": null, "country": "England"}, "nationality": "England", "height": "178 cm", "weight": "74 kg", "injured": false, "photo": "https://media.api-sports.io/football/players/127605.png"}, "statistics": [{"team": {"id": 52, "name": "Crystal Palace", "logo": "https://media.api-sports.io/football/teams/52.png"}, "league": {"id": 39, "name": "Premier League", "country": "England", "logo": "https://media.api-sports.io/football/leagues/39.png", "flag": "https://media.api-sports.io/flags/gb-eng.svg", "season": 2024}, "games": {"appearences": null, "lineups": null, "minutes": null, "number": null, "position": "Defender", "rating": null, "captain": false}, "substitutes": {"in": null, "out": null, "bench": null}, "shots": {"total": null, "on": null}, "goals": {"total": null, "conceded": null, "assists": null, "saves": null}, "passes": {"total": null, "key": null, "accuracy": null}, "tackles": {"total": null, "blocks": null, "interceptions": null}, "duels": {"total": null, "won": null}, "dribbles": {"attempts": null, "success": null, "past": null}, "fouls": {"drawn": null, "committed": null}, "cards": {"yellow": null, "yellowred": null, "red": null}, "penalty": {"won": null, "commited": null, "scored": null, "missed": null, "saved": null}}]}')
[2026-04-17T08:43:23.744+0000] {sql.py:459} INFO - Rows affected: 1
[2026-04-17T08:43:23.755+0000] {base.py:83} INFO - Using connection ID 'postgres_default' for task execution.
[2026-04-17T08:43:23.761+0000] {sql.py:450} INFO - Running statement: 
            INSERT INTO raw.players (player_id, league_id, season, raw_json)
            VALUES (%s, %s, %s, %s)
            ON CONFLICT (player_id, league_id, season)
            DO UPDATE SET raw_json = EXCLUDED.raw_json, ingested_at = NOW()
            , parameters: (135775, 39, 2024, '{"player": {"id": 135775, "name": "Ansu Fati", "firstname": "Anssumane", "lastname": "Fati Vieira", "age": 23, "birth": {"date": "2002-10-31", "place": "Bissau", "country": "Guinea-Bissau"}, "nationality": "Spain", "height": "178", "weight": "66", "injured": false, "photo": "https://media.api-sports.io/football/players/135775.png"}, "statistics": [{"team": {"id": 51, "name": "Brighton", "logo": "https://media.api-sports.io/football/teams/51.png"}, "league": {"id": 39, "name": "Premier League", "country": "England", "logo": "https://media.api-sports.io/football/leagues/39.png", "flag": "https://media.api-sports.io/flags/gb-eng.svg", "season": 2024}, "games": {"appearences": null, "lineups": null, "minutes": null, "number": null, "position": "Attacker", "rating": null, "captain": false}, "substitutes": {"in": null, "out": null, "bench": null}, "shots": {"total": null, "on": null}, "goals": {"total": null, "conceded": null, "assists": null, "saves": null}, "passes": {"total": null, "key": null, "accuracy": null}, "tackles": {"total": null, "blocks": null, "interceptions": null}, "duels": {"total": null, "won": null}, "dribbles": {"attempts": null, "success": null, "past": null}, "fouls": {"drawn": null, "committed": null}, "cards": {"yellow": null, "yellowred": null, "red": null}, "penalty": {"won": null, "commited": null, "scored": null, "missed": null, "saved": null}}]}')
[2026-04-17T08:43:23.763+0000] {sql.py:459} INFO - Rows affected: 1
[2026-04-17T08:43:23.775+0000] {base.py:83} INFO - Using connection ID 'postgres_default' for task execution.
[2026-04-17T08:43:23.780+0000] {sql.py:450} INFO - Running statement: 
            INSERT INTO raw.players (player_id, league_id, season, raw_json)
            VALUES (%s, %s, %s, %s)
            ON CONFLICT (player_id, league_id, season)
            DO UPDATE SET raw_json = EXCLUDED.raw_json, ingested_at = NOW()
            , parameters: (138822, 39, 2024, '{"player": {"id": 138822, "name": "A. Broja", "firstname": "Armando", "lastname": "Broja", "age": 24, "birth": {"date": "2001-09-10", "place": "Slough", "country": "England"}, "nationality": "Albania", "height": "191", "weight": "83", "injured": false, "photo": "https://media.api-sports.io/football/players/138822.png"}, "statistics": [{"team": {"id": 36, "name": "Fulham", "logo": "https://media.api-sports.io/football/teams/36.png"}, "league": {"id": 39, "name": "Premier League", "country": "England", "logo": "https://media.api-sports.io/football/leagues/39.png", "flag": "https://media.api-sports.io/flags/gb-eng.svg", "season": 2024}, "games": {"appearences": null, "lineups": null, "minutes": null, "number": null, "position": "Attacker", "rating": null, "captain": false}, "substitutes": {"in": null, "out": null, "bench": null}, "shots": {"total": null, "on": null}, "goals": {"total": null, "conceded": null, "assists": null, "saves": null}, "passes": {"total": null, "key": null, "accuracy": null}, "tackles": {"total": null, "blocks": null, "interceptions": null}, "duels": {"total": null, "won": null}, "dribbles": {"attempts": null, "success": null, "past": null}, "fouls": {"drawn": null, "committed": null}, "cards": {"yellow": null, "yellowred": null, "red": null}, "penalty": {"won": null, "commited": null, "scored": null, "missed": null, "saved": null}}, {"team": {"id": 45, "name": "Everton", "logo": "https://media.api-sports.io/football/teams/45.png"}, "league": {"id": 39, "name": "Premier League", "country": "England", "logo": "https://media.api-sports.io/football/leagues/39.png", "flag": "https://media.api-sports.io/flags/gb-eng.svg", "season": 2024}, "games": {"appearences": 10, "lineups": 4, "minutes": 331, "number": null, "position": "Attacker", "rating": "6.570000", "captain": false}, "substitutes": {"in": 6, "out": 4, "bench": 9}, "shots": {"total": 4, "on": null}, "goals": {"total": 0, "conceded": 0, "assists": 0, "saves": null}, "passes": {"total": 71, "key": 4, "accuracy": null}, "tackles": {"total": 3, "blocks": null, "interceptions": 1}, "duels": {"total": 80, "won": 33}, "dribbles": {"attempts": 15, "success": 8, "past": null}, "fouls": {"drawn": 4, "committed": 6}, "cards": {"yellow": 1, "yellowred": 0, "red": 0}, "penalty": {"won": null, "commited": null, "scored": 0, "missed": 0, "saved": null}}, {"team": {"id": 49, "name": "Chelsea", "logo": "https://media.api-sports.io/football/teams/49.png"}, "league": {"id": 39, "name": "Premier League", "country": "England", "logo": "https://media.api-sports.io/football/leagues/39.png", "flag": "https://media.api-sports.io/flags/gb-eng.svg", "season": 2024}, "games": {"appearences": 0, "lineups": 0, "minutes": 0, "number": null, "position": "Attacker", "rating": "6.570000", "captain": false}, "substitutes": {"in": 0, "out": 0, "bench": 0}, "shots": {"total": 4, "on": null}, "goals": {"total": 0, "conceded": 0, "assists": 0, "saves": null}, "passes": {"total": 71, "key": 4, "accuracy": null}, "tackles": {"total": 3, "blocks": null, "interceptions": 1}, "duels": {"total": 80, "won": 33}, "dribbles": {"attempts": 15, "success": 8, "past": null}, "fouls": {"drawn": 4, "committed": 6}, "cards": {"yellow": 0, "yellowred": 0, "red": 0}, "penalty": {"won": null, "commited": null, "scored": 0, "missed": 0, "saved": null}}]}')
[2026-04-17T08:43:23.782+0000] {sql.py:459} INFO - Rows affected: 1
[2026-04-17T08:43:23.792+0000] {base.py:83} INFO - Using connection ID 'postgres_default' for task execution.
[2026-04-17T08:43:23.797+0000] {sql.py:450} INFO - Running statement: 
            INSERT INTO raw.players (player_id, league_id, season, raw_json)
            VALUES (%s, %s, %s, %s)
            ON CONFLICT (player_id, league_id, season)
            DO UPDATE SET raw_json = EXCLUDED.raw_json, ingested_at = NOW()
            , parameters: (153422, 39, 2024, '{"player": {"id": 153422, "name": "E. Brierley", "firstname": "Ethan Craig", "lastname": "Brierley", "age": 22, "birth": {"date": "2003-11-23", "place": "Rochdale", "country": "England"}, "nationality": "England", "height": "168 cm", "weight": null, "injured": false, "photo": "https://media.api-sports.io/football/players/153422.png"}, "statistics": [{"team": {"id": 55, "name": "Brentford", "logo": "https://media.api-sports.io/football/teams/55.png"}, "league": {"id": 39, "name": "Premier League", "country": "England", "logo": "https://media.api-sports.io/football/leagues/39.png", "flag": "https://media.api-sports.io/flags/gb-eng.svg", "season": 2024}, "games": {"appearences": null, "lineups": null, "minutes": null, "number": null, "position": "Midfielder", "rating": null, "captain": false}, "substitutes": {"in": null, "out": null, "bench": null}, "shots": {"total": null, "on": null}, "goals": {"total": null, "conceded": null, "assists": null, "saves": null}, "passes": {"total": null, "key": null, "accuracy": null}, "tackles": {"total": null, "blocks": null, "interceptions": null}, "duels": {"total": null, "won": null}, "dribbles": {"attempts": null, "success": null, "past": null}, "fouls": {"drawn": null, "committed": null}, "cards": {"yellow": null, "yellowred": null, "red": null}, "penalty": {"won": null, "commited": null, "scored": null, "missed": null, "saved": null}}]}')
[2026-04-17T08:43:23.799+0000] {sql.py:459} INFO - Rows affected: 1
[2026-04-17T08:43:23.810+0000] {base.py:83} INFO - Using connection ID 'postgres_default' for task execution.
[2026-04-17T08:43:23.815+0000] {sql.py:450} INFO - Running statement: 
            INSERT INTO raw.players (player_id, league_id, season, raw_json)
            VALUES (%s, %s, %s, %s)
            ON CONFLICT (player_id, league_id, season)
            DO UPDATE SET raw_json = EXCLUDED.raw_json, ingested_at = NOW()
            , parameters: (153425, 39, 2024, '{"player": {"id": 153425, "name": "L. Dobbin", "firstname": "Lewis Norman", "lastname": "Dobbin", "age": 22, "birth": {"date": "2003-01-03", "place": null, "country": "England"}, "nationality": "England", "height": "175", "weight": "71", "injured": false, "photo": "https://media.api-sports.io/football/players/153425.png"}, "statistics": [{"team": {"id": 45, "name": "Everton", "logo": "https://media.api-sports.io/football/teams/45.png"}, "league": {"id": 39, "name": "Premier League", "country": "England", "logo": "https://media.api-sports.io/football/leagues/39.png", "flag": "https://media.api-sports.io/flags/gb-eng.svg", "season": 2024}, "games": {"appearences": null, "lineups": null, "minutes": null, "number": null, "position": "Attacker", "rating": null, "captain": false}, "substitutes": {"in": null, "out": null, "bench": null}, "shots": {"total": null, "on": null}, "goals": {"total": null, "conceded": null, "assists": null, "saves": null}, "passes": {"total": null, "key": null, "accuracy": null}, "tackles": {"total": null, "blocks": null, "interceptions": null}, "duels": {"total": null, "won": null}, "dribbles": {"attempts": null, "success": null, "past": null}, "fouls": {"drawn": null, "committed": null}, "cards": {"yellow": null, "yellowred": null, "red": null}, "penalty": {"won": null, "commited": null, "scored": null, "missed": null, "saved": null}}, {"team": {"id": 66, "name": "Aston Villa", "logo": "https://media.api-sports.io/football/teams/66.png"}, "league": {"id": 39, "name": "Premier League", "country": "England", "logo": "https://media.api-sports.io/football/leagues/39.png", "flag": "https://media.api-sports.io/flags/gb-eng.svg", "season": 2024}, "games": {"appearences": null, "lineups": null, "minutes": null, "number": null, "position": "Attacker", "rating": null, "captain": false}, "substitutes": {"in": null, "out": null, "bench": null}, "shots": {"total": null, "on": null}, "goals": {"total": null, "conceded": null, "assists": null, "saves": null}, "passes": {"total": null, "key": null, "accuracy": null}, "tackles": {"total": null, "blocks": null, "interceptions": null}, "duels": {"total": null, "won": null}, "dribbles": {"attempts": null, "success": null, "past": null}, "fouls": {"drawn": null, "committed": null}, "cards": {"yellow": null, "yellowred": null, "red": null}, "penalty": {"won": null, "commited": null, "scored": null, "missed": null, "saved": null}}]}')
[2026-04-17T08:43:23.817+0000] {sql.py:459} INFO - Rows affected: 1
[2026-04-17T08:43:23.828+0000] {base.py:83} INFO - Using connection ID 'postgres_default' for task execution.
[2026-04-17T08:43:23.833+0000] {sql.py:450} INFO - Running statement: 
            INSERT INTO raw.players (player_id, league_id, season, raw_json)
            VALUES (%s, %s, %s, %s)
            ON CONFLICT (player_id, league_id, season)
            DO UPDATE SET raw_json = EXCLUDED.raw_json, ingested_at = NOW()
            , parameters: (284500, 39, 2024, '{"player": {"id": 284500, "name": "T. Iroegbunam", "firstname": "Timothy Emeka", "lastname": "Iroegbunam", "age": 22, "birth": {"date": "2003-06-30", "place": "Birmingham", "country": "England"}, "nationality": "England", "height": "183", "weight": "70", "injured": false, "photo": "https://media.api-sports.io/football/players/284500.png"}, "statistics": [{"team": {"id": 66, "name": "Aston Villa", "logo": "https://media.api-sports.io/football/teams/66.png"}, "league": {"id": 39, "name": "Premier League", "country": "England", "logo": "https://media.api-sports.io/football/leagues/39.png", "flag": "https://media.api-sports.io/flags/gb-eng.svg", "season": 2024}, "games": {"appearences": null, "lineups": null, "minutes": null, "number": null, "position": "Midfielder", "rating": null, "captain": false}, "substitutes": {"in": null, "out": null, "bench": null}, "shots": {"total": null, "on": null}, "goals": {"total": null, "conceded": null, "assists": null, "saves": null}, "passes": {"total": null, "key": null, "accuracy": null}, "tackles": {"total": null, "blocks": null, "interceptions": null}, "duels": {"total": null, "won": null}, "dribbles": {"attempts": null, "success": null, "past": null}, "fouls": {"drawn": null, "committed": null}, "cards": {"yellow": null, "yellowred": null, "red": null}, "penalty": {"won": null, "commited": null, "scored": null, "missed": null, "saved": null}}, {"team": {"id": 45, "name": "Everton", "logo": "https://media.api-sports.io/football/teams/45.png"}, "league": {"id": 39, "name": "Premier League", "country": "England", "logo": "https://media.api-sports.io/football/leagues/39.png", "flag": "https://media.api-sports.io/flags/gb-eng.svg", "season": 2024}, "games": {"appearences": 18, "lineups": 5, "minutes": 563, "number": null, "position": "Midfielder", "rating": "6.623529", "captain": false}, "substitutes": {"in": 13, "out": 2, "bench": 17}, "shots": {"total": 3, "on": null}, "goals": {"total": 0, "conceded": 0, "assists": 1, "saves": null}, "passes": {"total": 155, "key": 3, "accuracy": null}, "tackles": {"total": 29, "blocks": 4, "interceptions": 16}, "duels": {"total": 114, "won": 60}, "dribbles": {"attempts": 16, "success": 8, "past": null}, "fouls": {"drawn": 12, "committed": 15}, "cards": {"yellow": 4, "yellowred": 0, "red": 0}, "penalty": {"won": null, "commited": null, "scored": 0, "missed": 0, "saved": null}}]}')
[2026-04-17T08:43:23.835+0000] {sql.py:459} INFO - Rows affected: 1
[2026-04-17T08:43:23.846+0000] {base.py:83} INFO - Using connection ID 'postgres_default' for task execution.
[2026-04-17T08:43:23.850+0000] {sql.py:450} INFO - Running statement: 
            INSERT INTO raw.players (player_id, league_id, season, raw_json)
            VALUES (%s, %s, %s, %s)
            ON CONFLICT (player_id, league_id, season)
            DO UPDATE SET raw_json = EXCLUDED.raw_json, ingested_at = NOW()
            , parameters: (348263, 39, 2024, '{"player": {"id": 348263, "name": "C. Stewart", "firstname": "Cameron Jack", "lastname": "Stewart", "age": 22, "birth": {"date": "2003-02-20", "place": null, "country": "Northern Ireland"}, "nationality": "England", "height": "191 cm", "weight": null, "injured": false, "photo": "https://media.api-sports.io/football/players/348263.png"}, "statistics": [{"team": {"id": 57, "name": "Ipswich", "logo": "https://media.api-sports.io/football/teams/57.png"}, "league": {"id": 39, "name": "Premier League", "country": "England", "logo": "https://media.api-sports.io/football/leagues/39.png", "flag": "https://media.api-sports.io/flags/gb-eng.svg", "season": 2024}, "games": {"appearences": null, "lineups": null, "minutes": null, "number": null, "position": "Defender", "rating": null, "captain": false}, "substitutes": {"in": null, "out": null, "bench": null}, "shots": {"total": null, "on": null}, "goals": {"total": null, "conceded": null, "assists": null, "saves": null}, "passes": {"total": null, "key": null, "accuracy": null}, "tackles": {"total": null, "blocks": null, "interceptions": null}, "duels": {"total": null, "won": null}, "dribbles": {"attempts": null, "success": null, "past": null}, "fouls": {"drawn": null, "committed": null}, "cards": {"yellow": null, "yellowred": null, "red": null}, "penalty": {"won": null, "commited": null, "scored": null, "missed": null, "saved": null}}]}')
[2026-04-17T08:43:23.852+0000] {sql.py:459} INFO - Rows affected: 1
[2026-04-17T08:43:23.856+0000] {python.py:201} INFO - Done. Returned value was: None
[2026-04-17T08:43:23.870+0000] {taskinstance.py:1138} INFO - Marking task as SUCCESS. dag_id=ingest_football_data, task_id=ingest_players, execution_date=20260417T084322, start_date=20260417T084323, end_date=20260417T084323
[2026-04-17T08:43:23.920+0000] {local_task_job_runner.py:234} INFO - Task exited with return code 0
[2026-04-17T08:43:23.942+0000] {taskinstance.py:3280} INFO - 0 downstream tasks scheduled from follow-on schedule check
