[2026-05-01T11:28:44.814+0000] {taskinstance.py:1956} INFO - Dependencies all met for dep_context=non-requeueable deps ti=<TaskInstance: trigger_dbt_dag.dbt_run manual__2026-05-01T11:23:41.457683+00:00 [queued]>
[2026-05-01T11:28:44.825+0000] {taskinstance.py:1956} INFO - Dependencies all met for dep_context=requeueable deps ti=<TaskInstance: trigger_dbt_dag.dbt_run manual__2026-05-01T11:23:41.457683+00:00 [queued]>
[2026-05-01T11:28:44.825+0000] {taskinstance.py:2170} INFO - Starting attempt 2 of 2
[2026-05-01T11:28:44.841+0000] {taskinstance.py:2191} INFO - Executing <Task(BashOperator): dbt_run> on 2026-05-01 11:23:41.457683+00:00
[2026-05-01T11:28:44.848+0000] {standard_task_runner.py:60} INFO - Started process 738 to run task
[2026-05-01T11:28:44.852+0000] {standard_task_runner.py:87} INFO - Running: ['***', 'tasks', 'run', 'trigger_dbt_dag', 'dbt_run', 'manual__2026-05-01T11:23:41.457683+00:00', '--job-id', '53', '--raw', '--subdir', 'DAGS_FOLDER/trigger_dbt_dag.py', '--cfg-path', '/tmp/tmpratwlkg9']
[2026-05-01T11:28:44.854+0000] {standard_task_runner.py:88} INFO - Job 53: Subtask dbt_run
[2026-05-01T11:28:44.873+0000] {logging_mixin.py:188} WARNING - /home/***/.local/lib/python3.8/site-packages/***/settings.py:194 DeprecationWarning: The sql_alchemy_conn option in [core] has been moved to the sql_alchemy_conn option in [database] - the old setting has been used, but please update your config.
[2026-05-01T11:28:44.922+0000] {task_command.py:423} INFO - Running <TaskInstance: trigger_dbt_dag.dbt_run manual__2026-05-01T11:23:41.457683+00:00 [running]> on host 79b6fce4aee0
[2026-05-01T11:28:45.019+0000] {taskinstance.py:2480} INFO - Exporting env vars: AIRFLOW_CTX_DAG_OWNER='***' AIRFLOW_CTX_DAG_ID='trigger_dbt_dag' AIRFLOW_CTX_TASK_ID='dbt_run' AIRFLOW_CTX_EXECUTION_DATE='2026-05-01T11:23:41.457683+00:00' AIRFLOW_CTX_TRY_NUMBER='2' AIRFLOW_CTX_DAG_RUN_ID='manual__2026-05-01T11:23:41.457683+00:00'
[2026-05-01T11:28:45.021+0000] {subprocess.py:63} INFO - Tmp dir root location: /tmp
[2026-05-01T11:28:45.022+0000] {subprocess.py:75} INFO - Running command: ['/usr/bin/bash', '-c', 'cd /opt/***/dbt && dbt run']
[2026-05-01T11:28:45.048+0000] {subprocess.py:86} INFO - Output:
[2026-05-01T11:28:46.419+0000] {subprocess.py:93} INFO - [0m11:28:46  Encountered an error:
[2026-05-01T11:28:46.420+0000] {subprocess.py:93} INFO - [Errno 13] Permission denied: '/opt/***/dbt/logs/dbt.log'
[2026-05-01T11:28:46.420+0000] {subprocess.py:93} INFO - [0m11:28:46  Traceback (most recent call last):
[2026-05-01T11:28:46.421+0000] {subprocess.py:93} INFO -   File "/home/***/.local/lib/python3.8/site-packages/dbt/cli/requires.py", line 138, in wrapper
[2026-05-01T11:28:46.421+0000] {subprocess.py:93} INFO -     result, success = func(*args, **kwargs)
[2026-05-01T11:28:46.421+0000] {subprocess.py:93} INFO -   File "/home/***/.local/lib/python3.8/site-packages/dbt/cli/requires.py", line 77, in wrapper
[2026-05-01T11:28:46.421+0000] {subprocess.py:93} INFO -     setup_event_logger(flags=flags, callbacks=callbacks)
[2026-05-01T11:28:46.421+0000] {subprocess.py:93} INFO -   File "/home/***/.local/lib/python3.8/site-packages/dbt/events/logging.py", line 99, in setup_event_logger
[2026-05-01T11:28:46.421+0000] {subprocess.py:93} INFO -     add_logger_to_manager(
[2026-05-01T11:28:46.422+0000] {subprocess.py:93} INFO -   File "/home/***/.local/lib/python3.8/site-packages/dbt_common/events/event_manager_client.py", line 17, in add_logger_to_manager
[2026-05-01T11:28:46.422+0000] {subprocess.py:93} INFO -     _EVENT_MANAGER.add_logger(logger)
[2026-05-01T11:28:46.422+0000] {subprocess.py:93} INFO -   File "/home/***/.local/lib/python3.8/site-packages/dbt_common/events/event_manager.py", line 36, in add_logger
[2026-05-01T11:28:46.422+0000] {subprocess.py:93} INFO -     _JsonLogger(config) if config.line_format == LineFormat.Json else _TextLogger(config)
[2026-05-01T11:28:46.422+0000] {subprocess.py:93} INFO -   File "/home/***/.local/lib/python3.8/site-packages/dbt_common/events/logger.py", line 147, in __init__
[2026-05-01T11:28:46.422+0000] {subprocess.py:93} INFO -     super().__init__(config)
[2026-05-01T11:28:46.422+0000] {subprocess.py:93} INFO -   File "/home/***/.local/lib/python3.8/site-packages/dbt_common/events/logger.py", line 107, in __init__
[2026-05-01T11:28:46.423+0000] {subprocess.py:93} INFO -     file_handler = RotatingFileHandler(
[2026-05-01T11:28:46.423+0000] {subprocess.py:93} INFO -   File "/usr/local/lib/python3.8/logging/handlers.py", line 148, in __init__
[2026-05-01T11:28:46.423+0000] {subprocess.py:93} INFO -     BaseRotatingHandler.__init__(self, filename, mode, encoding, delay)
[2026-05-01T11:28:46.423+0000] {subprocess.py:93} INFO -   File "/usr/local/lib/python3.8/logging/handlers.py", line 55, in __init__
[2026-05-01T11:28:46.423+0000] {subprocess.py:93} INFO -     logging.FileHandler.__init__(self, filename, mode, encoding, delay)
[2026-05-01T11:28:46.423+0000] {subprocess.py:93} INFO -   File "/usr/local/lib/python3.8/logging/__init__.py", line 1147, in __init__
[2026-05-01T11:28:46.423+0000] {subprocess.py:93} INFO -     StreamHandler.__init__(self, self._open())
[2026-05-01T11:28:46.424+0000] {subprocess.py:93} INFO -   File "/usr/local/lib/python3.8/logging/__init__.py", line 1176, in _open
[2026-05-01T11:28:46.424+0000] {subprocess.py:93} INFO -     return open(self.baseFilename, self.mode, encoding=self.encoding)
[2026-05-01T11:28:46.424+0000] {subprocess.py:93} INFO - PermissionError: [Errno 13] Permission denied: '/opt/***/dbt/logs/dbt.log'
[2026-05-01T11:28:46.424+0000] {subprocess.py:93} INFO - 
[2026-05-01T11:28:46.557+0000] {subprocess.py:97} INFO - Command exited with return code 2
[2026-05-01T11:28:46.571+0000] {taskinstance.py:2698} ERROR - Task failed with exception
Traceback (most recent call last):
  File "/home/airflow/.local/lib/python3.8/site-packages/airflow/models/taskinstance.py", line 433, in _execute_task
    result = execute_callable(context=context, **execute_callable_kwargs)
  File "/home/airflow/.local/lib/python3.8/site-packages/airflow/operators/bash.py", line 212, in execute
    raise AirflowException(
airflow.exceptions.AirflowException: Bash command failed. The command returned a non-zero exit code 2.
[2026-05-01T11:28:46.576+0000] {taskinstance.py:1138} INFO - Marking task as FAILED. dag_id=trigger_dbt_dag, task_id=dbt_run, execution_date=20260501T112341, start_date=20260501T112844, end_date=20260501T112846
[2026-05-01T11:28:46.595+0000] {standard_task_runner.py:107} ERROR - Failed to execute job 53 for task dbt_run (Bash command failed. The command returned a non-zero exit code 2.; 738)
[2026-05-01T11:28:46.628+0000] {local_task_job_runner.py:234} INFO - Task exited with return code 1
[2026-05-01T11:28:46.657+0000] {taskinstance.py:3280} INFO - 0 downstream tasks scheduled from follow-on schedule check
