[2026-04-17T08:39:42.019+0000] {taskinstance.py:1956} INFO - Dependencies all met for dep_context=non-requeueable deps ti=<TaskInstance: ingest_football_data.ingest_players manual__2026-04-17T08:34:38.988270+00:00 [queued]>
[2026-04-17T08:39:42.030+0000] {taskinstance.py:1956} INFO - Dependencies all met for dep_context=requeueable deps ti=<TaskInstance: ingest_football_data.ingest_players manual__2026-04-17T08:34:38.988270+00:00 [queued]>
[2026-04-17T08:39:42.030+0000] {taskinstance.py:2170} INFO - Starting attempt 2 of 2
[2026-04-17T08:39:42.047+0000] {taskinstance.py:2191} INFO - Executing <Task(PythonOperator): ingest_players> on 2026-04-17 08:34:38.988270+00:00
[2026-04-17T08:39:42.057+0000] {standard_task_runner.py:60} INFO - Started process 381 to run task
[2026-04-17T08:39:42.062+0000] {standard_task_runner.py:87} INFO - Running: ['***', 'tasks', 'run', 'ingest_football_data', 'ingest_players', 'manual__2026-04-17T08:34:38.988270+00:00', '--job-id', '20', '--raw', '--subdir', 'DAGS_FOLDER/ingest_football_data.py', '--cfg-path', '/tmp/tmphasp0okh']
[2026-04-17T08:39:42.065+0000] {standard_task_runner.py:88} INFO - Job 20: Subtask ingest_players
[2026-04-17T08:39:42.086+0000] {logging_mixin.py:188} WARNING - /home/***/.local/lib/python3.8/site-packages/***/settings.py:194 DeprecationWarning: The sql_alchemy_conn option in [core] has been moved to the sql_alchemy_conn option in [database] - the old setting has been used, but please update your config.
[2026-04-17T08:39:42.133+0000] {task_command.py:423} INFO - Running <TaskInstance: ingest_football_data.ingest_players manual__2026-04-17T08:34:38.988270+00:00 [running]> on host bb60f31f47c1
[2026-04-17T08:39:42.242+0000] {taskinstance.py:2480} INFO - Exporting env vars: AIRFLOW_CTX_DAG_OWNER='***' AIRFLOW_CTX_DAG_ID='ingest_football_data' AIRFLOW_CTX_TASK_ID='ingest_players' AIRFLOW_CTX_EXECUTION_DATE='2026-04-17T08:34:38.988270+00:00' AIRFLOW_CTX_TRY_NUMBER='2' AIRFLOW_CTX_DAG_RUN_ID='manual__2026-04-17T08:34:38.988270+00:00'
[2026-04-17T08:39:42.443+0000] {base.py:83} INFO - Using connection ID 'postgres_default' for task execution.
[2026-04-17T08:39:42.445+0000] {taskinstance.py:2698} ERROR - Task failed with exception
Traceback (most recent call last):
  File "/home/airflow/.local/lib/python3.8/site-packages/airflow/models/taskinstance.py", line 433, in _execute_task
    result = execute_callable(context=context, **execute_callable_kwargs)
  File "/home/airflow/.local/lib/python3.8/site-packages/airflow/operators/python.py", line 199, in execute
    return_value = self.execute_callable()
  File "/home/airflow/.local/lib/python3.8/site-packages/airflow/operators/python.py", line 216, in execute_callable
    return self.python_callable(*self.op_args, **self.op_kwargs)
  File "/opt/airflow/dags/ingest_football_data.py", line 86, in ingest_players
    pg_hook.run(
  File "/home/airflow/.local/lib/python3.8/site-packages/airflow/providers/common/sql/hooks/sql.py", line 391, in run
    with closing(self.get_conn()) as conn:
  File "/home/airflow/.local/lib/python3.8/site-packages/airflow/providers/postgres/hooks/postgres.py", line 158, in get_conn
    self.conn = psycopg2.connect(**conn_args)
  File "/home/airflow/.local/lib/python3.8/site-packages/psycopg2/__init__.py", line 122, in connect
    conn = _connect(dsn, connection_factory=connection_factory, **kwasync)
psycopg2.OperationalError: connection to server on socket "/var/run/postgresql/.s.PGSQL.5432" failed: No such file or directory
	Is the server running locally and accepting connections on that socket?

[2026-04-17T08:39:42.457+0000] {taskinstance.py:1138} INFO - Marking task as FAILED. dag_id=ingest_football_data, task_id=ingest_players, execution_date=20260417T083438, start_date=20260417T083942, end_date=20260417T083942
[2026-04-17T08:39:42.472+0000] {standard_task_runner.py:107} ERROR - Failed to execute job 20 for task ingest_players (connection to server on socket "/var/run/postgresql/.s.PGSQL.5432" failed: No such file or directory
	Is the server running locally and accepting connections on that socket?
; 381)
[2026-04-17T08:39:42.513+0000] {local_task_job_runner.py:234} INFO - Task exited with return code 1
[2026-04-17T08:39:42.537+0000] {taskinstance.py:3280} INFO - 0 downstream tasks scheduled from follow-on schedule check
