[2026-05-01T11:34:47.903+0000] {taskinstance.py:1956} INFO - Dependencies all met for dep_context=non-requeueable deps ti=<TaskInstance: trigger_dbt_dag.dbt_run manual__2026-05-01T11:29:42.784145+00:00 [queued]>
[2026-05-01T11:34:47.915+0000] {taskinstance.py:1956} INFO - Dependencies all met for dep_context=requeueable deps ti=<TaskInstance: trigger_dbt_dag.dbt_run manual__2026-05-01T11:29:42.784145+00:00 [queued]>
[2026-05-01T11:34:47.915+0000] {taskinstance.py:2170} INFO - Starting attempt 2 of 2
[2026-05-01T11:34:47.937+0000] {taskinstance.py:2191} INFO - Executing <Task(BashOperator): dbt_run> on 2026-05-01 11:29:42.784145+00:00
[2026-05-01T11:34:47.947+0000] {standard_task_runner.py:60} INFO - Started process 885 to run task
[2026-05-01T11:34:47.952+0000] {standard_task_runner.py:87} INFO - Running: ['***', 'tasks', 'run', 'trigger_dbt_dag', 'dbt_run', 'manual__2026-05-01T11:29:42.784145+00:00', '--job-id', '55', '--raw', '--subdir', 'DAGS_FOLDER/trigger_dbt_dag.py', '--cfg-path', '/tmp/tmp790gmqkq']
[2026-05-01T11:34:47.954+0000] {standard_task_runner.py:88} INFO - Job 55: Subtask dbt_run
[2026-05-01T11:34:47.973+0000] {logging_mixin.py:188} WARNING - /home/***/.local/lib/python3.8/site-packages/***/settings.py:194 DeprecationWarning: The sql_alchemy_conn option in [core] has been moved to the sql_alchemy_conn option in [database] - the old setting has been used, but please update your config.
[2026-05-01T11:34:48.020+0000] {task_command.py:423} INFO - Running <TaskInstance: trigger_dbt_dag.dbt_run manual__2026-05-01T11:29:42.784145+00:00 [running]> on host 79b6fce4aee0
[2026-05-01T11:34:48.119+0000] {taskinstance.py:2480} INFO - Exporting env vars: AIRFLOW_CTX_DAG_OWNER='***' AIRFLOW_CTX_DAG_ID='trigger_dbt_dag' AIRFLOW_CTX_TASK_ID='dbt_run' AIRFLOW_CTX_EXECUTION_DATE='2026-05-01T11:29:42.784145+00:00' AIRFLOW_CTX_TRY_NUMBER='2' AIRFLOW_CTX_DAG_RUN_ID='manual__2026-05-01T11:29:42.784145+00:00'
[2026-05-01T11:34:48.120+0000] {subprocess.py:63} INFO - Tmp dir root location: /tmp
[2026-05-01T11:34:48.121+0000] {subprocess.py:75} INFO - Running command: ['/usr/bin/bash', '-c', 'cd /opt/***/dbt && dbt run']
[2026-05-01T11:34:48.137+0000] {subprocess.py:86} INFO - Output:
[2026-05-01T11:34:49.401+0000] {subprocess.py:93} INFO - [0m11:34:49  Running with dbt=1.8.7
[2026-05-01T11:34:49.554+0000] {subprocess.py:93} INFO - [0m11:34:49  Registered adapter: postgres=1.8.2
[2026-05-01T11:34:49.643+0000] {subprocess.py:93} INFO - [0m11:34:49  Unable to do partial parsing because of a version mismatch
[2026-05-01T11:34:50.380+0000] {subprocess.py:93} INFO - [0m11:34:50  [[33mWARNING[0m]: Deprecated functionality
[2026-05-01T11:34:50.380+0000] {subprocess.py:93} INFO - The `tests` config has been renamed to `data_tests`. Please see
[2026-05-01T11:34:50.381+0000] {subprocess.py:93} INFO - https://docs.getdbt.com/docs/build/data-tests#new-data_tests-syntax for more
[2026-05-01T11:34:50.381+0000] {subprocess.py:93} INFO - information.
[2026-05-01T11:34:50.623+0000] {subprocess.py:93} INFO - [0m11:34:50  Encountered an error:
[2026-05-01T11:34:50.623+0000] {subprocess.py:93} INFO - [Errno 13] Permission denied: '/opt/***/dbt/target/partial_parse.msgpack'
[2026-05-01T11:34:50.624+0000] {subprocess.py:93} INFO - [0m11:34:50  Traceback (most recent call last):
[2026-05-01T11:34:50.624+0000] {subprocess.py:93} INFO -   File "/home/***/.local/lib/python3.8/site-packages/dbt/cli/requires.py", line 138, in wrapper
[2026-05-01T11:34:50.624+0000] {subprocess.py:93} INFO -     result, success = func(*args, **kwargs)
[2026-05-01T11:34:50.625+0000] {subprocess.py:93} INFO -   File "/home/***/.local/lib/python3.8/site-packages/dbt/cli/requires.py", line 101, in wrapper
[2026-05-01T11:34:50.625+0000] {subprocess.py:93} INFO -     return func(*args, **kwargs)
[2026-05-01T11:34:50.625+0000] {subprocess.py:93} INFO -   File "/home/***/.local/lib/python3.8/site-packages/dbt/cli/requires.py", line 218, in wrapper
[2026-05-01T11:34:50.625+0000] {subprocess.py:93} INFO -     return func(*args, **kwargs)
[2026-05-01T11:34:50.625+0000] {subprocess.py:93} INFO -   File "/home/***/.local/lib/python3.8/site-packages/dbt/cli/requires.py", line 247, in wrapper
[2026-05-01T11:34:50.625+0000] {subprocess.py:93} INFO -     return func(*args, **kwargs)
[2026-05-01T11:34:50.626+0000] {subprocess.py:93} INFO -   File "/home/***/.local/lib/python3.8/site-packages/dbt/cli/requires.py", line 294, in wrapper
[2026-05-01T11:34:50.626+0000] {subprocess.py:93} INFO -     return func(*args, **kwargs)
[2026-05-01T11:34:50.626+0000] {subprocess.py:93} INFO -   File "/home/***/.local/lib/python3.8/site-packages/dbt/cli/requires.py", line 320, in wrapper
[2026-05-01T11:34:50.626+0000] {subprocess.py:93} INFO -     ctx.obj["manifest"] = parse_manifest(
[2026-05-01T11:34:50.626+0000] {subprocess.py:93} INFO -   File "/home/***/.local/lib/python3.8/site-packages/dbt/parser/manifest.py", line 1898, in parse_manifest
[2026-05-01T11:34:50.626+0000] {subprocess.py:93} INFO -     manifest = ManifestLoader.get_full_manifest(
[2026-05-01T11:34:50.627+0000] {subprocess.py:93} INFO -   File "/home/***/.local/lib/python3.8/site-packages/dbt/parser/manifest.py", line 330, in get_full_manifest
[2026-05-01T11:34:50.627+0000] {subprocess.py:93} INFO -     manifest = loader.load()
[2026-05-01T11:34:50.627+0000] {subprocess.py:93} INFO -   File "/home/***/.local/lib/python3.8/site-packages/dbt/parser/manifest.py", line 525, in load
[2026-05-01T11:34:50.627+0000] {subprocess.py:93} INFO -     self.write_manifest_for_partial_parse()
[2026-05-01T11:34:50.627+0000] {subprocess.py:93} INFO -   File "/home/***/.local/lib/python3.8/site-packages/dbt/parser/manifest.py", line 813, in write_manifest_for_partial_parse
[2026-05-01T11:34:50.627+0000] {subprocess.py:93} INFO -     with open(path, "wb") as fp:
[2026-05-01T11:34:50.628+0000] {subprocess.py:93} INFO - PermissionError: [Errno 13] Permission denied: '/opt/***/dbt/target/partial_parse.msgpack'
[2026-05-01T11:34:50.628+0000] {subprocess.py:93} INFO - 
[2026-05-01T11:34:51.686+0000] {subprocess.py:97} INFO - Command exited with return code 2
[2026-05-01T11:34:51.703+0000] {taskinstance.py:2698} ERROR - Task failed with exception
Traceback (most recent call last):
  File "/home/airflow/.local/lib/python3.8/site-packages/airflow/models/taskinstance.py", line 433, in _execute_task
    result = execute_callable(context=context, **execute_callable_kwargs)
  File "/home/airflow/.local/lib/python3.8/site-packages/airflow/operators/bash.py", line 212, in execute
    raise AirflowException(
airflow.exceptions.AirflowException: Bash command failed. The command returned a non-zero exit code 2.
[2026-05-01T11:34:51.707+0000] {taskinstance.py:1138} INFO - Marking task as FAILED. dag_id=trigger_dbt_dag, task_id=dbt_run, execution_date=20260501T112942, start_date=20260501T113447, end_date=20260501T113451
[2026-05-01T11:34:51.727+0000] {standard_task_runner.py:107} ERROR - Failed to execute job 55 for task dbt_run (Bash command failed. The command returned a non-zero exit code 2.; 885)
[2026-05-01T11:34:51.776+0000] {local_task_job_runner.py:234} INFO - Task exited with return code 1
[2026-05-01T11:34:51.804+0000] {taskinstance.py:3280} INFO - 0 downstream tasks scheduled from follow-on schedule check
