[2026-04-07T18:13:20.274+0000] {processor.py:161} INFO - Started process (PID=1331) to work on /opt/airflow/dags/ingest_football_data.py
[2026-04-07T18:13:20.276+0000] {processor.py:830} INFO - Processing file /opt/airflow/dags/ingest_football_data.py for tasks to queue
[2026-04-07T18:13:20.277+0000] {logging_mixin.py:188} INFO - [2026-04-07T18:13:20.277+0000] {dagbag.py:538} INFO - Filling up the DagBag from /opt/airflow/dags/ingest_football_data.py
[2026-04-07T18:13:20.296+0000] {processor.py:840} INFO - DAG(s) 'ingest_football_data' retrieved from /opt/airflow/dags/ingest_football_data.py
[2026-04-07T18:13:20.338+0000] {logging_mixin.py:188} INFO - [2026-04-07T18:13:20.338+0000] {dag.py:3036} INFO - Sync 1 DAGs
[2026-04-07T18:13:20.364+0000] {logging_mixin.py:188} INFO - [2026-04-07T18:13:20.363+0000] {dag.py:3823} INFO - Setting next_dagrun for ingest_football_data to 2026-03-29 00:00:00+00:00, run_after=2026-04-05 00:00:00+00:00
[2026-04-07T18:13:20.385+0000] {processor.py:183} INFO - Processing /opt/airflow/dags/ingest_football_data.py took 0.115 seconds
[2026-04-07T18:13:50.451+0000] {processor.py:161} INFO - Started process (PID=1344) to work on /opt/airflow/dags/ingest_football_data.py
[2026-04-07T18:13:50.452+0000] {processor.py:830} INFO - Processing file /opt/airflow/dags/ingest_football_data.py for tasks to queue
[2026-04-07T18:13:50.454+0000] {logging_mixin.py:188} INFO - [2026-04-07T18:13:50.453+0000] {dagbag.py:538} INFO - Filling up the DagBag from /opt/airflow/dags/ingest_football_data.py
[2026-04-07T18:13:50.471+0000] {processor.py:840} INFO - DAG(s) 'ingest_football_data' retrieved from /opt/airflow/dags/ingest_football_data.py
[2026-04-07T18:13:50.501+0000] {logging_mixin.py:188} INFO - [2026-04-07T18:13:50.501+0000] {dag.py:3036} INFO - Sync 1 DAGs
[2026-04-07T18:13:50.524+0000] {logging_mixin.py:188} INFO - [2026-04-07T18:13:50.524+0000] {dag.py:3823} INFO - Setting next_dagrun for ingest_football_data to 2026-04-05 00:00:00+00:00, run_after=2026-04-12 00:00:00+00:00
[2026-04-07T18:13:50.545+0000] {processor.py:183} INFO - Processing /opt/airflow/dags/ingest_football_data.py took 0.099 seconds
[2026-04-07T18:14:20.722+0000] {processor.py:161} INFO - Started process (PID=1349) to work on /opt/airflow/dags/ingest_football_data.py
[2026-04-07T18:14:20.723+0000] {processor.py:830} INFO - Processing file /opt/airflow/dags/ingest_football_data.py for tasks to queue
[2026-04-07T18:14:20.725+0000] {logging_mixin.py:188} INFO - [2026-04-07T18:14:20.724+0000] {dagbag.py:538} INFO - Filling up the DagBag from /opt/airflow/dags/ingest_football_data.py
[2026-04-07T18:14:20.743+0000] {processor.py:840} INFO - DAG(s) 'ingest_football_data' retrieved from /opt/airflow/dags/ingest_football_data.py
[2026-04-07T18:14:20.779+0000] {logging_mixin.py:188} INFO - [2026-04-07T18:14:20.779+0000] {dag.py:3036} INFO - Sync 1 DAGs
[2026-04-07T18:14:20.805+0000] {logging_mixin.py:188} INFO - [2026-04-07T18:14:20.805+0000] {dag.py:3823} INFO - Setting next_dagrun for ingest_football_data to 2026-04-05 00:00:00+00:00, run_after=2026-04-12 00:00:00+00:00
[2026-04-07T18:14:20.832+0000] {processor.py:183} INFO - Processing /opt/airflow/dags/ingest_football_data.py took 0.114 seconds
[2026-04-07T18:14:50.894+0000] {processor.py:161} INFO - Started process (PID=1354) to work on /opt/airflow/dags/ingest_football_data.py
[2026-04-07T18:14:50.895+0000] {processor.py:830} INFO - Processing file /opt/airflow/dags/ingest_football_data.py for tasks to queue
[2026-04-07T18:14:50.896+0000] {logging_mixin.py:188} INFO - [2026-04-07T18:14:50.896+0000] {dagbag.py:538} INFO - Filling up the DagBag from /opt/airflow/dags/ingest_football_data.py
[2026-04-07T18:14:50.912+0000] {processor.py:840} INFO - DAG(s) 'ingest_football_data' retrieved from /opt/airflow/dags/ingest_football_data.py
[2026-04-07T18:14:50.946+0000] {logging_mixin.py:188} INFO - [2026-04-07T18:14:50.946+0000] {dag.py:3036} INFO - Sync 1 DAGs
[2026-04-07T18:14:50.971+0000] {logging_mixin.py:188} INFO - [2026-04-07T18:14:50.971+0000] {dag.py:3823} INFO - Setting next_dagrun for ingest_football_data to 2026-04-05 00:00:00+00:00, run_after=2026-04-12 00:00:00+00:00
[2026-04-07T18:14:50.994+0000] {processor.py:183} INFO - Processing /opt/airflow/dags/ingest_football_data.py took 0.104 seconds
[2026-04-07T18:15:21.161+0000] {processor.py:161} INFO - Started process (PID=1359) to work on /opt/airflow/dags/ingest_football_data.py
[2026-04-07T18:15:21.162+0000] {processor.py:830} INFO - Processing file /opt/airflow/dags/ingest_football_data.py for tasks to queue
[2026-04-07T18:15:21.163+0000] {logging_mixin.py:188} INFO - [2026-04-07T18:15:21.162+0000] {dagbag.py:538} INFO - Filling up the DagBag from /opt/airflow/dags/ingest_football_data.py
[2026-04-07T18:15:21.179+0000] {processor.py:840} INFO - DAG(s) 'ingest_football_data' retrieved from /opt/airflow/dags/ingest_football_data.py
[2026-04-07T18:15:21.215+0000] {logging_mixin.py:188} INFO - [2026-04-07T18:15:21.215+0000] {dag.py:3036} INFO - Sync 1 DAGs
[2026-04-07T18:15:21.239+0000] {logging_mixin.py:188} INFO - [2026-04-07T18:15:21.238+0000] {dag.py:3823} INFO - Setting next_dagrun for ingest_football_data to 2026-04-05 00:00:00+00:00, run_after=2026-04-12 00:00:00+00:00
[2026-04-07T18:15:21.261+0000] {processor.py:183} INFO - Processing /opt/airflow/dags/ingest_football_data.py took 0.103 seconds
[2026-04-07T18:15:51.322+0000] {processor.py:161} INFO - Started process (PID=1364) to work on /opt/airflow/dags/ingest_football_data.py
[2026-04-07T18:15:51.323+0000] {processor.py:830} INFO - Processing file /opt/airflow/dags/ingest_football_data.py for tasks to queue
[2026-04-07T18:15:51.325+0000] {logging_mixin.py:188} INFO - [2026-04-07T18:15:51.324+0000] {dagbag.py:538} INFO - Filling up the DagBag from /opt/airflow/dags/ingest_football_data.py
[2026-04-07T18:15:51.341+0000] {processor.py:840} INFO - DAG(s) 'ingest_football_data' retrieved from /opt/airflow/dags/ingest_football_data.py
[2026-04-07T18:15:51.377+0000] {logging_mixin.py:188} INFO - [2026-04-07T18:15:51.377+0000] {dag.py:3036} INFO - Sync 1 DAGs
[2026-04-07T18:15:51.405+0000] {logging_mixin.py:188} INFO - [2026-04-07T18:15:51.404+0000] {dag.py:3823} INFO - Setting next_dagrun for ingest_football_data to 2026-04-05 00:00:00+00:00, run_after=2026-04-12 00:00:00+00:00
[2026-04-07T18:15:51.427+0000] {processor.py:183} INFO - Processing /opt/airflow/dags/ingest_football_data.py took 0.109 seconds
[2026-04-07T18:16:21.582+0000] {processor.py:161} INFO - Started process (PID=1369) to work on /opt/airflow/dags/ingest_football_data.py
[2026-04-07T18:16:21.583+0000] {processor.py:830} INFO - Processing file /opt/airflow/dags/ingest_football_data.py for tasks to queue
[2026-04-07T18:16:21.584+0000] {logging_mixin.py:188} INFO - [2026-04-07T18:16:21.584+0000] {dagbag.py:538} INFO - Filling up the DagBag from /opt/airflow/dags/ingest_football_data.py
[2026-04-07T18:16:21.600+0000] {processor.py:840} INFO - DAG(s) 'ingest_football_data' retrieved from /opt/airflow/dags/ingest_football_data.py
[2026-04-07T18:16:21.638+0000] {logging_mixin.py:188} INFO - [2026-04-07T18:16:21.637+0000] {dag.py:3036} INFO - Sync 1 DAGs
[2026-04-07T18:16:21.663+0000] {logging_mixin.py:188} INFO - [2026-04-07T18:16:21.663+0000] {dag.py:3823} INFO - Setting next_dagrun for ingest_football_data to 2026-04-05 00:00:00+00:00, run_after=2026-04-12 00:00:00+00:00
[2026-04-07T18:16:21.683+0000] {processor.py:183} INFO - Processing /opt/airflow/dags/ingest_football_data.py took 0.105 seconds
[2026-04-07T18:16:51.755+0000] {processor.py:161} INFO - Started process (PID=1374) to work on /opt/airflow/dags/ingest_football_data.py
[2026-04-07T18:16:51.757+0000] {processor.py:830} INFO - Processing file /opt/airflow/dags/ingest_football_data.py for tasks to queue
[2026-04-07T18:16:51.758+0000] {logging_mixin.py:188} INFO - [2026-04-07T18:16:51.757+0000] {dagbag.py:538} INFO - Filling up the DagBag from /opt/airflow/dags/ingest_football_data.py
[2026-04-07T18:16:51.773+0000] {processor.py:840} INFO - DAG(s) 'ingest_football_data' retrieved from /opt/airflow/dags/ingest_football_data.py
[2026-04-07T18:16:51.807+0000] {logging_mixin.py:188} INFO - [2026-04-07T18:16:51.806+0000] {dag.py:3036} INFO - Sync 1 DAGs
[2026-04-07T18:16:51.839+0000] {logging_mixin.py:188} INFO - [2026-04-07T18:16:51.839+0000] {dag.py:3823} INFO - Setting next_dagrun for ingest_football_data to 2026-04-05 00:00:00+00:00, run_after=2026-04-12 00:00:00+00:00
[2026-04-07T18:16:51.866+0000] {processor.py:183} INFO - Processing /opt/airflow/dags/ingest_football_data.py took 0.115 seconds
[2026-04-07T18:17:22.020+0000] {processor.py:161} INFO - Started process (PID=1379) to work on /opt/airflow/dags/ingest_football_data.py
[2026-04-07T18:17:22.023+0000] {processor.py:830} INFO - Processing file /opt/airflow/dags/ingest_football_data.py for tasks to queue
[2026-04-07T18:17:22.024+0000] {logging_mixin.py:188} INFO - [2026-04-07T18:17:22.023+0000] {dagbag.py:538} INFO - Filling up the DagBag from /opt/airflow/dags/ingest_football_data.py
[2026-04-07T18:17:22.038+0000] {processor.py:840} INFO - DAG(s) 'ingest_football_data' retrieved from /opt/airflow/dags/ingest_football_data.py
[2026-04-07T18:17:22.074+0000] {logging_mixin.py:188} INFO - [2026-04-07T18:17:22.074+0000] {dag.py:3036} INFO - Sync 1 DAGs
[2026-04-07T18:17:22.098+0000] {logging_mixin.py:188} INFO - [2026-04-07T18:17:22.098+0000] {dag.py:3823} INFO - Setting next_dagrun for ingest_football_data to 2026-04-05 00:00:00+00:00, run_after=2026-04-12 00:00:00+00:00
[2026-04-07T18:17:22.125+0000] {processor.py:183} INFO - Processing /opt/airflow/dags/ingest_football_data.py took 0.109 seconds
[2026-04-07T18:17:52.190+0000] {processor.py:161} INFO - Started process (PID=1384) to work on /opt/airflow/dags/ingest_football_data.py
[2026-04-07T18:17:52.191+0000] {processor.py:830} INFO - Processing file /opt/airflow/dags/ingest_football_data.py for tasks to queue
[2026-04-07T18:17:52.191+0000] {logging_mixin.py:188} INFO - [2026-04-07T18:17:52.191+0000] {dagbag.py:538} INFO - Filling up the DagBag from /opt/airflow/dags/ingest_football_data.py
[2026-04-07T18:17:52.203+0000] {processor.py:840} INFO - DAG(s) 'ingest_football_data' retrieved from /opt/airflow/dags/ingest_football_data.py
[2026-04-07T18:17:52.235+0000] {logging_mixin.py:188} INFO - [2026-04-07T18:17:52.234+0000] {dag.py:3036} INFO - Sync 1 DAGs
[2026-04-07T18:17:52.258+0000] {logging_mixin.py:188} INFO - [2026-04-07T18:17:52.258+0000] {dag.py:3823} INFO - Setting next_dagrun for ingest_football_data to 2026-04-05 00:00:00+00:00, run_after=2026-04-12 00:00:00+00:00
[2026-04-07T18:17:52.282+0000] {processor.py:183} INFO - Processing /opt/airflow/dags/ingest_football_data.py took 0.095 seconds
[2026-04-07T18:18:22.471+0000] {processor.py:161} INFO - Started process (PID=1395) to work on /opt/airflow/dags/ingest_football_data.py
[2026-04-07T18:18:22.472+0000] {processor.py:830} INFO - Processing file /opt/airflow/dags/ingest_football_data.py for tasks to queue
[2026-04-07T18:18:22.474+0000] {logging_mixin.py:188} INFO - [2026-04-07T18:18:22.473+0000] {dagbag.py:538} INFO - Filling up the DagBag from /opt/airflow/dags/ingest_football_data.py
[2026-04-07T18:18:22.491+0000] {processor.py:840} INFO - DAG(s) 'ingest_football_data' retrieved from /opt/airflow/dags/ingest_football_data.py
[2026-04-07T18:18:22.527+0000] {logging_mixin.py:188} INFO - [2026-04-07T18:18:22.527+0000] {dag.py:3036} INFO - Sync 1 DAGs
[2026-04-07T18:18:22.552+0000] {logging_mixin.py:188} INFO - [2026-04-07T18:18:22.551+0000] {dag.py:3823} INFO - Setting next_dagrun for ingest_football_data to 2026-04-05 00:00:00+00:00, run_after=2026-04-12 00:00:00+00:00
[2026-04-07T18:18:22.569+0000] {processor.py:183} INFO - Processing /opt/airflow/dags/ingest_football_data.py took 0.102 seconds
[2026-04-07T18:18:52.638+0000] {processor.py:161} INFO - Started process (PID=1400) to work on /opt/airflow/dags/ingest_football_data.py
[2026-04-07T18:18:52.639+0000] {processor.py:830} INFO - Processing file /opt/airflow/dags/ingest_football_data.py for tasks to queue
[2026-04-07T18:18:52.640+0000] {logging_mixin.py:188} INFO - [2026-04-07T18:18:52.639+0000] {dagbag.py:538} INFO - Filling up the DagBag from /opt/airflow/dags/ingest_football_data.py
[2026-04-07T18:18:52.656+0000] {processor.py:840} INFO - DAG(s) 'ingest_football_data' retrieved from /opt/airflow/dags/ingest_football_data.py
[2026-04-07T18:18:52.696+0000] {logging_mixin.py:188} INFO - [2026-04-07T18:18:52.695+0000] {dag.py:3036} INFO - Sync 1 DAGs
[2026-04-07T18:18:52.727+0000] {logging_mixin.py:188} INFO - [2026-04-07T18:18:52.726+0000] {dag.py:3823} INFO - Setting next_dagrun for ingest_football_data to 2026-04-05 00:00:00+00:00, run_after=2026-04-12 00:00:00+00:00
[2026-04-07T18:18:52.755+0000] {processor.py:183} INFO - Processing /opt/airflow/dags/ingest_football_data.py took 0.121 seconds
[2026-04-07T18:19:22.898+0000] {processor.py:161} INFO - Started process (PID=1405) to work on /opt/airflow/dags/ingest_football_data.py
[2026-04-07T18:19:22.902+0000] {processor.py:830} INFO - Processing file /opt/airflow/dags/ingest_football_data.py for tasks to queue
[2026-04-07T18:19:22.903+0000] {logging_mixin.py:188} INFO - [2026-04-07T18:19:22.903+0000] {dagbag.py:538} INFO - Filling up the DagBag from /opt/airflow/dags/ingest_football_data.py
[2026-04-07T18:19:22.919+0000] {processor.py:840} INFO - DAG(s) 'ingest_football_data' retrieved from /opt/airflow/dags/ingest_football_data.py
[2026-04-07T18:19:22.956+0000] {logging_mixin.py:188} INFO - [2026-04-07T18:19:22.955+0000] {dag.py:3036} INFO - Sync 1 DAGs
[2026-04-07T18:19:22.987+0000] {logging_mixin.py:188} INFO - [2026-04-07T18:19:22.987+0000] {dag.py:3823} INFO - Setting next_dagrun for ingest_football_data to 2026-04-05 00:00:00+00:00, run_after=2026-04-12 00:00:00+00:00
[2026-04-07T18:19:23.014+0000] {processor.py:183} INFO - Processing /opt/airflow/dags/ingest_football_data.py took 0.120 seconds
[2026-04-07T18:19:53.084+0000] {processor.py:161} INFO - Started process (PID=1410) to work on /opt/airflow/dags/ingest_football_data.py
[2026-04-07T18:19:53.085+0000] {processor.py:830} INFO - Processing file /opt/airflow/dags/ingest_football_data.py for tasks to queue
[2026-04-07T18:19:53.086+0000] {logging_mixin.py:188} INFO - [2026-04-07T18:19:53.085+0000] {dagbag.py:538} INFO - Filling up the DagBag from /opt/airflow/dags/ingest_football_data.py
[2026-04-07T18:19:53.103+0000] {processor.py:840} INFO - DAG(s) 'ingest_football_data' retrieved from /opt/airflow/dags/ingest_football_data.py
[2026-04-07T18:19:53.140+0000] {logging_mixin.py:188} INFO - [2026-04-07T18:19:53.139+0000] {dag.py:3036} INFO - Sync 1 DAGs
[2026-04-07T18:19:53.164+0000] {logging_mixin.py:188} INFO - [2026-04-07T18:19:53.164+0000] {dag.py:3823} INFO - Setting next_dagrun for ingest_football_data to 2026-04-05 00:00:00+00:00, run_after=2026-04-12 00:00:00+00:00
[2026-04-07T18:19:53.183+0000] {processor.py:183} INFO - Processing /opt/airflow/dags/ingest_football_data.py took 0.104 seconds
[2026-04-07T18:20:23.348+0000] {processor.py:161} INFO - Started process (PID=1415) to work on /opt/airflow/dags/ingest_football_data.py
[2026-04-07T18:20:23.349+0000] {processor.py:830} INFO - Processing file /opt/airflow/dags/ingest_football_data.py for tasks to queue
[2026-04-07T18:20:23.350+0000] {logging_mixin.py:188} INFO - [2026-04-07T18:20:23.350+0000] {dagbag.py:538} INFO - Filling up the DagBag from /opt/airflow/dags/ingest_football_data.py
[2026-04-07T18:20:23.368+0000] {processor.py:840} INFO - DAG(s) 'ingest_football_data' retrieved from /opt/airflow/dags/ingest_football_data.py
[2026-04-07T18:20:23.403+0000] {logging_mixin.py:188} INFO - [2026-04-07T18:20:23.403+0000] {dag.py:3036} INFO - Sync 1 DAGs
[2026-04-07T18:20:23.425+0000] {logging_mixin.py:188} INFO - [2026-04-07T18:20:23.425+0000] {dag.py:3823} INFO - Setting next_dagrun for ingest_football_data to 2026-04-05 00:00:00+00:00, run_after=2026-04-12 00:00:00+00:00
[2026-04-07T18:20:23.447+0000] {processor.py:183} INFO - Processing /opt/airflow/dags/ingest_football_data.py took 0.104 seconds
[2026-04-07T18:20:53.515+0000] {processor.py:161} INFO - Started process (PID=1420) to work on /opt/airflow/dags/ingest_football_data.py
[2026-04-07T18:20:53.516+0000] {processor.py:830} INFO - Processing file /opt/airflow/dags/ingest_football_data.py for tasks to queue
[2026-04-07T18:20:53.518+0000] {logging_mixin.py:188} INFO - [2026-04-07T18:20:53.517+0000] {dagbag.py:538} INFO - Filling up the DagBag from /opt/airflow/dags/ingest_football_data.py
[2026-04-07T18:20:53.535+0000] {processor.py:840} INFO - DAG(s) 'ingest_football_data' retrieved from /opt/airflow/dags/ingest_football_data.py
[2026-04-07T18:20:53.566+0000] {logging_mixin.py:188} INFO - [2026-04-07T18:20:53.566+0000] {dag.py:3036} INFO - Sync 1 DAGs
[2026-04-07T18:20:53.589+0000] {logging_mixin.py:188} INFO - [2026-04-07T18:20:53.589+0000] {dag.py:3823} INFO - Setting next_dagrun for ingest_football_data to 2026-04-05 00:00:00+00:00, run_after=2026-04-12 00:00:00+00:00
[2026-04-07T18:20:53.613+0000] {processor.py:183} INFO - Processing /opt/airflow/dags/ingest_football_data.py took 0.103 seconds
[2026-04-07T18:21:23.767+0000] {processor.py:161} INFO - Started process (PID=1425) to work on /opt/airflow/dags/ingest_football_data.py
[2026-04-07T18:21:23.770+0000] {processor.py:830} INFO - Processing file /opt/airflow/dags/ingest_football_data.py for tasks to queue
[2026-04-07T18:21:23.771+0000] {logging_mixin.py:188} INFO - [2026-04-07T18:21:23.771+0000] {dagbag.py:538} INFO - Filling up the DagBag from /opt/airflow/dags/ingest_football_data.py
[2026-04-07T18:21:23.787+0000] {processor.py:840} INFO - DAG(s) 'ingest_football_data' retrieved from /opt/airflow/dags/ingest_football_data.py
[2026-04-07T18:21:23.823+0000] {logging_mixin.py:188} INFO - [2026-04-07T18:21:23.823+0000] {dag.py:3036} INFO - Sync 1 DAGs
[2026-04-07T18:21:23.851+0000] {logging_mixin.py:188} INFO - [2026-04-07T18:21:23.850+0000] {dag.py:3823} INFO - Setting next_dagrun for ingest_football_data to 2026-04-05 00:00:00+00:00, run_after=2026-04-12 00:00:00+00:00
[2026-04-07T18:21:23.871+0000] {processor.py:183} INFO - Processing /opt/airflow/dags/ingest_football_data.py took 0.107 seconds
[2026-04-07T18:21:53.928+0000] {processor.py:161} INFO - Started process (PID=1430) to work on /opt/airflow/dags/ingest_football_data.py
[2026-04-07T18:21:53.929+0000] {processor.py:830} INFO - Processing file /opt/airflow/dags/ingest_football_data.py for tasks to queue
[2026-04-07T18:21:53.931+0000] {logging_mixin.py:188} INFO - [2026-04-07T18:21:53.930+0000] {dagbag.py:538} INFO - Filling up the DagBag from /opt/airflow/dags/ingest_football_data.py
[2026-04-07T18:21:53.946+0000] {processor.py:840} INFO - DAG(s) 'ingest_football_data' retrieved from /opt/airflow/dags/ingest_football_data.py
[2026-04-07T18:21:53.985+0000] {logging_mixin.py:188} INFO - [2026-04-07T18:21:53.984+0000] {dag.py:3036} INFO - Sync 1 DAGs
[2026-04-07T18:21:54.016+0000] {logging_mixin.py:188} INFO - [2026-04-07T18:21:54.015+0000] {dag.py:3823} INFO - Setting next_dagrun for ingest_football_data to 2026-04-05 00:00:00+00:00, run_after=2026-04-12 00:00:00+00:00
[2026-04-07T18:21:54.038+0000] {processor.py:183} INFO - Processing /opt/airflow/dags/ingest_football_data.py took 0.115 seconds
[2026-04-07T18:22:24.193+0000] {processor.py:161} INFO - Started process (PID=1435) to work on /opt/airflow/dags/ingest_football_data.py
[2026-04-07T18:22:24.196+0000] {processor.py:830} INFO - Processing file /opt/airflow/dags/ingest_football_data.py for tasks to queue
[2026-04-07T18:22:24.197+0000] {logging_mixin.py:188} INFO - [2026-04-07T18:22:24.197+0000] {dagbag.py:538} INFO - Filling up the DagBag from /opt/airflow/dags/ingest_football_data.py
[2026-04-07T18:22:24.212+0000] {processor.py:840} INFO - DAG(s) 'ingest_football_data' retrieved from /opt/airflow/dags/ingest_football_data.py
[2026-04-07T18:22:24.247+0000] {logging_mixin.py:188} INFO - [2026-04-07T18:22:24.247+0000] {dag.py:3036} INFO - Sync 1 DAGs
[2026-04-07T18:22:24.272+0000] {logging_mixin.py:188} INFO - [2026-04-07T18:22:24.272+0000] {dag.py:3823} INFO - Setting next_dagrun for ingest_football_data to 2026-04-05 00:00:00+00:00, run_after=2026-04-12 00:00:00+00:00
[2026-04-07T18:22:24.292+0000] {processor.py:183} INFO - Processing /opt/airflow/dags/ingest_football_data.py took 0.101 seconds
[2026-04-07T18:22:54.374+0000] {processor.py:161} INFO - Started process (PID=1440) to work on /opt/airflow/dags/ingest_football_data.py
[2026-04-07T18:22:54.375+0000] {processor.py:830} INFO - Processing file /opt/airflow/dags/ingest_football_data.py for tasks to queue
[2026-04-07T18:22:54.376+0000] {logging_mixin.py:188} INFO - [2026-04-07T18:22:54.375+0000] {dagbag.py:538} INFO - Filling up the DagBag from /opt/airflow/dags/ingest_football_data.py
[2026-04-07T18:22:54.391+0000] {processor.py:840} INFO - DAG(s) 'ingest_football_data' retrieved from /opt/airflow/dags/ingest_football_data.py
[2026-04-07T18:22:54.428+0000] {logging_mixin.py:188} INFO - [2026-04-07T18:22:54.428+0000] {dag.py:3036} INFO - Sync 1 DAGs
[2026-04-07T18:22:54.457+0000] {logging_mixin.py:188} INFO - [2026-04-07T18:22:54.457+0000] {dag.py:3823} INFO - Setting next_dagrun for ingest_football_data to 2026-04-05 00:00:00+00:00, run_after=2026-04-12 00:00:00+00:00
[2026-04-07T18:22:54.480+0000] {processor.py:183} INFO - Processing /opt/airflow/dags/ingest_football_data.py took 0.110 seconds
[2026-04-07T18:23:24.647+0000] {processor.py:161} INFO - Started process (PID=1445) to work on /opt/airflow/dags/ingest_football_data.py
[2026-04-07T18:23:24.650+0000] {processor.py:830} INFO - Processing file /opt/airflow/dags/ingest_football_data.py for tasks to queue
[2026-04-07T18:23:24.652+0000] {logging_mixin.py:188} INFO - [2026-04-07T18:23:24.651+0000] {dagbag.py:538} INFO - Filling up the DagBag from /opt/airflow/dags/ingest_football_data.py
[2026-04-07T18:23:24.670+0000] {processor.py:840} INFO - DAG(s) 'ingest_football_data' retrieved from /opt/airflow/dags/ingest_football_data.py
[2026-04-07T18:23:24.708+0000] {logging_mixin.py:188} INFO - [2026-04-07T18:23:24.707+0000] {dag.py:3036} INFO - Sync 1 DAGs
[2026-04-07T18:23:24.737+0000] {logging_mixin.py:188} INFO - [2026-04-07T18:23:24.737+0000] {dag.py:3823} INFO - Setting next_dagrun for ingest_football_data to 2026-04-05 00:00:00+00:00, run_after=2026-04-12 00:00:00+00:00
[2026-04-07T18:23:24.769+0000] {processor.py:183} INFO - Processing /opt/airflow/dags/ingest_football_data.py took 0.126 seconds
[2026-04-07T18:23:54.824+0000] {processor.py:161} INFO - Started process (PID=1450) to work on /opt/airflow/dags/ingest_football_data.py
[2026-04-07T18:23:54.825+0000] {processor.py:830} INFO - Processing file /opt/airflow/dags/ingest_football_data.py for tasks to queue
[2026-04-07T18:23:54.826+0000] {logging_mixin.py:188} INFO - [2026-04-07T18:23:54.826+0000] {dagbag.py:538} INFO - Filling up the DagBag from /opt/airflow/dags/ingest_football_data.py
[2026-04-07T18:23:54.844+0000] {processor.py:840} INFO - DAG(s) 'ingest_football_data' retrieved from /opt/airflow/dags/ingest_football_data.py
[2026-04-07T18:23:54.883+0000] {logging_mixin.py:188} INFO - [2026-04-07T18:23:54.883+0000] {dag.py:3036} INFO - Sync 1 DAGs
[2026-04-07T18:23:54.914+0000] {logging_mixin.py:188} INFO - [2026-04-07T18:23:54.914+0000] {dag.py:3823} INFO - Setting next_dagrun for ingest_football_data to 2026-04-05 00:00:00+00:00, run_after=2026-04-12 00:00:00+00:00
[2026-04-07T18:23:54.942+0000] {processor.py:183} INFO - Processing /opt/airflow/dags/ingest_football_data.py took 0.123 seconds
