[2026-04-17T08:26:37.748+0000] {taskinstance.py:1956} INFO - Dependencies all met for dep_context=non-requeueable deps ti=<TaskInstance: ingest_football_data.ingest_standings manual__2026-04-17T08:26:36.542695+00:00 [queued]>
[2026-04-17T08:26:37.757+0000] {taskinstance.py:1956} INFO - Dependencies all met for dep_context=requeueable deps ti=<TaskInstance: ingest_football_data.ingest_standings manual__2026-04-17T08:26:36.542695+00:00 [queued]>
[2026-04-17T08:26:37.757+0000] {taskinstance.py:2170} INFO - Starting attempt 1 of 2
[2026-04-17T08:26:37.771+0000] {taskinstance.py:2191} INFO - Executing <Task(PythonOperator): ingest_standings> on 2026-04-17 08:26:36.542695+00:00
[2026-04-17T08:26:37.780+0000] {standard_task_runner.py:60} INFO - Started process 218 to run task
[2026-04-17T08:26:37.785+0000] {standard_task_runner.py:87} INFO - Running: ['***', 'tasks', 'run', 'ingest_football_data', 'ingest_standings', 'manual__2026-04-17T08:26:36.542695+00:00', '--job-id', '4', '--raw', '--subdir', 'DAGS_FOLDER/ingest_football_data.py', '--cfg-path', '/tmp/tmprbvh3yv6']
[2026-04-17T08:26:37.788+0000] {standard_task_runner.py:88} INFO - Job 4: Subtask ingest_standings
[2026-04-17T08:26:37.808+0000] {logging_mixin.py:188} WARNING - /home/***/.local/lib/python3.8/site-packages/***/settings.py:194 DeprecationWarning: The sql_alchemy_conn option in [core] has been moved to the sql_alchemy_conn option in [database] - the old setting has been used, but please update your config.
[2026-04-17T08:26:37.846+0000] {task_command.py:423} INFO - Running <TaskInstance: ingest_football_data.ingest_standings manual__2026-04-17T08:26:36.542695+00:00 [running]> on host bb60f31f47c1
[2026-04-17T08:26:37.945+0000] {taskinstance.py:2480} INFO - Exporting env vars: AIRFLOW_CTX_DAG_OWNER='***' AIRFLOW_CTX_DAG_ID='ingest_football_data' AIRFLOW_CTX_TASK_ID='ingest_standings' AIRFLOW_CTX_EXECUTION_DATE='2026-04-17T08:26:36.542695+00:00' AIRFLOW_CTX_TRY_NUMBER='1' AIRFLOW_CTX_DAG_RUN_ID='manual__2026-04-17T08:26:36.542695+00:00'
[2026-04-17T08:26:37.958+0000] {taskinstance.py:2698} ERROR - Task failed with exception
Traceback (most recent call last):
  File "/home/airflow/.local/lib/python3.8/site-packages/airflow/models/taskinstance.py", line 433, in _execute_task
    result = execute_callable(context=context, **execute_callable_kwargs)
  File "/home/airflow/.local/lib/python3.8/site-packages/airflow/operators/python.py", line 199, in execute
    return_value = self.execute_callable()
  File "/home/airflow/.local/lib/python3.8/site-packages/airflow/operators/python.py", line 216, in execute_callable
    return self.python_callable(*self.op_args, **self.op_kwargs)
  File "/opt/airflow/dags/ingest_football_data.py", line 18, in ingest_standings
    api_key = Variable.get("API_KEY")
  File "/home/airflow/.local/lib/python3.8/site-packages/airflow/models/variable.py", line 143, in get
    raise KeyError(f"Variable {key} does not exist")
KeyError: 'Variable API_KEY does not exist'
[2026-04-17T08:26:37.968+0000] {taskinstance.py:1138} INFO - Marking task as UP_FOR_RETRY. dag_id=ingest_football_data, task_id=ingest_standings, execution_date=20260417T082636, start_date=20260417T082637, end_date=20260417T082637
[2026-04-17T08:26:37.984+0000] {standard_task_runner.py:107} ERROR - Failed to execute job 4 for task ingest_standings ('Variable API_KEY does not exist'; 218)
[2026-04-17T08:26:38.038+0000] {local_task_job_runner.py:234} INFO - Task exited with return code 1
[2026-04-17T08:26:38.060+0000] {taskinstance.py:3280} INFO - 0 downstream tasks scheduled from follow-on schedule check
