[2026-04-22T20:53:54.273+0000] {processor.py:161} INFO - Started process (PID=4653) to work on /opt/airflow/dags/ingest_football_data.py
[2026-04-22T20:53:54.274+0000] {processor.py:830} INFO - Processing file /opt/airflow/dags/ingest_football_data.py for tasks to queue
[2026-04-22T20:53:54.275+0000] {logging_mixin.py:188} INFO - [2026-04-22T20:53:54.275+0000] {dagbag.py:538} INFO - Filling up the DagBag from /opt/airflow/dags/ingest_football_data.py
[2026-04-22T20:53:54.294+0000] {processor.py:840} INFO - DAG(s) 'ingest_football_data' retrieved from /opt/airflow/dags/ingest_football_data.py
[2026-04-22T20:53:54.341+0000] {logging_mixin.py:188} INFO - [2026-04-22T20:53:54.340+0000] {dag.py:3036} INFO - Sync 1 DAGs
[2026-04-22T20:53:54.382+0000] {logging_mixin.py:188} INFO - [2026-04-22T20:53:54.381+0000] {dag.py:3823} INFO - Setting next_dagrun for ingest_football_data to 2026-04-19 00:00:00+00:00, run_after=2026-04-26 00:00:00+00:00
[2026-04-22T20:53:54.406+0000] {processor.py:183} INFO - Processing /opt/airflow/dags/ingest_football_data.py took 0.138 seconds
[2026-04-22T20:54:24.464+0000] {processor.py:161} INFO - Started process (PID=4660) to work on /opt/airflow/dags/ingest_football_data.py
[2026-04-22T20:54:24.465+0000] {processor.py:830} INFO - Processing file /opt/airflow/dags/ingest_football_data.py for tasks to queue
[2026-04-22T20:54:24.466+0000] {logging_mixin.py:188} INFO - [2026-04-22T20:54:24.466+0000] {dagbag.py:538} INFO - Filling up the DagBag from /opt/airflow/dags/ingest_football_data.py
[2026-04-22T20:54:24.486+0000] {processor.py:840} INFO - DAG(s) 'ingest_football_data' retrieved from /opt/airflow/dags/ingest_football_data.py
[2026-04-22T20:54:24.527+0000] {logging_mixin.py:188} INFO - [2026-04-22T20:54:24.526+0000] {dag.py:3036} INFO - Sync 1 DAGs
[2026-04-22T20:54:24.559+0000] {logging_mixin.py:188} INFO - [2026-04-22T20:54:24.558+0000] {dag.py:3823} INFO - Setting next_dagrun for ingest_football_data to 2026-04-19 00:00:00+00:00, run_after=2026-04-26 00:00:00+00:00
[2026-04-22T20:54:24.584+0000] {processor.py:183} INFO - Processing /opt/airflow/dags/ingest_football_data.py took 0.126 seconds
[2026-04-22T20:54:54.793+0000] {processor.py:161} INFO - Started process (PID=4665) to work on /opt/airflow/dags/ingest_football_data.py
[2026-04-22T20:54:54.796+0000] {processor.py:830} INFO - Processing file /opt/airflow/dags/ingest_football_data.py for tasks to queue
[2026-04-22T20:54:54.797+0000] {logging_mixin.py:188} INFO - [2026-04-22T20:54:54.797+0000] {dagbag.py:538} INFO - Filling up the DagBag from /opt/airflow/dags/ingest_football_data.py
[2026-04-22T20:54:54.816+0000] {processor.py:840} INFO - DAG(s) 'ingest_football_data' retrieved from /opt/airflow/dags/ingest_football_data.py
[2026-04-22T20:54:54.850+0000] {logging_mixin.py:188} INFO - [2026-04-22T20:54:54.850+0000] {dag.py:3036} INFO - Sync 1 DAGs
[2026-04-22T20:54:54.881+0000] {logging_mixin.py:188} INFO - [2026-04-22T20:54:54.881+0000] {dag.py:3823} INFO - Setting next_dagrun for ingest_football_data to 2026-04-19 00:00:00+00:00, run_after=2026-04-26 00:00:00+00:00
[2026-04-22T20:54:54.905+0000] {processor.py:183} INFO - Processing /opt/airflow/dags/ingest_football_data.py took 0.116 seconds
[2026-04-22T20:55:24.988+0000] {processor.py:161} INFO - Started process (PID=4670) to work on /opt/airflow/dags/ingest_football_data.py
[2026-04-22T20:55:24.990+0000] {processor.py:830} INFO - Processing file /opt/airflow/dags/ingest_football_data.py for tasks to queue
[2026-04-22T20:55:24.991+0000] {logging_mixin.py:188} INFO - [2026-04-22T20:55:24.990+0000] {dagbag.py:538} INFO - Filling up the DagBag from /opt/airflow/dags/ingest_football_data.py
[2026-04-22T20:55:25.010+0000] {processor.py:840} INFO - DAG(s) 'ingest_football_data' retrieved from /opt/airflow/dags/ingest_football_data.py
[2026-04-22T20:55:25.050+0000] {logging_mixin.py:188} INFO - [2026-04-22T20:55:25.050+0000] {dag.py:3036} INFO - Sync 1 DAGs
[2026-04-22T20:55:25.082+0000] {logging_mixin.py:188} INFO - [2026-04-22T20:55:25.082+0000] {dag.py:3823} INFO - Setting next_dagrun for ingest_football_data to 2026-04-19 00:00:00+00:00, run_after=2026-04-26 00:00:00+00:00
[2026-04-22T20:55:25.104+0000] {processor.py:183} INFO - Processing /opt/airflow/dags/ingest_football_data.py took 0.120 seconds
[2026-04-22T20:55:55.265+0000] {processor.py:161} INFO - Started process (PID=4675) to work on /opt/airflow/dags/ingest_football_data.py
[2026-04-22T20:55:55.268+0000] {processor.py:830} INFO - Processing file /opt/airflow/dags/ingest_football_data.py for tasks to queue
[2026-04-22T20:55:55.270+0000] {logging_mixin.py:188} INFO - [2026-04-22T20:55:55.269+0000] {dagbag.py:538} INFO - Filling up the DagBag from /opt/airflow/dags/ingest_football_data.py
[2026-04-22T20:55:55.290+0000] {processor.py:840} INFO - DAG(s) 'ingest_football_data' retrieved from /opt/airflow/dags/ingest_football_data.py
[2026-04-22T20:55:55.322+0000] {logging_mixin.py:188} INFO - [2026-04-22T20:55:55.322+0000] {dag.py:3036} INFO - Sync 1 DAGs
[2026-04-22T20:55:55.345+0000] {logging_mixin.py:188} INFO - [2026-04-22T20:55:55.344+0000] {dag.py:3823} INFO - Setting next_dagrun for ingest_football_data to 2026-04-19 00:00:00+00:00, run_after=2026-04-26 00:00:00+00:00
[2026-04-22T20:55:55.365+0000] {processor.py:183} INFO - Processing /opt/airflow/dags/ingest_football_data.py took 0.104 seconds
[2026-04-22T20:56:25.463+0000] {processor.py:161} INFO - Started process (PID=4680) to work on /opt/airflow/dags/ingest_football_data.py
[2026-04-22T20:56:25.464+0000] {processor.py:830} INFO - Processing file /opt/airflow/dags/ingest_football_data.py for tasks to queue
[2026-04-22T20:56:25.465+0000] {logging_mixin.py:188} INFO - [2026-04-22T20:56:25.465+0000] {dagbag.py:538} INFO - Filling up the DagBag from /opt/airflow/dags/ingest_football_data.py
[2026-04-22T20:56:25.485+0000] {processor.py:840} INFO - DAG(s) 'ingest_football_data' retrieved from /opt/airflow/dags/ingest_football_data.py
[2026-04-22T20:56:25.529+0000] {logging_mixin.py:188} INFO - [2026-04-22T20:56:25.529+0000] {dag.py:3036} INFO - Sync 1 DAGs
[2026-04-22T20:56:25.571+0000] {logging_mixin.py:188} INFO - [2026-04-22T20:56:25.571+0000] {dag.py:3823} INFO - Setting next_dagrun for ingest_football_data to 2026-04-19 00:00:00+00:00, run_after=2026-04-26 00:00:00+00:00
[2026-04-22T20:56:25.607+0000] {processor.py:183} INFO - Processing /opt/airflow/dags/ingest_football_data.py took 0.150 seconds
[2026-04-22T20:56:55.736+0000] {processor.py:161} INFO - Started process (PID=4685) to work on /opt/airflow/dags/ingest_football_data.py
[2026-04-22T20:56:55.738+0000] {processor.py:830} INFO - Processing file /opt/airflow/dags/ingest_football_data.py for tasks to queue
[2026-04-22T20:56:55.739+0000] {logging_mixin.py:188} INFO - [2026-04-22T20:56:55.738+0000] {dagbag.py:538} INFO - Filling up the DagBag from /opt/airflow/dags/ingest_football_data.py
[2026-04-22T20:56:55.757+0000] {processor.py:840} INFO - DAG(s) 'ingest_football_data' retrieved from /opt/airflow/dags/ingest_football_data.py
[2026-04-22T20:56:55.797+0000] {logging_mixin.py:188} INFO - [2026-04-22T20:56:55.797+0000] {dag.py:3036} INFO - Sync 1 DAGs
[2026-04-22T20:56:55.830+0000] {logging_mixin.py:188} INFO - [2026-04-22T20:56:55.829+0000] {dag.py:3823} INFO - Setting next_dagrun for ingest_football_data to 2026-04-19 00:00:00+00:00, run_after=2026-04-26 00:00:00+00:00
[2026-04-22T20:56:55.854+0000] {processor.py:183} INFO - Processing /opt/airflow/dags/ingest_football_data.py took 0.121 seconds
[2026-04-22T20:57:25.976+0000] {processor.py:161} INFO - Started process (PID=4690) to work on /opt/airflow/dags/ingest_football_data.py
[2026-04-22T20:57:25.978+0000] {processor.py:830} INFO - Processing file /opt/airflow/dags/ingest_football_data.py for tasks to queue
[2026-04-22T20:57:25.979+0000] {logging_mixin.py:188} INFO - [2026-04-22T20:57:25.978+0000] {dagbag.py:538} INFO - Filling up the DagBag from /opt/airflow/dags/ingest_football_data.py
[2026-04-22T20:57:26.000+0000] {processor.py:840} INFO - DAG(s) 'ingest_football_data' retrieved from /opt/airflow/dags/ingest_football_data.py
[2026-04-22T20:57:26.042+0000] {logging_mixin.py:188} INFO - [2026-04-22T20:57:26.041+0000] {dag.py:3036} INFO - Sync 1 DAGs
[2026-04-22T20:57:26.079+0000] {logging_mixin.py:188} INFO - [2026-04-22T20:57:26.078+0000] {dag.py:3823} INFO - Setting next_dagrun for ingest_football_data to 2026-04-19 00:00:00+00:00, run_after=2026-04-26 00:00:00+00:00
[2026-04-22T20:57:26.105+0000] {processor.py:183} INFO - Processing /opt/airflow/dags/ingest_football_data.py took 0.134 seconds
[2026-04-22T20:57:56.235+0000] {processor.py:161} INFO - Started process (PID=4695) to work on /opt/airflow/dags/ingest_football_data.py
[2026-04-22T20:57:56.238+0000] {processor.py:830} INFO - Processing file /opt/airflow/dags/ingest_football_data.py for tasks to queue
[2026-04-22T20:57:56.240+0000] {logging_mixin.py:188} INFO - [2026-04-22T20:57:56.239+0000] {dagbag.py:538} INFO - Filling up the DagBag from /opt/airflow/dags/ingest_football_data.py
[2026-04-22T20:57:56.260+0000] {processor.py:840} INFO - DAG(s) 'ingest_football_data' retrieved from /opt/airflow/dags/ingest_football_data.py
[2026-04-22T20:57:56.300+0000] {logging_mixin.py:188} INFO - [2026-04-22T20:57:56.300+0000] {dag.py:3036} INFO - Sync 1 DAGs
[2026-04-22T20:57:56.329+0000] {logging_mixin.py:188} INFO - [2026-04-22T20:57:56.329+0000] {dag.py:3823} INFO - Setting next_dagrun for ingest_football_data to 2026-04-19 00:00:00+00:00, run_after=2026-04-26 00:00:00+00:00
[2026-04-22T20:57:56.356+0000] {processor.py:183} INFO - Processing /opt/airflow/dags/ingest_football_data.py took 0.126 seconds
[2026-04-22T20:58:26.493+0000] {processor.py:161} INFO - Started process (PID=4700) to work on /opt/airflow/dags/ingest_football_data.py
[2026-04-22T20:58:26.494+0000] {processor.py:830} INFO - Processing file /opt/airflow/dags/ingest_football_data.py for tasks to queue
[2026-04-22T20:58:26.495+0000] {logging_mixin.py:188} INFO - [2026-04-22T20:58:26.495+0000] {dagbag.py:538} INFO - Filling up the DagBag from /opt/airflow/dags/ingest_football_data.py
[2026-04-22T20:58:26.518+0000] {processor.py:840} INFO - DAG(s) 'ingest_football_data' retrieved from /opt/airflow/dags/ingest_football_data.py
[2026-04-22T20:58:26.557+0000] {logging_mixin.py:188} INFO - [2026-04-22T20:58:26.556+0000] {dag.py:3036} INFO - Sync 1 DAGs
[2026-04-22T20:58:26.585+0000] {logging_mixin.py:188} INFO - [2026-04-22T20:58:26.585+0000] {dag.py:3823} INFO - Setting next_dagrun for ingest_football_data to 2026-04-19 00:00:00+00:00, run_after=2026-04-26 00:00:00+00:00
[2026-04-22T20:58:26.613+0000] {processor.py:183} INFO - Processing /opt/airflow/dags/ingest_football_data.py took 0.126 seconds
[2026-04-22T20:58:56.760+0000] {processor.py:161} INFO - Started process (PID=4705) to work on /opt/airflow/dags/ingest_football_data.py
[2026-04-22T20:58:56.762+0000] {processor.py:830} INFO - Processing file /opt/airflow/dags/ingest_football_data.py for tasks to queue
[2026-04-22T20:58:56.763+0000] {logging_mixin.py:188} INFO - [2026-04-22T20:58:56.763+0000] {dagbag.py:538} INFO - Filling up the DagBag from /opt/airflow/dags/ingest_football_data.py
[2026-04-22T20:58:56.781+0000] {processor.py:840} INFO - DAG(s) 'ingest_football_data' retrieved from /opt/airflow/dags/ingest_football_data.py
[2026-04-22T20:58:56.821+0000] {logging_mixin.py:188} INFO - [2026-04-22T20:58:56.820+0000] {dag.py:3036} INFO - Sync 1 DAGs
[2026-04-22T20:58:56.855+0000] {logging_mixin.py:188} INFO - [2026-04-22T20:58:56.854+0000] {dag.py:3823} INFO - Setting next_dagrun for ingest_football_data to 2026-04-19 00:00:00+00:00, run_after=2026-04-26 00:00:00+00:00
[2026-04-22T20:58:56.883+0000] {processor.py:183} INFO - Processing /opt/airflow/dags/ingest_football_data.py took 0.129 seconds
[2026-04-22T20:59:27.015+0000] {processor.py:161} INFO - Started process (PID=4710) to work on /opt/airflow/dags/ingest_football_data.py
[2026-04-22T20:59:27.016+0000] {processor.py:830} INFO - Processing file /opt/airflow/dags/ingest_football_data.py for tasks to queue
[2026-04-22T20:59:27.018+0000] {logging_mixin.py:188} INFO - [2026-04-22T20:59:27.017+0000] {dagbag.py:538} INFO - Filling up the DagBag from /opt/airflow/dags/ingest_football_data.py
[2026-04-22T20:59:27.049+0000] {processor.py:840} INFO - DAG(s) 'ingest_football_data' retrieved from /opt/airflow/dags/ingest_football_data.py
[2026-04-22T20:59:27.104+0000] {logging_mixin.py:188} INFO - [2026-04-22T20:59:27.104+0000] {dag.py:3036} INFO - Sync 1 DAGs
[2026-04-22T20:59:27.144+0000] {logging_mixin.py:188} INFO - [2026-04-22T20:59:27.144+0000] {dag.py:3823} INFO - Setting next_dagrun for ingest_football_data to 2026-04-19 00:00:00+00:00, run_after=2026-04-26 00:00:00+00:00
[2026-04-22T20:59:27.172+0000] {processor.py:183} INFO - Processing /opt/airflow/dags/ingest_football_data.py took 0.169 seconds
[2026-04-22T20:59:57.262+0000] {processor.py:161} INFO - Started process (PID=4715) to work on /opt/airflow/dags/ingest_football_data.py
[2026-04-22T20:59:57.263+0000] {processor.py:830} INFO - Processing file /opt/airflow/dags/ingest_football_data.py for tasks to queue
[2026-04-22T20:59:57.264+0000] {logging_mixin.py:188} INFO - [2026-04-22T20:59:57.264+0000] {dagbag.py:538} INFO - Filling up the DagBag from /opt/airflow/dags/ingest_football_data.py
[2026-04-22T20:59:57.281+0000] {processor.py:840} INFO - DAG(s) 'ingest_football_data' retrieved from /opt/airflow/dags/ingest_football_data.py
[2026-04-22T20:59:57.325+0000] {logging_mixin.py:188} INFO - [2026-04-22T20:59:57.324+0000] {dag.py:3036} INFO - Sync 1 DAGs
[2026-04-22T20:59:57.352+0000] {logging_mixin.py:188} INFO - [2026-04-22T20:59:57.351+0000] {dag.py:3823} INFO - Setting next_dagrun for ingest_football_data to 2026-04-19 00:00:00+00:00, run_after=2026-04-26 00:00:00+00:00
[2026-04-22T20:59:57.374+0000] {processor.py:183} INFO - Processing /opt/airflow/dags/ingest_football_data.py took 0.117 seconds
[2026-04-22T21:00:27.558+0000] {processor.py:161} INFO - Started process (PID=4720) to work on /opt/airflow/dags/ingest_football_data.py
[2026-04-22T21:00:27.560+0000] {processor.py:830} INFO - Processing file /opt/airflow/dags/ingest_football_data.py for tasks to queue
[2026-04-22T21:00:27.562+0000] {logging_mixin.py:188} INFO - [2026-04-22T21:00:27.561+0000] {dagbag.py:538} INFO - Filling up the DagBag from /opt/airflow/dags/ingest_football_data.py
[2026-04-22T21:00:27.583+0000] {processor.py:840} INFO - DAG(s) 'ingest_football_data' retrieved from /opt/airflow/dags/ingest_football_data.py
[2026-04-22T21:00:27.625+0000] {logging_mixin.py:188} INFO - [2026-04-22T21:00:27.625+0000] {dag.py:3036} INFO - Sync 1 DAGs
[2026-04-22T21:00:27.665+0000] {logging_mixin.py:188} INFO - [2026-04-22T21:00:27.665+0000] {dag.py:3823} INFO - Setting next_dagrun for ingest_football_data to 2026-04-19 00:00:00+00:00, run_after=2026-04-26 00:00:00+00:00
[2026-04-22T21:00:27.692+0000] {processor.py:183} INFO - Processing /opt/airflow/dags/ingest_football_data.py took 0.139 seconds
[2026-04-22T21:00:57.758+0000] {processor.py:161} INFO - Started process (PID=4725) to work on /opt/airflow/dags/ingest_football_data.py
[2026-04-22T21:00:57.759+0000] {processor.py:830} INFO - Processing file /opt/airflow/dags/ingest_football_data.py for tasks to queue
[2026-04-22T21:00:57.760+0000] {logging_mixin.py:188} INFO - [2026-04-22T21:00:57.760+0000] {dagbag.py:538} INFO - Filling up the DagBag from /opt/airflow/dags/ingest_football_data.py
[2026-04-22T21:00:57.778+0000] {processor.py:840} INFO - DAG(s) 'ingest_football_data' retrieved from /opt/airflow/dags/ingest_football_data.py
[2026-04-22T21:00:57.815+0000] {logging_mixin.py:188} INFO - [2026-04-22T21:00:57.814+0000] {dag.py:3036} INFO - Sync 1 DAGs
[2026-04-22T21:00:57.842+0000] {logging_mixin.py:188} INFO - [2026-04-22T21:00:57.842+0000] {dag.py:3823} INFO - Setting next_dagrun for ingest_football_data to 2026-04-19 00:00:00+00:00, run_after=2026-04-26 00:00:00+00:00
[2026-04-22T21:00:57.869+0000] {processor.py:183} INFO - Processing /opt/airflow/dags/ingest_football_data.py took 0.116 seconds
[2026-04-22T21:01:28.065+0000] {processor.py:161} INFO - Started process (PID=4730) to work on /opt/airflow/dags/ingest_football_data.py
[2026-04-22T21:01:28.066+0000] {processor.py:830} INFO - Processing file /opt/airflow/dags/ingest_football_data.py for tasks to queue
[2026-04-22T21:01:28.067+0000] {logging_mixin.py:188} INFO - [2026-04-22T21:01:28.067+0000] {dagbag.py:538} INFO - Filling up the DagBag from /opt/airflow/dags/ingest_football_data.py
[2026-04-22T21:01:28.090+0000] {processor.py:840} INFO - DAG(s) 'ingest_football_data' retrieved from /opt/airflow/dags/ingest_football_data.py
[2026-04-22T21:01:28.140+0000] {logging_mixin.py:188} INFO - [2026-04-22T21:01:28.139+0000] {dag.py:3036} INFO - Sync 1 DAGs
[2026-04-22T21:01:28.183+0000] {logging_mixin.py:188} INFO - [2026-04-22T21:01:28.182+0000] {dag.py:3823} INFO - Setting next_dagrun for ingest_football_data to 2026-04-19 00:00:00+00:00, run_after=2026-04-26 00:00:00+00:00
[2026-04-22T21:01:28.208+0000] {processor.py:183} INFO - Processing /opt/airflow/dags/ingest_football_data.py took 0.148 seconds
[2026-04-22T21:01:58.261+0000] {processor.py:161} INFO - Started process (PID=4735) to work on /opt/airflow/dags/ingest_football_data.py
[2026-04-22T21:01:58.262+0000] {processor.py:830} INFO - Processing file /opt/airflow/dags/ingest_football_data.py for tasks to queue
[2026-04-22T21:01:58.263+0000] {logging_mixin.py:188} INFO - [2026-04-22T21:01:58.263+0000] {dagbag.py:538} INFO - Filling up the DagBag from /opt/airflow/dags/ingest_football_data.py
[2026-04-22T21:01:58.282+0000] {processor.py:840} INFO - DAG(s) 'ingest_football_data' retrieved from /opt/airflow/dags/ingest_football_data.py
[2026-04-22T21:01:58.318+0000] {logging_mixin.py:188} INFO - [2026-04-22T21:01:58.317+0000] {dag.py:3036} INFO - Sync 1 DAGs
[2026-04-22T21:01:58.351+0000] {logging_mixin.py:188} INFO - [2026-04-22T21:01:58.350+0000] {dag.py:3823} INFO - Setting next_dagrun for ingest_football_data to 2026-04-19 00:00:00+00:00, run_after=2026-04-26 00:00:00+00:00
[2026-04-22T21:01:58.378+0000] {processor.py:183} INFO - Processing /opt/airflow/dags/ingest_football_data.py took 0.122 seconds
[2026-04-22T21:02:28.582+0000] {processor.py:161} INFO - Started process (PID=4740) to work on /opt/airflow/dags/ingest_football_data.py
[2026-04-22T21:02:28.585+0000] {processor.py:830} INFO - Processing file /opt/airflow/dags/ingest_football_data.py for tasks to queue
[2026-04-22T21:02:28.587+0000] {logging_mixin.py:188} INFO - [2026-04-22T21:02:28.586+0000] {dagbag.py:538} INFO - Filling up the DagBag from /opt/airflow/dags/ingest_football_data.py
[2026-04-22T21:02:28.603+0000] {processor.py:840} INFO - DAG(s) 'ingest_football_data' retrieved from /opt/airflow/dags/ingest_football_data.py
[2026-04-22T21:02:28.641+0000] {logging_mixin.py:188} INFO - [2026-04-22T21:02:28.641+0000] {dag.py:3036} INFO - Sync 1 DAGs
[2026-04-22T21:02:28.674+0000] {logging_mixin.py:188} INFO - [2026-04-22T21:02:28.673+0000] {dag.py:3823} INFO - Setting next_dagrun for ingest_football_data to 2026-04-19 00:00:00+00:00, run_after=2026-04-26 00:00:00+00:00
[2026-04-22T21:02:28.701+0000] {processor.py:183} INFO - Processing /opt/airflow/dags/ingest_football_data.py took 0.124 seconds
[2026-04-22T21:02:58.794+0000] {processor.py:161} INFO - Started process (PID=4745) to work on /opt/airflow/dags/ingest_football_data.py
[2026-04-22T21:02:58.795+0000] {processor.py:830} INFO - Processing file /opt/airflow/dags/ingest_football_data.py for tasks to queue
[2026-04-22T21:02:58.797+0000] {logging_mixin.py:188} INFO - [2026-04-22T21:02:58.796+0000] {dagbag.py:538} INFO - Filling up the DagBag from /opt/airflow/dags/ingest_football_data.py
[2026-04-22T21:02:58.828+0000] {processor.py:840} INFO - DAG(s) 'ingest_football_data' retrieved from /opt/airflow/dags/ingest_football_data.py
[2026-04-22T21:02:58.889+0000] {logging_mixin.py:188} INFO - [2026-04-22T21:02:58.889+0000] {dag.py:3036} INFO - Sync 1 DAGs
[2026-04-22T21:02:58.922+0000] {logging_mixin.py:188} INFO - [2026-04-22T21:02:58.921+0000] {dag.py:3823} INFO - Setting next_dagrun for ingest_football_data to 2026-04-19 00:00:00+00:00, run_after=2026-04-26 00:00:00+00:00
[2026-04-22T21:02:58.939+0000] {processor.py:183} INFO - Processing /opt/airflow/dags/ingest_football_data.py took 0.153 seconds
[2026-04-22T21:03:29.095+0000] {processor.py:161} INFO - Started process (PID=4750) to work on /opt/airflow/dags/ingest_football_data.py
[2026-04-22T21:03:29.098+0000] {processor.py:830} INFO - Processing file /opt/airflow/dags/ingest_football_data.py for tasks to queue
[2026-04-22T21:03:29.100+0000] {logging_mixin.py:188} INFO - [2026-04-22T21:03:29.099+0000] {dagbag.py:538} INFO - Filling up the DagBag from /opt/airflow/dags/ingest_football_data.py
[2026-04-22T21:03:29.117+0000] {processor.py:840} INFO - DAG(s) 'ingest_football_data' retrieved from /opt/airflow/dags/ingest_football_data.py
[2026-04-22T21:03:29.161+0000] {logging_mixin.py:188} INFO - [2026-04-22T21:03:29.160+0000] {dag.py:3036} INFO - Sync 1 DAGs
[2026-04-22T21:03:29.189+0000] {logging_mixin.py:188} INFO - [2026-04-22T21:03:29.188+0000] {dag.py:3823} INFO - Setting next_dagrun for ingest_football_data to 2026-04-19 00:00:00+00:00, run_after=2026-04-26 00:00:00+00:00
[2026-04-22T21:03:29.210+0000] {processor.py:183} INFO - Processing /opt/airflow/dags/ingest_football_data.py took 0.120 seconds
[2026-04-22T21:03:59.331+0000] {processor.py:161} INFO - Started process (PID=4755) to work on /opt/airflow/dags/ingest_football_data.py
[2026-04-22T21:03:59.332+0000] {processor.py:830} INFO - Processing file /opt/airflow/dags/ingest_football_data.py for tasks to queue
[2026-04-22T21:03:59.333+0000] {logging_mixin.py:188} INFO - [2026-04-22T21:03:59.333+0000] {dagbag.py:538} INFO - Filling up the DagBag from /opt/airflow/dags/ingest_football_data.py
[2026-04-22T21:03:59.351+0000] {processor.py:840} INFO - DAG(s) 'ingest_football_data' retrieved from /opt/airflow/dags/ingest_football_data.py
[2026-04-22T21:03:59.390+0000] {logging_mixin.py:188} INFO - [2026-04-22T21:03:59.389+0000] {dag.py:3036} INFO - Sync 1 DAGs
[2026-04-22T21:03:59.418+0000] {logging_mixin.py:188} INFO - [2026-04-22T21:03:59.418+0000] {dag.py:3823} INFO - Setting next_dagrun for ingest_football_data to 2026-04-19 00:00:00+00:00, run_after=2026-04-26 00:00:00+00:00
[2026-04-22T21:03:59.442+0000] {processor.py:183} INFO - Processing /opt/airflow/dags/ingest_football_data.py took 0.116 seconds
[2026-04-22T21:04:29.596+0000] {processor.py:161} INFO - Started process (PID=4760) to work on /opt/airflow/dags/ingest_football_data.py
[2026-04-22T21:04:29.600+0000] {processor.py:830} INFO - Processing file /opt/airflow/dags/ingest_football_data.py for tasks to queue
[2026-04-22T21:04:29.601+0000] {logging_mixin.py:188} INFO - [2026-04-22T21:04:29.601+0000] {dagbag.py:538} INFO - Filling up the DagBag from /opt/airflow/dags/ingest_football_data.py
[2026-04-22T21:04:29.621+0000] {processor.py:840} INFO - DAG(s) 'ingest_football_data' retrieved from /opt/airflow/dags/ingest_football_data.py
[2026-04-22T21:04:29.659+0000] {logging_mixin.py:188} INFO - [2026-04-22T21:04:29.658+0000] {dag.py:3036} INFO - Sync 1 DAGs
[2026-04-22T21:04:29.692+0000] {logging_mixin.py:188} INFO - [2026-04-22T21:04:29.691+0000] {dag.py:3823} INFO - Setting next_dagrun for ingest_football_data to 2026-04-19 00:00:00+00:00, run_after=2026-04-26 00:00:00+00:00
[2026-04-22T21:04:29.719+0000] {processor.py:183} INFO - Processing /opt/airflow/dags/ingest_football_data.py took 0.127 seconds
[2026-04-22T21:04:59.821+0000] {processor.py:161} INFO - Started process (PID=4765) to work on /opt/airflow/dags/ingest_football_data.py
[2026-04-22T21:04:59.822+0000] {processor.py:830} INFO - Processing file /opt/airflow/dags/ingest_football_data.py for tasks to queue
[2026-04-22T21:04:59.824+0000] {logging_mixin.py:188} INFO - [2026-04-22T21:04:59.823+0000] {dagbag.py:538} INFO - Filling up the DagBag from /opt/airflow/dags/ingest_football_data.py
[2026-04-22T21:04:59.843+0000] {processor.py:840} INFO - DAG(s) 'ingest_football_data' retrieved from /opt/airflow/dags/ingest_football_data.py
[2026-04-22T21:04:59.884+0000] {logging_mixin.py:188} INFO - [2026-04-22T21:04:59.884+0000] {dag.py:3036} INFO - Sync 1 DAGs
[2026-04-22T21:04:59.915+0000] {logging_mixin.py:188} INFO - [2026-04-22T21:04:59.915+0000] {dag.py:3823} INFO - Setting next_dagrun for ingest_football_data to 2026-04-19 00:00:00+00:00, run_after=2026-04-26 00:00:00+00:00
[2026-04-22T21:04:59.939+0000] {processor.py:183} INFO - Processing /opt/airflow/dags/ingest_football_data.py took 0.122 seconds
[2026-04-22T21:05:30.088+0000] {processor.py:161} INFO - Started process (PID=4770) to work on /opt/airflow/dags/ingest_football_data.py
[2026-04-22T21:05:30.091+0000] {processor.py:830} INFO - Processing file /opt/airflow/dags/ingest_football_data.py for tasks to queue
[2026-04-22T21:05:30.092+0000] {logging_mixin.py:188} INFO - [2026-04-22T21:05:30.092+0000] {dagbag.py:538} INFO - Filling up the DagBag from /opt/airflow/dags/ingest_football_data.py
[2026-04-22T21:05:30.111+0000] {processor.py:840} INFO - DAG(s) 'ingest_football_data' retrieved from /opt/airflow/dags/ingest_football_data.py
[2026-04-22T21:05:30.148+0000] {logging_mixin.py:188} INFO - [2026-04-22T21:05:30.148+0000] {dag.py:3036} INFO - Sync 1 DAGs
[2026-04-22T21:05:30.178+0000] {logging_mixin.py:188} INFO - [2026-04-22T21:05:30.178+0000] {dag.py:3823} INFO - Setting next_dagrun for ingest_football_data to 2026-04-19 00:00:00+00:00, run_after=2026-04-26 00:00:00+00:00
[2026-04-22T21:05:30.207+0000] {processor.py:183} INFO - Processing /opt/airflow/dags/ingest_football_data.py took 0.124 seconds
[2026-04-22T21:06:00.314+0000] {processor.py:161} INFO - Started process (PID=4775) to work on /opt/airflow/dags/ingest_football_data.py
[2026-04-22T21:06:00.316+0000] {processor.py:830} INFO - Processing file /opt/airflow/dags/ingest_football_data.py for tasks to queue
[2026-04-22T21:06:00.317+0000] {logging_mixin.py:188} INFO - [2026-04-22T21:06:00.316+0000] {dagbag.py:538} INFO - Filling up the DagBag from /opt/airflow/dags/ingest_football_data.py
[2026-04-22T21:06:00.337+0000] {processor.py:840} INFO - DAG(s) 'ingest_football_data' retrieved from /opt/airflow/dags/ingest_football_data.py
[2026-04-22T21:06:00.380+0000] {logging_mixin.py:188} INFO - [2026-04-22T21:06:00.379+0000] {dag.py:3036} INFO - Sync 1 DAGs
[2026-04-22T21:06:00.414+0000] {logging_mixin.py:188} INFO - [2026-04-22T21:06:00.413+0000] {dag.py:3823} INFO - Setting next_dagrun for ingest_football_data to 2026-04-19 00:00:00+00:00, run_after=2026-04-26 00:00:00+00:00
[2026-04-22T21:06:00.435+0000] {processor.py:183} INFO - Processing /opt/airflow/dags/ingest_football_data.py took 0.127 seconds
[2026-04-22T21:06:30.581+0000] {processor.py:161} INFO - Started process (PID=4780) to work on /opt/airflow/dags/ingest_football_data.py
[2026-04-22T21:06:30.584+0000] {processor.py:830} INFO - Processing file /opt/airflow/dags/ingest_football_data.py for tasks to queue
[2026-04-22T21:06:30.585+0000] {logging_mixin.py:188} INFO - [2026-04-22T21:06:30.585+0000] {dagbag.py:538} INFO - Filling up the DagBag from /opt/airflow/dags/ingest_football_data.py
[2026-04-22T21:06:30.604+0000] {processor.py:840} INFO - DAG(s) 'ingest_football_data' retrieved from /opt/airflow/dags/ingest_football_data.py
[2026-04-22T21:06:30.641+0000] {logging_mixin.py:188} INFO - [2026-04-22T21:06:30.641+0000] {dag.py:3036} INFO - Sync 1 DAGs
[2026-04-22T21:06:30.675+0000] {logging_mixin.py:188} INFO - [2026-04-22T21:06:30.674+0000] {dag.py:3823} INFO - Setting next_dagrun for ingest_football_data to 2026-04-19 00:00:00+00:00, run_after=2026-04-26 00:00:00+00:00
[2026-04-22T21:06:30.697+0000] {processor.py:183} INFO - Processing /opt/airflow/dags/ingest_football_data.py took 0.120 seconds
[2026-04-22T21:07:00.801+0000] {processor.py:161} INFO - Started process (PID=4785) to work on /opt/airflow/dags/ingest_football_data.py
[2026-04-22T21:07:00.802+0000] {processor.py:830} INFO - Processing file /opt/airflow/dags/ingest_football_data.py for tasks to queue
[2026-04-22T21:07:00.803+0000] {logging_mixin.py:188} INFO - [2026-04-22T21:07:00.803+0000] {dagbag.py:538} INFO - Filling up the DagBag from /opt/airflow/dags/ingest_football_data.py
[2026-04-22T21:07:00.823+0000] {processor.py:840} INFO - DAG(s) 'ingest_football_data' retrieved from /opt/airflow/dags/ingest_football_data.py
[2026-04-22T21:07:00.865+0000] {logging_mixin.py:188} INFO - [2026-04-22T21:07:00.864+0000] {dag.py:3036} INFO - Sync 1 DAGs
[2026-04-22T21:07:00.900+0000] {logging_mixin.py:188} INFO - [2026-04-22T21:07:00.899+0000] {dag.py:3823} INFO - Setting next_dagrun for ingest_football_data to 2026-04-19 00:00:00+00:00, run_after=2026-04-26 00:00:00+00:00
[2026-04-22T21:07:00.925+0000] {processor.py:183} INFO - Processing /opt/airflow/dags/ingest_football_data.py took 0.129 seconds
[2026-04-22T21:07:31.031+0000] {processor.py:161} INFO - Started process (PID=4790) to work on /opt/airflow/dags/ingest_football_data.py
[2026-04-22T21:07:31.034+0000] {processor.py:830} INFO - Processing file /opt/airflow/dags/ingest_football_data.py for tasks to queue
[2026-04-22T21:07:31.036+0000] {logging_mixin.py:188} INFO - [2026-04-22T21:07:31.035+0000] {dagbag.py:538} INFO - Filling up the DagBag from /opt/airflow/dags/ingest_football_data.py
[2026-04-22T21:07:31.057+0000] {processor.py:840} INFO - DAG(s) 'ingest_football_data' retrieved from /opt/airflow/dags/ingest_football_data.py
[2026-04-22T21:07:31.098+0000] {logging_mixin.py:188} INFO - [2026-04-22T21:07:31.097+0000] {dag.py:3036} INFO - Sync 1 DAGs
[2026-04-22T21:07:31.128+0000] {logging_mixin.py:188} INFO - [2026-04-22T21:07:31.128+0000] {dag.py:3823} INFO - Setting next_dagrun for ingest_football_data to 2026-04-19 00:00:00+00:00, run_after=2026-04-26 00:00:00+00:00
[2026-04-22T21:07:31.150+0000] {processor.py:183} INFO - Processing /opt/airflow/dags/ingest_football_data.py took 0.124 seconds
[2026-04-22T21:08:01.298+0000] {processor.py:161} INFO - Started process (PID=4795) to work on /opt/airflow/dags/ingest_football_data.py
[2026-04-22T21:08:01.299+0000] {processor.py:830} INFO - Processing file /opt/airflow/dags/ingest_football_data.py for tasks to queue
[2026-04-22T21:08:01.300+0000] {logging_mixin.py:188} INFO - [2026-04-22T21:08:01.299+0000] {dagbag.py:538} INFO - Filling up the DagBag from /opt/airflow/dags/ingest_football_data.py
[2026-04-22T21:08:01.320+0000] {processor.py:840} INFO - DAG(s) 'ingest_football_data' retrieved from /opt/airflow/dags/ingest_football_data.py
[2026-04-22T21:08:01.362+0000] {logging_mixin.py:188} INFO - [2026-04-22T21:08:01.362+0000] {dag.py:3036} INFO - Sync 1 DAGs
[2026-04-22T21:08:01.398+0000] {logging_mixin.py:188} INFO - [2026-04-22T21:08:01.398+0000] {dag.py:3823} INFO - Setting next_dagrun for ingest_football_data to 2026-04-19 00:00:00+00:00, run_after=2026-04-26 00:00:00+00:00
[2026-04-22T21:08:01.421+0000] {processor.py:183} INFO - Processing /opt/airflow/dags/ingest_football_data.py took 0.128 seconds
[2026-04-22T21:08:31.502+0000] {processor.py:161} INFO - Started process (PID=4800) to work on /opt/airflow/dags/ingest_football_data.py
[2026-04-22T21:08:31.503+0000] {processor.py:830} INFO - Processing file /opt/airflow/dags/ingest_football_data.py for tasks to queue
[2026-04-22T21:08:31.505+0000] {logging_mixin.py:188} INFO - [2026-04-22T21:08:31.505+0000] {dagbag.py:538} INFO - Filling up the DagBag from /opt/airflow/dags/ingest_football_data.py
[2026-04-22T21:08:31.527+0000] {processor.py:840} INFO - DAG(s) 'ingest_football_data' retrieved from /opt/airflow/dags/ingest_football_data.py
[2026-04-22T21:08:31.566+0000] {logging_mixin.py:188} INFO - [2026-04-22T21:08:31.566+0000] {dag.py:3036} INFO - Sync 1 DAGs
[2026-04-22T21:08:31.600+0000] {logging_mixin.py:188} INFO - [2026-04-22T21:08:31.599+0000] {dag.py:3823} INFO - Setting next_dagrun for ingest_football_data to 2026-04-19 00:00:00+00:00, run_after=2026-04-26 00:00:00+00:00
[2026-04-22T21:08:31.624+0000] {processor.py:183} INFO - Processing /opt/airflow/dags/ingest_football_data.py took 0.127 seconds
[2026-04-22T21:09:01.797+0000] {processor.py:161} INFO - Started process (PID=4805) to work on /opt/airflow/dags/ingest_football_data.py
[2026-04-22T21:09:01.798+0000] {processor.py:830} INFO - Processing file /opt/airflow/dags/ingest_football_data.py for tasks to queue
[2026-04-22T21:09:01.800+0000] {logging_mixin.py:188} INFO - [2026-04-22T21:09:01.799+0000] {dagbag.py:538} INFO - Filling up the DagBag from /opt/airflow/dags/ingest_football_data.py
[2026-04-22T21:09:01.822+0000] {processor.py:840} INFO - DAG(s) 'ingest_football_data' retrieved from /opt/airflow/dags/ingest_football_data.py
[2026-04-22T21:09:01.866+0000] {logging_mixin.py:188} INFO - [2026-04-22T21:09:01.865+0000] {dag.py:3036} INFO - Sync 1 DAGs
[2026-04-22T21:09:01.904+0000] {logging_mixin.py:188} INFO - [2026-04-22T21:09:01.903+0000] {dag.py:3823} INFO - Setting next_dagrun for ingest_football_data to 2026-04-19 00:00:00+00:00, run_after=2026-04-26 00:00:00+00:00
[2026-04-22T21:09:01.933+0000] {processor.py:183} INFO - Processing /opt/airflow/dags/ingest_football_data.py took 0.141 seconds
