[2026-04-03T19:25:51.332+0000] {taskinstance.py:1956} INFO - Dependencies all met for dep_context=non-requeueable deps ti=<TaskInstance: ingest_football_data.ingest_standings manual__2026-04-03T19:20:49.408667+00:00 [queued]>
[2026-04-03T19:25:51.340+0000] {taskinstance.py:1956} INFO - Dependencies all met for dep_context=requeueable deps ti=<TaskInstance: ingest_football_data.ingest_standings manual__2026-04-03T19:20:49.408667+00:00 [queued]>
[2026-04-03T19:25:51.340+0000] {taskinstance.py:2170} INFO - Starting attempt 2 of 2
[2026-04-03T19:25:51.354+0000] {taskinstance.py:2191} INFO - Executing <Task(PythonOperator): ingest_standings> on 2026-04-03 19:20:49.408667+00:00
[2026-04-03T19:25:51.361+0000] {standard_task_runner.py:60} INFO - Started process 1179 to run task
[2026-04-03T19:25:51.365+0000] {standard_task_runner.py:87} INFO - Running: ['***', 'tasks', 'run', 'ingest_football_data', 'ingest_standings', 'manual__2026-04-03T19:20:49.408667+00:00', '--job-id', '26', '--raw', '--subdir', 'DAGS_FOLDER/ingest_football_data.py', '--cfg-path', '/tmp/tmp5qdxi4a2']
[2026-04-03T19:25:51.367+0000] {standard_task_runner.py:88} INFO - Job 26: Subtask ingest_standings
[2026-04-03T19:25:51.385+0000] {logging_mixin.py:188} WARNING - /home/***/.local/lib/python3.8/site-packages/***/settings.py:194 DeprecationWarning: The sql_alchemy_conn option in [core] has been moved to the sql_alchemy_conn option in [database] - the old setting has been used, but please update your config.
[2026-04-03T19:25:51.432+0000] {task_command.py:423} INFO - Running <TaskInstance: ingest_football_data.ingest_standings manual__2026-04-03T19:20:49.408667+00:00 [running]> on host c07871340f9f
[2026-04-03T19:25:51.535+0000] {taskinstance.py:2480} INFO - Exporting env vars: AIRFLOW_CTX_DAG_OWNER='***' AIRFLOW_CTX_DAG_ID='ingest_football_data' AIRFLOW_CTX_TASK_ID='ingest_standings' AIRFLOW_CTX_EXECUTION_DATE='2026-04-03T19:20:49.408667+00:00' AIRFLOW_CTX_TRY_NUMBER='2' AIRFLOW_CTX_DAG_RUN_ID='manual__2026-04-03T19:20:49.408667+00:00'
[2026-04-03T19:25:51.706+0000] {base.py:83} INFO - Using connection ID 'postgres_default' for task execution.
[2026-04-03T19:25:51.712+0000] {sql.py:450} INFO - Running statement: 
                INSERT INTO raw.standings (league_id, season, team_id, raw_json)
                VALUES (%s, %s, %s, %s)
                ON CONFLICT (league_id, season, team_id)
                DO UPDATE SET raw_json = EXCLUDED.raw_json, ingested_at = NOW()
                , parameters: (39, 2023, 50, '{"rank": 1, "team": {"id": 50, "name": "Manchester City", "logo": "https://media.api-sports.io/football/teams/50.png"}, "points": 91, "goalsDiff": 62, "group": "Premier League", "form": "WWWWW", "status": "same", "description": "Promotion - Champions League (Group Stage: )", "all": {"played": 38, "win": 28, "draw": 7, "lose": 3, "goals": {"for": 96, "against": 34}}, "home": {"played": 19, "win": 14, "draw": 5, "lose": 0, "goals": {"for": 51, "against": 16}}, "away": {"played": 19, "win": 14, "draw": 2, "lose": 3, "goals": {"for": 45, "against": 18}}, "update": "2024-05-28T00:00:00+00:00"}')
[2026-04-03T19:25:51.714+0000] {taskinstance.py:2698} ERROR - Task failed with exception
Traceback (most recent call last):
  File "/home/airflow/.local/lib/python3.8/site-packages/airflow/models/taskinstance.py", line 433, in _execute_task
    result = execute_callable(context=context, **execute_callable_kwargs)
  File "/home/airflow/.local/lib/python3.8/site-packages/airflow/operators/python.py", line 199, in execute
    return_value = self.execute_callable()
  File "/home/airflow/.local/lib/python3.8/site-packages/airflow/operators/python.py", line 216, in execute_callable
    return self.python_callable(*self.op_args, **self.op_kwargs)
  File "/opt/airflow/dags/ingest_football_data.py", line 33, in ingest_standings
    pg_hook.run(
  File "/home/airflow/.local/lib/python3.8/site-packages/airflow/providers/common/sql/hooks/sql.py", line 398, in run
    self._run_command(cur, sql_statement, parameters)
  File "/home/airflow/.local/lib/python3.8/site-packages/airflow/providers/common/sql/hooks/sql.py", line 453, in _run_command
    cur.execute(sql_statement, parameters)
psycopg2.errors.UndefinedTable: relation "raw.standings" does not exist
LINE 2:                 INSERT INTO raw.standings (league_id, season...
                                    ^

[2026-04-03T19:25:51.726+0000] {taskinstance.py:1138} INFO - Marking task as FAILED. dag_id=ingest_football_data, task_id=ingest_standings, execution_date=20260403T192049, start_date=20260403T192551, end_date=20260403T192551
[2026-04-03T19:25:51.743+0000] {standard_task_runner.py:107} ERROR - Failed to execute job 26 for task ingest_standings (relation "raw.standings" does not exist
LINE 2:                 INSERT INTO raw.standings (league_id, season...
                                    ^
; 1179)
[2026-04-03T19:25:51.776+0000] {local_task_job_runner.py:234} INFO - Task exited with return code 1
[2026-04-03T19:25:51.813+0000] {taskinstance.py:3280} INFO - 0 downstream tasks scheduled from follow-on schedule check
