[2026-04-21T19:49:16.320+0000] {processor.py:161} INFO - Started process (PID=4461) to work on /opt/airflow/dags/ingest_football_data.py
[2026-04-21T19:49:16.321+0000] {processor.py:830} INFO - Processing file /opt/airflow/dags/ingest_football_data.py for tasks to queue
[2026-04-21T19:49:16.323+0000] {logging_mixin.py:188} INFO - [2026-04-21T19:49:16.322+0000] {dagbag.py:538} INFO - Filling up the DagBag from /opt/airflow/dags/ingest_football_data.py
[2026-04-21T19:49:16.342+0000] {processor.py:840} INFO - DAG(s) 'ingest_football_data' retrieved from /opt/airflow/dags/ingest_football_data.py
[2026-04-21T19:49:16.399+0000] {logging_mixin.py:188} INFO - [2026-04-21T19:49:16.398+0000] {dag.py:3036} INFO - Sync 1 DAGs
[2026-04-21T19:49:16.439+0000] {logging_mixin.py:188} INFO - [2026-04-21T19:49:16.439+0000] {dag.py:3823} INFO - Setting next_dagrun for ingest_football_data to 2026-04-19 00:00:00+00:00, run_after=2026-04-26 00:00:00+00:00
[2026-04-21T19:49:16.460+0000] {processor.py:183} INFO - Processing /opt/airflow/dags/ingest_football_data.py took 0.146 seconds
[2026-04-21T19:49:46.659+0000] {processor.py:161} INFO - Started process (PID=4468) to work on /opt/airflow/dags/ingest_football_data.py
[2026-04-21T19:49:46.660+0000] {processor.py:830} INFO - Processing file /opt/airflow/dags/ingest_football_data.py for tasks to queue
[2026-04-21T19:49:46.662+0000] {logging_mixin.py:188} INFO - [2026-04-21T19:49:46.661+0000] {dagbag.py:538} INFO - Filling up the DagBag from /opt/airflow/dags/ingest_football_data.py
[2026-04-21T19:49:46.681+0000] {processor.py:840} INFO - DAG(s) 'ingest_football_data' retrieved from /opt/airflow/dags/ingest_football_data.py
[2026-04-21T19:49:46.715+0000] {logging_mixin.py:188} INFO - [2026-04-21T19:49:46.715+0000] {dag.py:3036} INFO - Sync 1 DAGs
[2026-04-21T19:49:46.740+0000] {logging_mixin.py:188} INFO - [2026-04-21T19:49:46.740+0000] {dag.py:3823} INFO - Setting next_dagrun for ingest_football_data to 2026-04-19 00:00:00+00:00, run_after=2026-04-26 00:00:00+00:00
[2026-04-21T19:49:46.760+0000] {processor.py:183} INFO - Processing /opt/airflow/dags/ingest_football_data.py took 0.106 seconds
[2026-04-21T19:50:16.845+0000] {processor.py:161} INFO - Started process (PID=4473) to work on /opt/airflow/dags/ingest_football_data.py
[2026-04-21T19:50:16.848+0000] {processor.py:830} INFO - Processing file /opt/airflow/dags/ingest_football_data.py for tasks to queue
[2026-04-21T19:50:16.849+0000] {logging_mixin.py:188} INFO - [2026-04-21T19:50:16.849+0000] {dagbag.py:538} INFO - Filling up the DagBag from /opt/airflow/dags/ingest_football_data.py
[2026-04-21T19:50:16.869+0000] {processor.py:840} INFO - DAG(s) 'ingest_football_data' retrieved from /opt/airflow/dags/ingest_football_data.py
[2026-04-21T19:50:16.911+0000] {logging_mixin.py:188} INFO - [2026-04-21T19:50:16.910+0000] {dag.py:3036} INFO - Sync 1 DAGs
[2026-04-21T19:50:16.943+0000] {logging_mixin.py:188} INFO - [2026-04-21T19:50:16.943+0000] {dag.py:3823} INFO - Setting next_dagrun for ingest_football_data to 2026-04-19 00:00:00+00:00, run_after=2026-04-26 00:00:00+00:00
[2026-04-21T19:50:16.973+0000] {processor.py:183} INFO - Processing /opt/airflow/dags/ingest_football_data.py took 0.134 seconds
[2026-04-21T19:50:47.129+0000] {processor.py:161} INFO - Started process (PID=4478) to work on /opt/airflow/dags/ingest_football_data.py
[2026-04-21T19:50:47.131+0000] {processor.py:830} INFO - Processing file /opt/airflow/dags/ingest_football_data.py for tasks to queue
[2026-04-21T19:50:47.132+0000] {logging_mixin.py:188} INFO - [2026-04-21T19:50:47.131+0000] {dagbag.py:538} INFO - Filling up the DagBag from /opt/airflow/dags/ingest_football_data.py
[2026-04-21T19:50:47.158+0000] {processor.py:840} INFO - DAG(s) 'ingest_football_data' retrieved from /opt/airflow/dags/ingest_football_data.py
[2026-04-21T19:50:47.199+0000] {logging_mixin.py:188} INFO - [2026-04-21T19:50:47.198+0000] {dag.py:3036} INFO - Sync 1 DAGs
[2026-04-21T19:50:47.426+0000] {logging_mixin.py:188} INFO - [2026-04-21T19:50:47.426+0000] {dag.py:3823} INFO - Setting next_dagrun for ingest_football_data to 2026-04-19 00:00:00+00:00, run_after=2026-04-26 00:00:00+00:00
[2026-04-21T19:50:47.450+0000] {processor.py:183} INFO - Processing /opt/airflow/dags/ingest_football_data.py took 0.327 seconds
[2026-04-21T19:51:17.658+0000] {processor.py:161} INFO - Started process (PID=4483) to work on /opt/airflow/dags/ingest_football_data.py
[2026-04-21T19:51:17.659+0000] {processor.py:830} INFO - Processing file /opt/airflow/dags/ingest_football_data.py for tasks to queue
[2026-04-21T19:51:17.660+0000] {logging_mixin.py:188} INFO - [2026-04-21T19:51:17.660+0000] {dagbag.py:538} INFO - Filling up the DagBag from /opt/airflow/dags/ingest_football_data.py
[2026-04-21T19:51:17.679+0000] {processor.py:840} INFO - DAG(s) 'ingest_football_data' retrieved from /opt/airflow/dags/ingest_football_data.py
[2026-04-21T19:51:17.719+0000] {logging_mixin.py:188} INFO - [2026-04-21T19:51:17.718+0000] {dag.py:3036} INFO - Sync 1 DAGs
[2026-04-21T19:51:17.984+0000] {logging_mixin.py:188} INFO - [2026-04-21T19:51:17.984+0000] {dag.py:3823} INFO - Setting next_dagrun for ingest_football_data to 2026-04-19 00:00:00+00:00, run_after=2026-04-26 00:00:00+00:00
[2026-04-21T19:51:18.012+0000] {processor.py:183} INFO - Processing /opt/airflow/dags/ingest_football_data.py took 0.358 seconds
[2026-04-21T19:51:48.223+0000] {processor.py:161} INFO - Started process (PID=4488) to work on /opt/airflow/dags/ingest_football_data.py
[2026-04-21T19:51:48.224+0000] {processor.py:830} INFO - Processing file /opt/airflow/dags/ingest_football_data.py for tasks to queue
[2026-04-21T19:51:48.226+0000] {logging_mixin.py:188} INFO - [2026-04-21T19:51:48.225+0000] {dagbag.py:538} INFO - Filling up the DagBag from /opt/airflow/dags/ingest_football_data.py
[2026-04-21T19:51:48.247+0000] {processor.py:840} INFO - DAG(s) 'ingest_football_data' retrieved from /opt/airflow/dags/ingest_football_data.py
[2026-04-21T19:51:48.291+0000] {logging_mixin.py:188} INFO - [2026-04-21T19:51:48.291+0000] {dag.py:3036} INFO - Sync 1 DAGs
[2026-04-21T19:51:48.333+0000] {logging_mixin.py:188} INFO - [2026-04-21T19:51:48.333+0000] {dag.py:3823} INFO - Setting next_dagrun for ingest_football_data to 2026-04-19 00:00:00+00:00, run_after=2026-04-26 00:00:00+00:00
[2026-04-21T19:51:48.374+0000] {processor.py:183} INFO - Processing /opt/airflow/dags/ingest_football_data.py took 0.156 seconds
[2026-04-21T19:52:18.424+0000] {processor.py:161} INFO - Started process (PID=4493) to work on /opt/airflow/dags/ingest_football_data.py
[2026-04-21T19:52:18.426+0000] {processor.py:830} INFO - Processing file /opt/airflow/dags/ingest_football_data.py for tasks to queue
[2026-04-21T19:52:18.428+0000] {logging_mixin.py:188} INFO - [2026-04-21T19:52:18.427+0000] {dagbag.py:538} INFO - Filling up the DagBag from /opt/airflow/dags/ingest_football_data.py
[2026-04-21T19:52:18.450+0000] {processor.py:840} INFO - DAG(s) 'ingest_football_data' retrieved from /opt/airflow/dags/ingest_football_data.py
[2026-04-21T19:52:18.495+0000] {logging_mixin.py:188} INFO - [2026-04-21T19:52:18.495+0000] {dag.py:3036} INFO - Sync 1 DAGs
[2026-04-21T19:52:18.538+0000] {logging_mixin.py:188} INFO - [2026-04-21T19:52:18.538+0000] {dag.py:3823} INFO - Setting next_dagrun for ingest_football_data to 2026-04-19 00:00:00+00:00, run_after=2026-04-26 00:00:00+00:00
[2026-04-21T19:52:18.578+0000] {processor.py:183} INFO - Processing /opt/airflow/dags/ingest_football_data.py took 0.161 seconds
[2026-04-21T19:52:48.756+0000] {processor.py:161} INFO - Started process (PID=4498) to work on /opt/airflow/dags/ingest_football_data.py
[2026-04-21T19:52:48.757+0000] {processor.py:830} INFO - Processing file /opt/airflow/dags/ingest_football_data.py for tasks to queue
[2026-04-21T19:52:48.759+0000] {logging_mixin.py:188} INFO - [2026-04-21T19:52:48.758+0000] {dagbag.py:538} INFO - Filling up the DagBag from /opt/airflow/dags/ingest_football_data.py
[2026-04-21T19:52:48.782+0000] {processor.py:840} INFO - DAG(s) 'ingest_football_data' retrieved from /opt/airflow/dags/ingest_football_data.py
[2026-04-21T19:52:48.829+0000] {logging_mixin.py:188} INFO - [2026-04-21T19:52:48.828+0000] {dag.py:3036} INFO - Sync 1 DAGs
[2026-04-21T19:52:49.099+0000] {logging_mixin.py:188} INFO - [2026-04-21T19:52:49.099+0000] {dag.py:3823} INFO - Setting next_dagrun for ingest_football_data to 2026-04-19 00:00:00+00:00, run_after=2026-04-26 00:00:00+00:00
[2026-04-21T19:52:49.125+0000] {processor.py:183} INFO - Processing /opt/airflow/dags/ingest_football_data.py took 0.374 seconds
[2026-04-21T19:53:19.331+0000] {processor.py:161} INFO - Started process (PID=4503) to work on /opt/airflow/dags/ingest_football_data.py
[2026-04-21T19:53:19.334+0000] {processor.py:830} INFO - Processing file /opt/airflow/dags/ingest_football_data.py for tasks to queue
[2026-04-21T19:53:19.335+0000] {logging_mixin.py:188} INFO - [2026-04-21T19:53:19.335+0000] {dagbag.py:538} INFO - Filling up the DagBag from /opt/airflow/dags/ingest_football_data.py
[2026-04-21T19:53:19.354+0000] {processor.py:840} INFO - DAG(s) 'ingest_football_data' retrieved from /opt/airflow/dags/ingest_football_data.py
[2026-04-21T19:53:19.392+0000] {logging_mixin.py:188} INFO - [2026-04-21T19:53:19.391+0000] {dag.py:3036} INFO - Sync 1 DAGs
[2026-04-21T19:53:19.622+0000] {logging_mixin.py:188} INFO - [2026-04-21T19:53:19.622+0000] {dag.py:3823} INFO - Setting next_dagrun for ingest_football_data to 2026-04-19 00:00:00+00:00, run_after=2026-04-26 00:00:00+00:00
[2026-04-21T19:53:19.649+0000] {processor.py:183} INFO - Processing /opt/airflow/dags/ingest_football_data.py took 0.323 seconds
[2026-04-21T19:53:49.852+0000] {processor.py:161} INFO - Started process (PID=4508) to work on /opt/airflow/dags/ingest_football_data.py
[2026-04-21T19:53:49.853+0000] {processor.py:830} INFO - Processing file /opt/airflow/dags/ingest_football_data.py for tasks to queue
[2026-04-21T19:53:49.855+0000] {logging_mixin.py:188} INFO - [2026-04-21T19:53:49.854+0000] {dagbag.py:538} INFO - Filling up the DagBag from /opt/airflow/dags/ingest_football_data.py
[2026-04-21T19:53:49.877+0000] {processor.py:840} INFO - DAG(s) 'ingest_football_data' retrieved from /opt/airflow/dags/ingest_football_data.py
[2026-04-21T19:53:49.923+0000] {logging_mixin.py:188} INFO - [2026-04-21T19:53:49.922+0000] {dag.py:3036} INFO - Sync 1 DAGs
[2026-04-21T19:53:49.960+0000] {logging_mixin.py:188} INFO - [2026-04-21T19:53:49.959+0000] {dag.py:3823} INFO - Setting next_dagrun for ingest_football_data to 2026-04-19 00:00:00+00:00, run_after=2026-04-26 00:00:00+00:00
[2026-04-21T19:53:49.990+0000] {processor.py:183} INFO - Processing /opt/airflow/dags/ingest_football_data.py took 0.144 seconds
[2026-04-21T19:54:20.059+0000] {processor.py:161} INFO - Started process (PID=4513) to work on /opt/airflow/dags/ingest_football_data.py
[2026-04-21T19:54:20.061+0000] {processor.py:830} INFO - Processing file /opt/airflow/dags/ingest_football_data.py for tasks to queue
[2026-04-21T19:54:20.062+0000] {logging_mixin.py:188} INFO - [2026-04-21T19:54:20.062+0000] {dagbag.py:538} INFO - Filling up the DagBag from /opt/airflow/dags/ingest_football_data.py
[2026-04-21T19:54:20.089+0000] {processor.py:840} INFO - DAG(s) 'ingest_football_data' retrieved from /opt/airflow/dags/ingest_football_data.py
[2026-04-21T19:54:20.143+0000] {logging_mixin.py:188} INFO - [2026-04-21T19:54:20.142+0000] {dag.py:3036} INFO - Sync 1 DAGs
[2026-04-21T19:54:20.184+0000] {logging_mixin.py:188} INFO - [2026-04-21T19:54:20.183+0000] {dag.py:3823} INFO - Setting next_dagrun for ingest_football_data to 2026-04-19 00:00:00+00:00, run_after=2026-04-26 00:00:00+00:00
[2026-04-21T19:54:20.208+0000] {processor.py:183} INFO - Processing /opt/airflow/dags/ingest_football_data.py took 0.155 seconds
[2026-04-21T19:54:50.360+0000] {processor.py:161} INFO - Started process (PID=4518) to work on /opt/airflow/dags/ingest_football_data.py
[2026-04-21T19:54:50.362+0000] {processor.py:830} INFO - Processing file /opt/airflow/dags/ingest_football_data.py for tasks to queue
[2026-04-21T19:54:50.363+0000] {logging_mixin.py:188} INFO - [2026-04-21T19:54:50.363+0000] {dagbag.py:538} INFO - Filling up the DagBag from /opt/airflow/dags/ingest_football_data.py
[2026-04-21T19:54:50.381+0000] {processor.py:840} INFO - DAG(s) 'ingest_football_data' retrieved from /opt/airflow/dags/ingest_football_data.py
[2026-04-21T19:54:50.417+0000] {logging_mixin.py:188} INFO - [2026-04-21T19:54:50.417+0000] {dag.py:3036} INFO - Sync 1 DAGs
[2026-04-21T19:54:50.659+0000] {logging_mixin.py:188} INFO - [2026-04-21T19:54:50.659+0000] {dag.py:3823} INFO - Setting next_dagrun for ingest_football_data to 2026-04-19 00:00:00+00:00, run_after=2026-04-26 00:00:00+00:00
[2026-04-21T19:54:50.686+0000] {processor.py:183} INFO - Processing /opt/airflow/dags/ingest_football_data.py took 0.333 seconds
[2026-04-21T19:55:20.899+0000] {processor.py:161} INFO - Started process (PID=4523) to work on /opt/airflow/dags/ingest_football_data.py
[2026-04-21T19:55:20.900+0000] {processor.py:830} INFO - Processing file /opt/airflow/dags/ingest_football_data.py for tasks to queue
[2026-04-21T19:55:20.902+0000] {logging_mixin.py:188} INFO - [2026-04-21T19:55:20.901+0000] {dagbag.py:538} INFO - Filling up the DagBag from /opt/airflow/dags/ingest_football_data.py
[2026-04-21T19:55:20.924+0000] {processor.py:840} INFO - DAG(s) 'ingest_football_data' retrieved from /opt/airflow/dags/ingest_football_data.py
[2026-04-21T19:55:20.975+0000] {logging_mixin.py:188} INFO - [2026-04-21T19:55:20.974+0000] {dag.py:3036} INFO - Sync 1 DAGs
[2026-04-21T19:55:21.274+0000] {logging_mixin.py:188} INFO - [2026-04-21T19:55:21.273+0000] {dag.py:3823} INFO - Setting next_dagrun for ingest_football_data to 2026-04-19 00:00:00+00:00, run_after=2026-04-26 00:00:00+00:00
[2026-04-21T19:55:21.295+0000] {processor.py:183} INFO - Processing /opt/airflow/dags/ingest_football_data.py took 0.402 seconds
[2026-04-21T19:55:51.510+0000] {processor.py:161} INFO - Started process (PID=4528) to work on /opt/airflow/dags/ingest_football_data.py
[2026-04-21T19:55:51.511+0000] {processor.py:830} INFO - Processing file /opt/airflow/dags/ingest_football_data.py for tasks to queue
[2026-04-21T19:55:51.513+0000] {logging_mixin.py:188} INFO - [2026-04-21T19:55:51.512+0000] {dagbag.py:538} INFO - Filling up the DagBag from /opt/airflow/dags/ingest_football_data.py
[2026-04-21T19:55:51.802+0000] {processor.py:840} INFO - DAG(s) 'ingest_football_data' retrieved from /opt/airflow/dags/ingest_football_data.py
[2026-04-21T19:55:51.835+0000] {logging_mixin.py:188} INFO - [2026-04-21T19:55:51.835+0000] {dag.py:3036} INFO - Sync 1 DAGs
[2026-04-21T19:55:51.863+0000] {logging_mixin.py:188} INFO - [2026-04-21T19:55:51.863+0000] {dag.py:3823} INFO - Setting next_dagrun for ingest_football_data to 2026-04-19 00:00:00+00:00, run_after=2026-04-26 00:00:00+00:00
[2026-04-21T19:55:51.884+0000] {processor.py:183} INFO - Processing /opt/airflow/dags/ingest_football_data.py took 0.380 seconds
[2026-04-21T19:56:22.387+0000] {processor.py:161} INFO - Started process (PID=4533) to work on /opt/airflow/dags/ingest_football_data.py
[2026-04-21T19:56:22.388+0000] {processor.py:830} INFO - Processing file /opt/airflow/dags/ingest_football_data.py for tasks to queue
[2026-04-21T19:56:22.389+0000] {logging_mixin.py:188} INFO - [2026-04-21T19:56:22.389+0000] {dagbag.py:538} INFO - Filling up the DagBag from /opt/airflow/dags/ingest_football_data.py
[2026-04-21T19:56:22.411+0000] {processor.py:840} INFO - DAG(s) 'ingest_football_data' retrieved from /opt/airflow/dags/ingest_football_data.py
[2026-04-21T19:56:22.449+0000] {logging_mixin.py:188} INFO - [2026-04-21T19:56:22.449+0000] {dag.py:3036} INFO - Sync 1 DAGs
[2026-04-21T19:56:22.482+0000] {logging_mixin.py:188} INFO - [2026-04-21T19:56:22.482+0000] {dag.py:3823} INFO - Setting next_dagrun for ingest_football_data to 2026-04-19 00:00:00+00:00, run_after=2026-04-26 00:00:00+00:00
[2026-04-21T19:56:22.515+0000] {processor.py:183} INFO - Processing /opt/airflow/dags/ingest_football_data.py took 0.133 seconds
[2026-04-21T19:56:52.573+0000] {processor.py:161} INFO - Started process (PID=4538) to work on /opt/airflow/dags/ingest_football_data.py
[2026-04-21T19:56:52.575+0000] {processor.py:830} INFO - Processing file /opt/airflow/dags/ingest_football_data.py for tasks to queue
[2026-04-21T19:56:52.576+0000] {logging_mixin.py:188} INFO - [2026-04-21T19:56:52.575+0000] {dagbag.py:538} INFO - Filling up the DagBag from /opt/airflow/dags/ingest_football_data.py
[2026-04-21T19:56:52.595+0000] {processor.py:840} INFO - DAG(s) 'ingest_football_data' retrieved from /opt/airflow/dags/ingest_football_data.py
[2026-04-21T19:56:52.637+0000] {logging_mixin.py:188} INFO - [2026-04-21T19:56:52.637+0000] {dag.py:3036} INFO - Sync 1 DAGs
[2026-04-21T19:56:52.676+0000] {logging_mixin.py:188} INFO - [2026-04-21T19:56:52.676+0000] {dag.py:3823} INFO - Setting next_dagrun for ingest_football_data to 2026-04-19 00:00:00+00:00, run_after=2026-04-26 00:00:00+00:00
[2026-04-21T19:56:52.703+0000] {processor.py:183} INFO - Processing /opt/airflow/dags/ingest_football_data.py took 0.136 seconds
[2026-04-21T19:57:22.903+0000] {processor.py:161} INFO - Started process (PID=4543) to work on /opt/airflow/dags/ingest_football_data.py
[2026-04-21T19:57:22.904+0000] {processor.py:830} INFO - Processing file /opt/airflow/dags/ingest_football_data.py for tasks to queue
[2026-04-21T19:57:22.905+0000] {logging_mixin.py:188} INFO - [2026-04-21T19:57:22.904+0000] {dagbag.py:538} INFO - Filling up the DagBag from /opt/airflow/dags/ingest_football_data.py
[2026-04-21T19:57:22.926+0000] {processor.py:840} INFO - DAG(s) 'ingest_football_data' retrieved from /opt/airflow/dags/ingest_football_data.py
[2026-04-21T19:57:22.964+0000] {logging_mixin.py:188} INFO - [2026-04-21T19:57:22.963+0000] {dag.py:3036} INFO - Sync 1 DAGs
[2026-04-21T19:57:22.994+0000] {logging_mixin.py:188} INFO - [2026-04-21T19:57:22.994+0000] {dag.py:3823} INFO - Setting next_dagrun for ingest_football_data to 2026-04-19 00:00:00+00:00, run_after=2026-04-26 00:00:00+00:00
[2026-04-21T19:57:23.022+0000] {processor.py:183} INFO - Processing /opt/airflow/dags/ingest_football_data.py took 0.123 seconds
[2026-04-21T19:57:53.098+0000] {processor.py:161} INFO - Started process (PID=4548) to work on /opt/airflow/dags/ingest_football_data.py
[2026-04-21T19:57:53.099+0000] {processor.py:830} INFO - Processing file /opt/airflow/dags/ingest_football_data.py for tasks to queue
[2026-04-21T19:57:53.100+0000] {logging_mixin.py:188} INFO - [2026-04-21T19:57:53.099+0000] {dagbag.py:538} INFO - Filling up the DagBag from /opt/airflow/dags/ingest_football_data.py
[2026-04-21T19:57:53.118+0000] {processor.py:840} INFO - DAG(s) 'ingest_football_data' retrieved from /opt/airflow/dags/ingest_football_data.py
[2026-04-21T19:57:53.158+0000] {logging_mixin.py:188} INFO - [2026-04-21T19:57:53.157+0000] {dag.py:3036} INFO - Sync 1 DAGs
[2026-04-21T19:57:53.188+0000] {logging_mixin.py:188} INFO - [2026-04-21T19:57:53.188+0000] {dag.py:3823} INFO - Setting next_dagrun for ingest_football_data to 2026-04-19 00:00:00+00:00, run_after=2026-04-26 00:00:00+00:00
[2026-04-21T19:57:53.214+0000] {processor.py:183} INFO - Processing /opt/airflow/dags/ingest_football_data.py took 0.120 seconds
[2026-04-21T19:58:23.408+0000] {processor.py:161} INFO - Started process (PID=4553) to work on /opt/airflow/dags/ingest_football_data.py
[2026-04-21T19:58:23.411+0000] {processor.py:830} INFO - Processing file /opt/airflow/dags/ingest_football_data.py for tasks to queue
[2026-04-21T19:58:23.412+0000] {logging_mixin.py:188} INFO - [2026-04-21T19:58:23.411+0000] {dagbag.py:538} INFO - Filling up the DagBag from /opt/airflow/dags/ingest_football_data.py
[2026-04-21T19:58:23.430+0000] {processor.py:840} INFO - DAG(s) 'ingest_football_data' retrieved from /opt/airflow/dags/ingest_football_data.py
[2026-04-21T19:58:23.465+0000] {logging_mixin.py:188} INFO - [2026-04-21T19:58:23.465+0000] {dag.py:3036} INFO - Sync 1 DAGs
[2026-04-21T19:58:23.494+0000] {logging_mixin.py:188} INFO - [2026-04-21T19:58:23.494+0000] {dag.py:3823} INFO - Setting next_dagrun for ingest_football_data to 2026-04-19 00:00:00+00:00, run_after=2026-04-26 00:00:00+00:00
[2026-04-21T19:58:23.518+0000] {processor.py:183} INFO - Processing /opt/airflow/dags/ingest_football_data.py took 0.115 seconds
[2026-04-21T19:58:53.600+0000] {processor.py:161} INFO - Started process (PID=4558) to work on /opt/airflow/dags/ingest_football_data.py
[2026-04-21T19:58:53.601+0000] {processor.py:830} INFO - Processing file /opt/airflow/dags/ingest_football_data.py for tasks to queue
[2026-04-21T19:58:53.603+0000] {logging_mixin.py:188} INFO - [2026-04-21T19:58:53.602+0000] {dagbag.py:538} INFO - Filling up the DagBag from /opt/airflow/dags/ingest_football_data.py
[2026-04-21T19:58:53.622+0000] {processor.py:840} INFO - DAG(s) 'ingest_football_data' retrieved from /opt/airflow/dags/ingest_football_data.py
[2026-04-21T19:58:53.662+0000] {logging_mixin.py:188} INFO - [2026-04-21T19:58:53.662+0000] {dag.py:3036} INFO - Sync 1 DAGs
[2026-04-21T19:58:53.694+0000] {logging_mixin.py:188} INFO - [2026-04-21T19:58:53.694+0000] {dag.py:3823} INFO - Setting next_dagrun for ingest_football_data to 2026-04-19 00:00:00+00:00, run_after=2026-04-26 00:00:00+00:00
[2026-04-21T19:58:53.719+0000] {processor.py:183} INFO - Processing /opt/airflow/dags/ingest_football_data.py took 0.124 seconds
[2026-04-21T19:59:23.918+0000] {processor.py:161} INFO - Started process (PID=4563) to work on /opt/airflow/dags/ingest_football_data.py
[2026-04-21T19:59:23.921+0000] {processor.py:830} INFO - Processing file /opt/airflow/dags/ingest_football_data.py for tasks to queue
[2026-04-21T19:59:23.922+0000] {logging_mixin.py:188} INFO - [2026-04-21T19:59:23.922+0000] {dagbag.py:538} INFO - Filling up the DagBag from /opt/airflow/dags/ingest_football_data.py
[2026-04-21T19:59:23.942+0000] {processor.py:840} INFO - DAG(s) 'ingest_football_data' retrieved from /opt/airflow/dags/ingest_football_data.py
[2026-04-21T19:59:23.981+0000] {logging_mixin.py:188} INFO - [2026-04-21T19:59:23.980+0000] {dag.py:3036} INFO - Sync 1 DAGs
[2026-04-21T19:59:24.013+0000] {logging_mixin.py:188} INFO - [2026-04-21T19:59:24.012+0000] {dag.py:3823} INFO - Setting next_dagrun for ingest_football_data to 2026-04-19 00:00:00+00:00, run_after=2026-04-26 00:00:00+00:00
[2026-04-21T19:59:24.035+0000] {processor.py:183} INFO - Processing /opt/airflow/dags/ingest_football_data.py took 0.121 seconds
[2026-04-21T19:59:54.100+0000] {processor.py:161} INFO - Started process (PID=4568) to work on /opt/airflow/dags/ingest_football_data.py
[2026-04-21T19:59:54.102+0000] {processor.py:830} INFO - Processing file /opt/airflow/dags/ingest_football_data.py for tasks to queue
[2026-04-21T19:59:54.103+0000] {logging_mixin.py:188} INFO - [2026-04-21T19:59:54.103+0000] {dagbag.py:538} INFO - Filling up the DagBag from /opt/airflow/dags/ingest_football_data.py
[2026-04-21T19:59:54.128+0000] {processor.py:840} INFO - DAG(s) 'ingest_football_data' retrieved from /opt/airflow/dags/ingest_football_data.py
[2026-04-21T19:59:54.170+0000] {logging_mixin.py:188} INFO - [2026-04-21T19:59:54.169+0000] {dag.py:3036} INFO - Sync 1 DAGs
[2026-04-21T19:59:54.198+0000] {logging_mixin.py:188} INFO - [2026-04-21T19:59:54.198+0000] {dag.py:3823} INFO - Setting next_dagrun for ingest_football_data to 2026-04-19 00:00:00+00:00, run_after=2026-04-26 00:00:00+00:00
[2026-04-21T19:59:54.224+0000] {processor.py:183} INFO - Processing /opt/airflow/dags/ingest_football_data.py took 0.129 seconds
[2026-04-21T20:00:24.400+0000] {processor.py:161} INFO - Started process (PID=4573) to work on /opt/airflow/dags/ingest_football_data.py
[2026-04-21T20:00:24.401+0000] {processor.py:830} INFO - Processing file /opt/airflow/dags/ingest_football_data.py for tasks to queue
[2026-04-21T20:00:24.402+0000] {logging_mixin.py:188} INFO - [2026-04-21T20:00:24.401+0000] {dagbag.py:538} INFO - Filling up the DagBag from /opt/airflow/dags/ingest_football_data.py
[2026-04-21T20:00:24.420+0000] {processor.py:840} INFO - DAG(s) 'ingest_football_data' retrieved from /opt/airflow/dags/ingest_football_data.py
[2026-04-21T20:00:24.461+0000] {logging_mixin.py:188} INFO - [2026-04-21T20:00:24.460+0000] {dag.py:3036} INFO - Sync 1 DAGs
[2026-04-21T20:00:24.491+0000] {logging_mixin.py:188} INFO - [2026-04-21T20:00:24.490+0000] {dag.py:3823} INFO - Setting next_dagrun for ingest_football_data to 2026-04-19 00:00:00+00:00, run_after=2026-04-26 00:00:00+00:00
[2026-04-21T20:00:24.517+0000] {processor.py:183} INFO - Processing /opt/airflow/dags/ingest_football_data.py took 0.121 seconds
[2026-04-21T20:00:54.592+0000] {processor.py:161} INFO - Started process (PID=4578) to work on /opt/airflow/dags/ingest_football_data.py
[2026-04-21T20:00:54.593+0000] {processor.py:830} INFO - Processing file /opt/airflow/dags/ingest_football_data.py for tasks to queue
[2026-04-21T20:00:54.595+0000] {logging_mixin.py:188} INFO - [2026-04-21T20:00:54.594+0000] {dagbag.py:538} INFO - Filling up the DagBag from /opt/airflow/dags/ingest_football_data.py
[2026-04-21T20:00:54.613+0000] {processor.py:840} INFO - DAG(s) 'ingest_football_data' retrieved from /opt/airflow/dags/ingest_football_data.py
[2026-04-21T20:00:54.654+0000] {logging_mixin.py:188} INFO - [2026-04-21T20:00:54.654+0000] {dag.py:3036} INFO - Sync 1 DAGs
[2026-04-21T20:00:54.690+0000] {logging_mixin.py:188} INFO - [2026-04-21T20:00:54.690+0000] {dag.py:3823} INFO - Setting next_dagrun for ingest_football_data to 2026-04-19 00:00:00+00:00, run_after=2026-04-26 00:00:00+00:00
[2026-04-21T20:00:54.716+0000] {processor.py:183} INFO - Processing /opt/airflow/dags/ingest_football_data.py took 0.129 seconds
[2026-04-21T20:01:24.901+0000] {processor.py:161} INFO - Started process (PID=4583) to work on /opt/airflow/dags/ingest_football_data.py
[2026-04-21T20:01:24.902+0000] {processor.py:830} INFO - Processing file /opt/airflow/dags/ingest_football_data.py for tasks to queue
[2026-04-21T20:01:24.903+0000] {logging_mixin.py:188} INFO - [2026-04-21T20:01:24.902+0000] {dagbag.py:538} INFO - Filling up the DagBag from /opt/airflow/dags/ingest_football_data.py
[2026-04-21T20:01:24.921+0000] {processor.py:840} INFO - DAG(s) 'ingest_football_data' retrieved from /opt/airflow/dags/ingest_football_data.py
[2026-04-21T20:01:24.957+0000] {logging_mixin.py:188} INFO - [2026-04-21T20:01:24.957+0000] {dag.py:3036} INFO - Sync 1 DAGs
[2026-04-21T20:01:24.985+0000] {logging_mixin.py:188} INFO - [2026-04-21T20:01:24.985+0000] {dag.py:3823} INFO - Setting next_dagrun for ingest_football_data to 2026-04-19 00:00:00+00:00, run_after=2026-04-26 00:00:00+00:00
[2026-04-21T20:01:25.008+0000] {processor.py:183} INFO - Processing /opt/airflow/dags/ingest_football_data.py took 0.112 seconds
[2026-04-21T20:01:55.093+0000] {processor.py:161} INFO - Started process (PID=4588) to work on /opt/airflow/dags/ingest_football_data.py
[2026-04-21T20:01:55.096+0000] {processor.py:830} INFO - Processing file /opt/airflow/dags/ingest_football_data.py for tasks to queue
[2026-04-21T20:01:55.097+0000] {logging_mixin.py:188} INFO - [2026-04-21T20:01:55.097+0000] {dagbag.py:538} INFO - Filling up the DagBag from /opt/airflow/dags/ingest_football_data.py
[2026-04-21T20:01:55.116+0000] {processor.py:840} INFO - DAG(s) 'ingest_football_data' retrieved from /opt/airflow/dags/ingest_football_data.py
[2026-04-21T20:01:55.154+0000] {logging_mixin.py:188} INFO - [2026-04-21T20:01:55.154+0000] {dag.py:3036} INFO - Sync 1 DAGs
[2026-04-21T20:01:55.185+0000] {logging_mixin.py:188} INFO - [2026-04-21T20:01:55.184+0000] {dag.py:3823} INFO - Setting next_dagrun for ingest_football_data to 2026-04-19 00:00:00+00:00, run_after=2026-04-26 00:00:00+00:00
[2026-04-21T20:01:55.211+0000] {processor.py:183} INFO - Processing /opt/airflow/dags/ingest_football_data.py took 0.123 seconds
[2026-04-21T20:02:25.380+0000] {processor.py:161} INFO - Started process (PID=4593) to work on /opt/airflow/dags/ingest_football_data.py
[2026-04-21T20:02:25.381+0000] {processor.py:830} INFO - Processing file /opt/airflow/dags/ingest_football_data.py for tasks to queue
[2026-04-21T20:02:25.382+0000] {logging_mixin.py:188} INFO - [2026-04-21T20:02:25.381+0000] {dagbag.py:538} INFO - Filling up the DagBag from /opt/airflow/dags/ingest_football_data.py
[2026-04-21T20:02:25.401+0000] {processor.py:840} INFO - DAG(s) 'ingest_football_data' retrieved from /opt/airflow/dags/ingest_football_data.py
[2026-04-21T20:02:25.438+0000] {logging_mixin.py:188} INFO - [2026-04-21T20:02:25.437+0000] {dag.py:3036} INFO - Sync 1 DAGs
[2026-04-21T20:02:25.468+0000] {logging_mixin.py:188} INFO - [2026-04-21T20:02:25.467+0000] {dag.py:3823} INFO - Setting next_dagrun for ingest_football_data to 2026-04-19 00:00:00+00:00, run_after=2026-04-26 00:00:00+00:00
[2026-04-21T20:02:25.489+0000] {processor.py:183} INFO - Processing /opt/airflow/dags/ingest_football_data.py took 0.114 seconds
[2026-04-21T20:02:55.570+0000] {processor.py:161} INFO - Started process (PID=4598) to work on /opt/airflow/dags/ingest_football_data.py
[2026-04-21T20:02:55.573+0000] {processor.py:830} INFO - Processing file /opt/airflow/dags/ingest_football_data.py for tasks to queue
[2026-04-21T20:02:55.574+0000] {logging_mixin.py:188} INFO - [2026-04-21T20:02:55.574+0000] {dagbag.py:538} INFO - Filling up the DagBag from /opt/airflow/dags/ingest_football_data.py
[2026-04-21T20:02:55.593+0000] {processor.py:840} INFO - DAG(s) 'ingest_football_data' retrieved from /opt/airflow/dags/ingest_football_data.py
[2026-04-21T20:02:55.630+0000] {logging_mixin.py:188} INFO - [2026-04-21T20:02:55.629+0000] {dag.py:3036} INFO - Sync 1 DAGs
[2026-04-21T20:02:55.666+0000] {logging_mixin.py:188} INFO - [2026-04-21T20:02:55.666+0000] {dag.py:3823} INFO - Setting next_dagrun for ingest_football_data to 2026-04-19 00:00:00+00:00, run_after=2026-04-26 00:00:00+00:00
[2026-04-21T20:02:55.696+0000] {processor.py:183} INFO - Processing /opt/airflow/dags/ingest_football_data.py took 0.131 seconds
[2026-04-21T20:03:25.861+0000] {processor.py:161} INFO - Started process (PID=4603) to work on /opt/airflow/dags/ingest_football_data.py
[2026-04-21T20:03:25.862+0000] {processor.py:830} INFO - Processing file /opt/airflow/dags/ingest_football_data.py for tasks to queue
[2026-04-21T20:03:25.863+0000] {logging_mixin.py:188} INFO - [2026-04-21T20:03:25.862+0000] {dagbag.py:538} INFO - Filling up the DagBag from /opt/airflow/dags/ingest_football_data.py
[2026-04-21T20:03:25.881+0000] {processor.py:840} INFO - DAG(s) 'ingest_football_data' retrieved from /opt/airflow/dags/ingest_football_data.py
[2026-04-21T20:03:25.920+0000] {logging_mixin.py:188} INFO - [2026-04-21T20:03:25.920+0000] {dag.py:3036} INFO - Sync 1 DAGs
[2026-04-21T20:03:25.950+0000] {logging_mixin.py:188} INFO - [2026-04-21T20:03:25.950+0000] {dag.py:3823} INFO - Setting next_dagrun for ingest_football_data to 2026-04-19 00:00:00+00:00, run_after=2026-04-26 00:00:00+00:00
[2026-04-21T20:03:25.976+0000] {processor.py:183} INFO - Processing /opt/airflow/dags/ingest_football_data.py took 0.120 seconds
[2026-04-21T20:03:56.075+0000] {processor.py:161} INFO - Started process (PID=4608) to work on /opt/airflow/dags/ingest_football_data.py
[2026-04-21T20:03:56.078+0000] {processor.py:830} INFO - Processing file /opt/airflow/dags/ingest_football_data.py for tasks to queue
[2026-04-21T20:03:56.079+0000] {logging_mixin.py:188} INFO - [2026-04-21T20:03:56.079+0000] {dagbag.py:538} INFO - Filling up the DagBag from /opt/airflow/dags/ingest_football_data.py
[2026-04-21T20:03:56.098+0000] {processor.py:840} INFO - DAG(s) 'ingest_football_data' retrieved from /opt/airflow/dags/ingest_football_data.py
[2026-04-21T20:03:56.137+0000] {logging_mixin.py:188} INFO - [2026-04-21T20:03:56.137+0000] {dag.py:3036} INFO - Sync 1 DAGs
[2026-04-21T20:03:56.168+0000] {logging_mixin.py:188} INFO - [2026-04-21T20:03:56.168+0000] {dag.py:3823} INFO - Setting next_dagrun for ingest_football_data to 2026-04-19 00:00:00+00:00, run_after=2026-04-26 00:00:00+00:00
[2026-04-21T20:03:56.193+0000] {processor.py:183} INFO - Processing /opt/airflow/dags/ingest_football_data.py took 0.123 seconds
[2026-04-21T20:04:26.383+0000] {processor.py:161} INFO - Started process (PID=4613) to work on /opt/airflow/dags/ingest_football_data.py
[2026-04-21T20:04:26.384+0000] {processor.py:830} INFO - Processing file /opt/airflow/dags/ingest_football_data.py for tasks to queue
[2026-04-21T20:04:26.385+0000] {logging_mixin.py:188} INFO - [2026-04-21T20:04:26.384+0000] {dagbag.py:538} INFO - Filling up the DagBag from /opt/airflow/dags/ingest_football_data.py
[2026-04-21T20:04:26.405+0000] {processor.py:840} INFO - DAG(s) 'ingest_football_data' retrieved from /opt/airflow/dags/ingest_football_data.py
[2026-04-21T20:04:26.442+0000] {logging_mixin.py:188} INFO - [2026-04-21T20:04:26.441+0000] {dag.py:3036} INFO - Sync 1 DAGs
[2026-04-21T20:04:26.472+0000] {logging_mixin.py:188} INFO - [2026-04-21T20:04:26.472+0000] {dag.py:3823} INFO - Setting next_dagrun for ingest_football_data to 2026-04-19 00:00:00+00:00, run_after=2026-04-26 00:00:00+00:00
[2026-04-21T20:04:26.498+0000] {processor.py:183} INFO - Processing /opt/airflow/dags/ingest_football_data.py took 0.120 seconds
[2026-04-21T20:04:56.575+0000] {processor.py:161} INFO - Started process (PID=4618) to work on /opt/airflow/dags/ingest_football_data.py
[2026-04-21T20:04:56.578+0000] {processor.py:830} INFO - Processing file /opt/airflow/dags/ingest_football_data.py for tasks to queue
[2026-04-21T20:04:56.579+0000] {logging_mixin.py:188} INFO - [2026-04-21T20:04:56.579+0000] {dagbag.py:538} INFO - Filling up the DagBag from /opt/airflow/dags/ingest_football_data.py
[2026-04-21T20:04:56.599+0000] {processor.py:840} INFO - DAG(s) 'ingest_football_data' retrieved from /opt/airflow/dags/ingest_football_data.py
[2026-04-21T20:04:56.637+0000] {logging_mixin.py:188} INFO - [2026-04-21T20:04:56.636+0000] {dag.py:3036} INFO - Sync 1 DAGs
[2026-04-21T20:04:56.668+0000] {logging_mixin.py:188} INFO - [2026-04-21T20:04:56.667+0000] {dag.py:3823} INFO - Setting next_dagrun for ingest_football_data to 2026-04-19 00:00:00+00:00, run_after=2026-04-26 00:00:00+00:00
[2026-04-21T20:04:56.697+0000] {processor.py:183} INFO - Processing /opt/airflow/dags/ingest_football_data.py took 0.127 seconds
[2026-04-21T20:05:26.891+0000] {processor.py:161} INFO - Started process (PID=4623) to work on /opt/airflow/dags/ingest_football_data.py
[2026-04-21T20:05:26.892+0000] {processor.py:830} INFO - Processing file /opt/airflow/dags/ingest_football_data.py for tasks to queue
[2026-04-21T20:05:26.893+0000] {logging_mixin.py:188} INFO - [2026-04-21T20:05:26.892+0000] {dagbag.py:538} INFO - Filling up the DagBag from /opt/airflow/dags/ingest_football_data.py
[2026-04-21T20:05:26.912+0000] {processor.py:840} INFO - DAG(s) 'ingest_football_data' retrieved from /opt/airflow/dags/ingest_football_data.py
[2026-04-21T20:05:26.952+0000] {logging_mixin.py:188} INFO - [2026-04-21T20:05:26.951+0000] {dag.py:3036} INFO - Sync 1 DAGs
[2026-04-21T20:05:26.987+0000] {logging_mixin.py:188} INFO - [2026-04-21T20:05:26.986+0000] {dag.py:3823} INFO - Setting next_dagrun for ingest_football_data to 2026-04-19 00:00:00+00:00, run_after=2026-04-26 00:00:00+00:00
[2026-04-21T20:05:27.016+0000] {processor.py:183} INFO - Processing /opt/airflow/dags/ingest_football_data.py took 0.129 seconds
[2026-04-21T20:05:57.086+0000] {processor.py:161} INFO - Started process (PID=4628) to work on /opt/airflow/dags/ingest_football_data.py
[2026-04-21T20:05:57.088+0000] {processor.py:830} INFO - Processing file /opt/airflow/dags/ingest_football_data.py for tasks to queue
[2026-04-21T20:05:57.089+0000] {logging_mixin.py:188} INFO - [2026-04-21T20:05:57.088+0000] {dagbag.py:538} INFO - Filling up the DagBag from /opt/airflow/dags/ingest_football_data.py
[2026-04-21T20:05:57.115+0000] {processor.py:840} INFO - DAG(s) 'ingest_football_data' retrieved from /opt/airflow/dags/ingest_football_data.py
[2026-04-21T20:05:57.161+0000] {logging_mixin.py:188} INFO - [2026-04-21T20:05:57.160+0000] {dag.py:3036} INFO - Sync 1 DAGs
[2026-04-21T20:05:57.200+0000] {logging_mixin.py:188} INFO - [2026-04-21T20:05:57.199+0000] {dag.py:3823} INFO - Setting next_dagrun for ingest_football_data to 2026-04-19 00:00:00+00:00, run_after=2026-04-26 00:00:00+00:00
[2026-04-21T20:05:57.225+0000] {processor.py:183} INFO - Processing /opt/airflow/dags/ingest_football_data.py took 0.144 seconds
[2026-04-21T20:06:27.388+0000] {processor.py:161} INFO - Started process (PID=4633) to work on /opt/airflow/dags/ingest_football_data.py
[2026-04-21T20:06:27.389+0000] {processor.py:830} INFO - Processing file /opt/airflow/dags/ingest_football_data.py for tasks to queue
[2026-04-21T20:06:27.390+0000] {logging_mixin.py:188} INFO - [2026-04-21T20:06:27.390+0000] {dagbag.py:538} INFO - Filling up the DagBag from /opt/airflow/dags/ingest_football_data.py
[2026-04-21T20:06:27.409+0000] {processor.py:840} INFO - DAG(s) 'ingest_football_data' retrieved from /opt/airflow/dags/ingest_football_data.py
[2026-04-21T20:06:27.445+0000] {logging_mixin.py:188} INFO - [2026-04-21T20:06:27.445+0000] {dag.py:3036} INFO - Sync 1 DAGs
[2026-04-21T20:06:27.474+0000] {logging_mixin.py:188} INFO - [2026-04-21T20:06:27.473+0000] {dag.py:3823} INFO - Setting next_dagrun for ingest_football_data to 2026-04-19 00:00:00+00:00, run_after=2026-04-26 00:00:00+00:00
[2026-04-21T20:06:27.497+0000] {processor.py:183} INFO - Processing /opt/airflow/dags/ingest_football_data.py took 0.113 seconds
[2026-04-21T20:06:57.595+0000] {processor.py:161} INFO - Started process (PID=4638) to work on /opt/airflow/dags/ingest_football_data.py
[2026-04-21T20:06:57.598+0000] {processor.py:830} INFO - Processing file /opt/airflow/dags/ingest_football_data.py for tasks to queue
[2026-04-21T20:06:57.601+0000] {logging_mixin.py:188} INFO - [2026-04-21T20:06:57.599+0000] {dagbag.py:538} INFO - Filling up the DagBag from /opt/airflow/dags/ingest_football_data.py
[2026-04-21T20:06:57.621+0000] {processor.py:840} INFO - DAG(s) 'ingest_football_data' retrieved from /opt/airflow/dags/ingest_football_data.py
[2026-04-21T20:06:57.663+0000] {logging_mixin.py:188} INFO - [2026-04-21T20:06:57.662+0000] {dag.py:3036} INFO - Sync 1 DAGs
[2026-04-21T20:06:57.702+0000] {logging_mixin.py:188} INFO - [2026-04-21T20:06:57.701+0000] {dag.py:3823} INFO - Setting next_dagrun for ingest_football_data to 2026-04-19 00:00:00+00:00, run_after=2026-04-26 00:00:00+00:00
[2026-04-21T20:06:57.734+0000] {processor.py:183} INFO - Processing /opt/airflow/dags/ingest_football_data.py took 0.143 seconds
[2026-04-21T20:07:27.883+0000] {processor.py:161} INFO - Started process (PID=4643) to work on /opt/airflow/dags/ingest_football_data.py
[2026-04-21T20:07:27.884+0000] {processor.py:830} INFO - Processing file /opt/airflow/dags/ingest_football_data.py for tasks to queue
[2026-04-21T20:07:27.885+0000] {logging_mixin.py:188} INFO - [2026-04-21T20:07:27.885+0000] {dagbag.py:538} INFO - Filling up the DagBag from /opt/airflow/dags/ingest_football_data.py
[2026-04-21T20:07:27.905+0000] {processor.py:840} INFO - DAG(s) 'ingest_football_data' retrieved from /opt/airflow/dags/ingest_football_data.py
[2026-04-21T20:07:27.942+0000] {logging_mixin.py:188} INFO - [2026-04-21T20:07:27.942+0000] {dag.py:3036} INFO - Sync 1 DAGs
[2026-04-21T20:07:27.972+0000] {logging_mixin.py:188} INFO - [2026-04-21T20:07:27.972+0000] {dag.py:3823} INFO - Setting next_dagrun for ingest_football_data to 2026-04-19 00:00:00+00:00, run_after=2026-04-26 00:00:00+00:00
[2026-04-21T20:07:27.996+0000] {processor.py:183} INFO - Processing /opt/airflow/dags/ingest_football_data.py took 0.117 seconds
[2026-04-21T20:07:58.093+0000] {processor.py:161} INFO - Started process (PID=4648) to work on /opt/airflow/dags/ingest_football_data.py
[2026-04-21T20:07:58.095+0000] {processor.py:830} INFO - Processing file /opt/airflow/dags/ingest_football_data.py for tasks to queue
[2026-04-21T20:07:58.096+0000] {logging_mixin.py:188} INFO - [2026-04-21T20:07:58.095+0000] {dagbag.py:538} INFO - Filling up the DagBag from /opt/airflow/dags/ingest_football_data.py
[2026-04-21T20:07:58.114+0000] {processor.py:840} INFO - DAG(s) 'ingest_football_data' retrieved from /opt/airflow/dags/ingest_football_data.py
[2026-04-21T20:07:58.154+0000] {logging_mixin.py:188} INFO - [2026-04-21T20:07:58.154+0000] {dag.py:3036} INFO - Sync 1 DAGs
[2026-04-21T20:07:58.190+0000] {logging_mixin.py:188} INFO - [2026-04-21T20:07:58.189+0000] {dag.py:3823} INFO - Setting next_dagrun for ingest_football_data to 2026-04-19 00:00:00+00:00, run_after=2026-04-26 00:00:00+00:00
[2026-04-21T20:07:58.215+0000] {processor.py:183} INFO - Processing /opt/airflow/dags/ingest_football_data.py took 0.127 seconds
