[2026-05-01T10:11:26.058+0000] {processor.py:161} INFO - Started process (PID=176) to work on /opt/airflow/dags/ingest_football_data.py
[2026-05-01T10:11:26.062+0000] {processor.py:830} INFO - Processing file /opt/airflow/dags/ingest_football_data.py for tasks to queue
[2026-05-01T10:11:26.064+0000] {logging_mixin.py:188} INFO - [2026-05-01T10:11:26.063+0000] {dagbag.py:538} INFO - Filling up the DagBag from /opt/airflow/dags/ingest_football_data.py
[2026-05-01T10:11:26.106+0000] {processor.py:840} INFO - DAG(s) 'ingest_football_data' retrieved from /opt/airflow/dags/ingest_football_data.py
[2026-05-01T10:11:26.147+0000] {logging_mixin.py:188} INFO - [2026-05-01T10:11:26.147+0000] {dag.py:3036} INFO - Sync 1 DAGs
[2026-05-01T10:11:26.182+0000] {logging_mixin.py:188} INFO - [2026-05-01T10:11:26.182+0000] {dag.py:3823} INFO - Setting next_dagrun for ingest_football_data to 2026-04-26 00:00:00+00:00, run_after=2026-05-03 00:00:00+00:00
[2026-05-01T10:11:26.212+0000] {processor.py:183} INFO - Processing /opt/airflow/dags/ingest_football_data.py took 0.162 seconds
[2026-05-01T10:11:56.292+0000] {processor.py:161} INFO - Started process (PID=182) to work on /opt/airflow/dags/ingest_football_data.py
[2026-05-01T10:11:56.293+0000] {processor.py:830} INFO - Processing file /opt/airflow/dags/ingest_football_data.py for tasks to queue
[2026-05-01T10:11:56.294+0000] {logging_mixin.py:188} INFO - [2026-05-01T10:11:56.294+0000] {dagbag.py:538} INFO - Filling up the DagBag from /opt/airflow/dags/ingest_football_data.py
[2026-05-01T10:11:56.311+0000] {processor.py:840} INFO - DAG(s) 'ingest_football_data' retrieved from /opt/airflow/dags/ingest_football_data.py
[2026-05-01T10:11:56.442+0000] {logging_mixin.py:188} INFO - [2026-05-01T10:11:56.442+0000] {dag.py:3036} INFO - Sync 1 DAGs
[2026-05-01T10:11:56.462+0000] {logging_mixin.py:188} INFO - [2026-05-01T10:11:56.462+0000] {dag.py:3823} INFO - Setting next_dagrun for ingest_football_data to 2026-04-26 00:00:00+00:00, run_after=2026-05-03 00:00:00+00:00
[2026-05-01T10:11:56.480+0000] {processor.py:183} INFO - Processing /opt/airflow/dags/ingest_football_data.py took 0.193 seconds
[2026-05-01T10:12:26.568+0000] {processor.py:161} INFO - Started process (PID=187) to work on /opt/airflow/dags/ingest_football_data.py
[2026-05-01T10:12:26.569+0000] {processor.py:830} INFO - Processing file /opt/airflow/dags/ingest_football_data.py for tasks to queue
[2026-05-01T10:12:26.570+0000] {logging_mixin.py:188} INFO - [2026-05-01T10:12:26.569+0000] {dagbag.py:538} INFO - Filling up the DagBag from /opt/airflow/dags/ingest_football_data.py
[2026-05-01T10:12:26.588+0000] {processor.py:840} INFO - DAG(s) 'ingest_football_data' retrieved from /opt/airflow/dags/ingest_football_data.py
[2026-05-01T10:12:26.626+0000] {logging_mixin.py:188} INFO - [2026-05-01T10:12:26.625+0000] {dag.py:3036} INFO - Sync 1 DAGs
[2026-05-01T10:12:26.655+0000] {logging_mixin.py:188} INFO - [2026-05-01T10:12:26.655+0000] {dag.py:3823} INFO - Setting next_dagrun for ingest_football_data to 2026-04-26 00:00:00+00:00, run_after=2026-05-03 00:00:00+00:00
[2026-05-01T10:12:26.676+0000] {processor.py:183} INFO - Processing /opt/airflow/dags/ingest_football_data.py took 0.112 seconds
[2026-05-01T10:12:56.832+0000] {processor.py:161} INFO - Started process (PID=192) to work on /opt/airflow/dags/ingest_football_data.py
[2026-05-01T10:12:56.834+0000] {processor.py:830} INFO - Processing file /opt/airflow/dags/ingest_football_data.py for tasks to queue
[2026-05-01T10:12:56.835+0000] {logging_mixin.py:188} INFO - [2026-05-01T10:12:56.835+0000] {dagbag.py:538} INFO - Filling up the DagBag from /opt/airflow/dags/ingest_football_data.py
[2026-05-01T10:12:56.851+0000] {processor.py:840} INFO - DAG(s) 'ingest_football_data' retrieved from /opt/airflow/dags/ingest_football_data.py
[2026-05-01T10:12:56.885+0000] {logging_mixin.py:188} INFO - [2026-05-01T10:12:56.884+0000] {dag.py:3036} INFO - Sync 1 DAGs
[2026-05-01T10:12:56.908+0000] {logging_mixin.py:188} INFO - [2026-05-01T10:12:56.908+0000] {dag.py:3823} INFO - Setting next_dagrun for ingest_football_data to 2026-04-26 00:00:00+00:00, run_after=2026-05-03 00:00:00+00:00
[2026-05-01T10:12:56.928+0000] {processor.py:183} INFO - Processing /opt/airflow/dags/ingest_football_data.py took 0.100 seconds
[2026-05-01T10:13:27.015+0000] {processor.py:161} INFO - Started process (PID=197) to work on /opt/airflow/dags/ingest_football_data.py
[2026-05-01T10:13:27.016+0000] {processor.py:830} INFO - Processing file /opt/airflow/dags/ingest_football_data.py for tasks to queue
[2026-05-01T10:13:27.017+0000] {logging_mixin.py:188} INFO - [2026-05-01T10:13:27.017+0000] {dagbag.py:538} INFO - Filling up the DagBag from /opt/airflow/dags/ingest_football_data.py
[2026-05-01T10:13:27.034+0000] {processor.py:840} INFO - DAG(s) 'ingest_football_data' retrieved from /opt/airflow/dags/ingest_football_data.py
[2026-05-01T10:13:27.070+0000] {logging_mixin.py:188} INFO - [2026-05-01T10:13:27.069+0000] {dag.py:3036} INFO - Sync 1 DAGs
[2026-05-01T10:13:27.101+0000] {logging_mixin.py:188} INFO - [2026-05-01T10:13:27.100+0000] {dag.py:3823} INFO - Setting next_dagrun for ingest_football_data to 2026-04-26 00:00:00+00:00, run_after=2026-05-03 00:00:00+00:00
[2026-05-01T10:13:27.121+0000] {processor.py:183} INFO - Processing /opt/airflow/dags/ingest_football_data.py took 0.111 seconds
[2026-05-01T10:13:57.278+0000] {processor.py:161} INFO - Started process (PID=202) to work on /opt/airflow/dags/ingest_football_data.py
[2026-05-01T10:13:57.281+0000] {processor.py:830} INFO - Processing file /opt/airflow/dags/ingest_football_data.py for tasks to queue
[2026-05-01T10:13:57.283+0000] {logging_mixin.py:188} INFO - [2026-05-01T10:13:57.282+0000] {dagbag.py:538} INFO - Filling up the DagBag from /opt/airflow/dags/ingest_football_data.py
[2026-05-01T10:13:57.301+0000] {processor.py:840} INFO - DAG(s) 'ingest_football_data' retrieved from /opt/airflow/dags/ingest_football_data.py
[2026-05-01T10:13:57.337+0000] {logging_mixin.py:188} INFO - [2026-05-01T10:13:57.337+0000] {dag.py:3036} INFO - Sync 1 DAGs
[2026-05-01T10:13:57.364+0000] {logging_mixin.py:188} INFO - [2026-05-01T10:13:57.364+0000] {dag.py:3823} INFO - Setting next_dagrun for ingest_football_data to 2026-04-26 00:00:00+00:00, run_after=2026-05-03 00:00:00+00:00
[2026-05-01T10:13:57.388+0000] {processor.py:183} INFO - Processing /opt/airflow/dags/ingest_football_data.py took 0.115 seconds
[2026-05-01T10:14:27.469+0000] {processor.py:161} INFO - Started process (PID=207) to work on /opt/airflow/dags/ingest_football_data.py
[2026-05-01T10:14:27.470+0000] {processor.py:830} INFO - Processing file /opt/airflow/dags/ingest_football_data.py for tasks to queue
[2026-05-01T10:14:27.471+0000] {logging_mixin.py:188} INFO - [2026-05-01T10:14:27.471+0000] {dagbag.py:538} INFO - Filling up the DagBag from /opt/airflow/dags/ingest_football_data.py
[2026-05-01T10:14:27.487+0000] {processor.py:840} INFO - DAG(s) 'ingest_football_data' retrieved from /opt/airflow/dags/ingest_football_data.py
[2026-05-01T10:14:27.525+0000] {logging_mixin.py:188} INFO - [2026-05-01T10:14:27.524+0000] {dag.py:3036} INFO - Sync 1 DAGs
[2026-05-01T10:14:27.557+0000] {logging_mixin.py:188} INFO - [2026-05-01T10:14:27.556+0000] {dag.py:3823} INFO - Setting next_dagrun for ingest_football_data to 2026-04-26 00:00:00+00:00, run_after=2026-05-03 00:00:00+00:00
[2026-05-01T10:14:27.582+0000] {processor.py:183} INFO - Processing /opt/airflow/dags/ingest_football_data.py took 0.118 seconds
[2026-05-01T10:14:57.743+0000] {processor.py:161} INFO - Started process (PID=212) to work on /opt/airflow/dags/ingest_football_data.py
[2026-05-01T10:14:57.746+0000] {processor.py:830} INFO - Processing file /opt/airflow/dags/ingest_football_data.py for tasks to queue
[2026-05-01T10:14:57.748+0000] {logging_mixin.py:188} INFO - [2026-05-01T10:14:57.747+0000] {dagbag.py:538} INFO - Filling up the DagBag from /opt/airflow/dags/ingest_football_data.py
[2026-05-01T10:14:57.765+0000] {processor.py:840} INFO - DAG(s) 'ingest_football_data' retrieved from /opt/airflow/dags/ingest_football_data.py
[2026-05-01T10:14:57.801+0000] {logging_mixin.py:188} INFO - [2026-05-01T10:14:57.801+0000] {dag.py:3036} INFO - Sync 1 DAGs
[2026-05-01T10:14:57.832+0000] {logging_mixin.py:188} INFO - [2026-05-01T10:14:57.832+0000] {dag.py:3823} INFO - Setting next_dagrun for ingest_football_data to 2026-04-26 00:00:00+00:00, run_after=2026-05-03 00:00:00+00:00
[2026-05-01T10:14:57.857+0000] {processor.py:183} INFO - Processing /opt/airflow/dags/ingest_football_data.py took 0.118 seconds
[2026-05-01T10:15:27.937+0000] {processor.py:161} INFO - Started process (PID=217) to work on /opt/airflow/dags/ingest_football_data.py
[2026-05-01T10:15:27.938+0000] {processor.py:830} INFO - Processing file /opt/airflow/dags/ingest_football_data.py for tasks to queue
[2026-05-01T10:15:27.939+0000] {logging_mixin.py:188} INFO - [2026-05-01T10:15:27.938+0000] {dagbag.py:538} INFO - Filling up the DagBag from /opt/airflow/dags/ingest_football_data.py
[2026-05-01T10:15:27.954+0000] {processor.py:840} INFO - DAG(s) 'ingest_football_data' retrieved from /opt/airflow/dags/ingest_football_data.py
[2026-05-01T10:15:27.989+0000] {logging_mixin.py:188} INFO - [2026-05-01T10:15:27.988+0000] {dag.py:3036} INFO - Sync 1 DAGs
[2026-05-01T10:15:28.017+0000] {logging_mixin.py:188} INFO - [2026-05-01T10:15:28.016+0000] {dag.py:3823} INFO - Setting next_dagrun for ingest_football_data to 2026-04-26 00:00:00+00:00, run_after=2026-05-03 00:00:00+00:00
[2026-05-01T10:15:28.036+0000] {processor.py:183} INFO - Processing /opt/airflow/dags/ingest_football_data.py took 0.103 seconds
[2026-05-01T10:15:58.218+0000] {processor.py:161} INFO - Started process (PID=222) to work on /opt/airflow/dags/ingest_football_data.py
[2026-05-01T10:15:58.221+0000] {processor.py:830} INFO - Processing file /opt/airflow/dags/ingest_football_data.py for tasks to queue
[2026-05-01T10:15:58.222+0000] {logging_mixin.py:188} INFO - [2026-05-01T10:15:58.222+0000] {dagbag.py:538} INFO - Filling up the DagBag from /opt/airflow/dags/ingest_football_data.py
[2026-05-01T10:15:58.238+0000] {processor.py:840} INFO - DAG(s) 'ingest_football_data' retrieved from /opt/airflow/dags/ingest_football_data.py
[2026-05-01T10:15:58.275+0000] {logging_mixin.py:188} INFO - [2026-05-01T10:15:58.274+0000] {dag.py:3036} INFO - Sync 1 DAGs
[2026-05-01T10:15:58.304+0000] {logging_mixin.py:188} INFO - [2026-05-01T10:15:58.303+0000] {dag.py:3823} INFO - Setting next_dagrun for ingest_football_data to 2026-04-26 00:00:00+00:00, run_after=2026-05-03 00:00:00+00:00
[2026-05-01T10:15:58.325+0000] {processor.py:183} INFO - Processing /opt/airflow/dags/ingest_football_data.py took 0.111 seconds
[2026-05-01T10:16:28.406+0000] {processor.py:161} INFO - Started process (PID=227) to work on /opt/airflow/dags/ingest_football_data.py
[2026-05-01T10:16:28.407+0000] {processor.py:830} INFO - Processing file /opt/airflow/dags/ingest_football_data.py for tasks to queue
[2026-05-01T10:16:28.408+0000] {logging_mixin.py:188} INFO - [2026-05-01T10:16:28.408+0000] {dagbag.py:538} INFO - Filling up the DagBag from /opt/airflow/dags/ingest_football_data.py
[2026-05-01T10:16:28.425+0000] {processor.py:840} INFO - DAG(s) 'ingest_football_data' retrieved from /opt/airflow/dags/ingest_football_data.py
[2026-05-01T10:16:28.451+0000] {logging_mixin.py:188} INFO - [2026-05-01T10:16:28.450+0000] {dag.py:3036} INFO - Sync 1 DAGs
[2026-05-01T10:16:28.474+0000] {logging_mixin.py:188} INFO - [2026-05-01T10:16:28.474+0000] {dag.py:3823} INFO - Setting next_dagrun for ingest_football_data to 2026-04-26 00:00:00+00:00, run_after=2026-05-03 00:00:00+00:00
[2026-05-01T10:16:28.492+0000] {processor.py:183} INFO - Processing /opt/airflow/dags/ingest_football_data.py took 0.090 seconds
[2026-05-01T10:16:58.677+0000] {processor.py:161} INFO - Started process (PID=232) to work on /opt/airflow/dags/ingest_football_data.py
[2026-05-01T10:16:58.680+0000] {processor.py:830} INFO - Processing file /opt/airflow/dags/ingest_football_data.py for tasks to queue
[2026-05-01T10:16:58.681+0000] {logging_mixin.py:188} INFO - [2026-05-01T10:16:58.681+0000] {dagbag.py:538} INFO - Filling up the DagBag from /opt/airflow/dags/ingest_football_data.py
[2026-05-01T10:16:58.696+0000] {processor.py:840} INFO - DAG(s) 'ingest_football_data' retrieved from /opt/airflow/dags/ingest_football_data.py
[2026-05-01T10:16:58.732+0000] {logging_mixin.py:188} INFO - [2026-05-01T10:16:58.732+0000] {dag.py:3036} INFO - Sync 1 DAGs
[2026-05-01T10:16:58.764+0000] {logging_mixin.py:188} INFO - [2026-05-01T10:16:58.764+0000] {dag.py:3823} INFO - Setting next_dagrun for ingest_football_data to 2026-04-26 00:00:00+00:00, run_after=2026-05-03 00:00:00+00:00
[2026-05-01T10:16:58.791+0000] {processor.py:183} INFO - Processing /opt/airflow/dags/ingest_football_data.py took 0.118 seconds
[2026-05-01T10:17:28.857+0000] {processor.py:161} INFO - Started process (PID=237) to work on /opt/airflow/dags/ingest_football_data.py
[2026-05-01T10:17:28.858+0000] {processor.py:830} INFO - Processing file /opt/airflow/dags/ingest_football_data.py for tasks to queue
[2026-05-01T10:17:28.859+0000] {logging_mixin.py:188} INFO - [2026-05-01T10:17:28.858+0000] {dagbag.py:538} INFO - Filling up the DagBag from /opt/airflow/dags/ingest_football_data.py
[2026-05-01T10:17:28.875+0000] {processor.py:840} INFO - DAG(s) 'ingest_football_data' retrieved from /opt/airflow/dags/ingest_football_data.py
[2026-05-01T10:17:28.912+0000] {logging_mixin.py:188} INFO - [2026-05-01T10:17:28.911+0000] {dag.py:3036} INFO - Sync 1 DAGs
[2026-05-01T10:17:28.940+0000] {logging_mixin.py:188} INFO - [2026-05-01T10:17:28.940+0000] {dag.py:3823} INFO - Setting next_dagrun for ingest_football_data to 2026-04-26 00:00:00+00:00, run_after=2026-05-03 00:00:00+00:00
[2026-05-01T10:17:28.967+0000] {processor.py:183} INFO - Processing /opt/airflow/dags/ingest_football_data.py took 0.114 seconds
[2026-05-01T10:17:59.132+0000] {processor.py:161} INFO - Started process (PID=242) to work on /opt/airflow/dags/ingest_football_data.py
[2026-05-01T10:17:59.135+0000] {processor.py:830} INFO - Processing file /opt/airflow/dags/ingest_football_data.py for tasks to queue
[2026-05-01T10:17:59.137+0000] {logging_mixin.py:188} INFO - [2026-05-01T10:17:59.136+0000] {dagbag.py:538} INFO - Filling up the DagBag from /opt/airflow/dags/ingest_football_data.py
[2026-05-01T10:17:59.153+0000] {processor.py:840} INFO - DAG(s) 'ingest_football_data' retrieved from /opt/airflow/dags/ingest_football_data.py
[2026-05-01T10:17:59.187+0000] {logging_mixin.py:188} INFO - [2026-05-01T10:17:59.187+0000] {dag.py:3036} INFO - Sync 1 DAGs
[2026-05-01T10:17:59.217+0000] {logging_mixin.py:188} INFO - [2026-05-01T10:17:59.217+0000] {dag.py:3823} INFO - Setting next_dagrun for ingest_football_data to 2026-04-26 00:00:00+00:00, run_after=2026-05-03 00:00:00+00:00
[2026-05-01T10:17:59.244+0000] {processor.py:183} INFO - Processing /opt/airflow/dags/ingest_football_data.py took 0.115 seconds
[2026-05-01T10:18:29.314+0000] {processor.py:161} INFO - Started process (PID=247) to work on /opt/airflow/dags/ingest_football_data.py
[2026-05-01T10:18:29.315+0000] {processor.py:830} INFO - Processing file /opt/airflow/dags/ingest_football_data.py for tasks to queue
[2026-05-01T10:18:29.316+0000] {logging_mixin.py:188} INFO - [2026-05-01T10:18:29.316+0000] {dagbag.py:538} INFO - Filling up the DagBag from /opt/airflow/dags/ingest_football_data.py
[2026-05-01T10:18:29.331+0000] {processor.py:840} INFO - DAG(s) 'ingest_football_data' retrieved from /opt/airflow/dags/ingest_football_data.py
[2026-05-01T10:18:29.362+0000] {logging_mixin.py:188} INFO - [2026-05-01T10:18:29.362+0000] {dag.py:3036} INFO - Sync 1 DAGs
[2026-05-01T10:18:29.394+0000] {logging_mixin.py:188} INFO - [2026-05-01T10:18:29.393+0000] {dag.py:3823} INFO - Setting next_dagrun for ingest_football_data to 2026-04-26 00:00:00+00:00, run_after=2026-05-03 00:00:00+00:00
[2026-05-01T10:18:29.418+0000] {processor.py:183} INFO - Processing /opt/airflow/dags/ingest_football_data.py took 0.108 seconds
[2026-05-01T10:18:59.605+0000] {processor.py:161} INFO - Started process (PID=252) to work on /opt/airflow/dags/ingest_football_data.py
[2026-05-01T10:18:59.606+0000] {processor.py:830} INFO - Processing file /opt/airflow/dags/ingest_football_data.py for tasks to queue
[2026-05-01T10:18:59.607+0000] {logging_mixin.py:188} INFO - [2026-05-01T10:18:59.607+0000] {dagbag.py:538} INFO - Filling up the DagBag from /opt/airflow/dags/ingest_football_data.py
[2026-05-01T10:18:59.624+0000] {processor.py:840} INFO - DAG(s) 'ingest_football_data' retrieved from /opt/airflow/dags/ingest_football_data.py
[2026-05-01T10:18:59.655+0000] {logging_mixin.py:188} INFO - [2026-05-01T10:18:59.655+0000] {dag.py:3036} INFO - Sync 1 DAGs
[2026-05-01T10:18:59.679+0000] {logging_mixin.py:188} INFO - [2026-05-01T10:18:59.678+0000] {dag.py:3823} INFO - Setting next_dagrun for ingest_football_data to 2026-04-26 00:00:00+00:00, run_after=2026-05-03 00:00:00+00:00
[2026-05-01T10:18:59.703+0000] {processor.py:183} INFO - Processing /opt/airflow/dags/ingest_football_data.py took 0.102 seconds
[2026-05-01T10:19:29.796+0000] {processor.py:161} INFO - Started process (PID=257) to work on /opt/airflow/dags/ingest_football_data.py
[2026-05-01T10:19:29.797+0000] {processor.py:830} INFO - Processing file /opt/airflow/dags/ingest_football_data.py for tasks to queue
[2026-05-01T10:19:29.798+0000] {logging_mixin.py:188} INFO - [2026-05-01T10:19:29.797+0000] {dagbag.py:538} INFO - Filling up the DagBag from /opt/airflow/dags/ingest_football_data.py
[2026-05-01T10:19:29.814+0000] {processor.py:840} INFO - DAG(s) 'ingest_football_data' retrieved from /opt/airflow/dags/ingest_football_data.py
[2026-05-01T10:19:29.850+0000] {logging_mixin.py:188} INFO - [2026-05-01T10:19:29.850+0000] {dag.py:3036} INFO - Sync 1 DAGs
[2026-05-01T10:19:29.887+0000] {logging_mixin.py:188} INFO - [2026-05-01T10:19:29.886+0000] {dag.py:3823} INFO - Setting next_dagrun for ingest_football_data to 2026-04-26 00:00:00+00:00, run_after=2026-05-03 00:00:00+00:00
[2026-05-01T10:19:29.917+0000] {processor.py:183} INFO - Processing /opt/airflow/dags/ingest_football_data.py took 0.125 seconds
[2026-05-01T10:20:00.057+0000] {processor.py:161} INFO - Started process (PID=262) to work on /opt/airflow/dags/ingest_football_data.py
[2026-05-01T10:20:00.060+0000] {processor.py:830} INFO - Processing file /opt/airflow/dags/ingest_football_data.py for tasks to queue
[2026-05-01T10:20:00.061+0000] {logging_mixin.py:188} INFO - [2026-05-01T10:20:00.061+0000] {dagbag.py:538} INFO - Filling up the DagBag from /opt/airflow/dags/ingest_football_data.py
[2026-05-01T10:20:00.077+0000] {processor.py:840} INFO - DAG(s) 'ingest_football_data' retrieved from /opt/airflow/dags/ingest_football_data.py
[2026-05-01T10:20:00.114+0000] {logging_mixin.py:188} INFO - [2026-05-01T10:20:00.114+0000] {dag.py:3036} INFO - Sync 1 DAGs
[2026-05-01T10:20:00.151+0000] {logging_mixin.py:188} INFO - [2026-05-01T10:20:00.151+0000] {dag.py:3823} INFO - Setting next_dagrun for ingest_football_data to 2026-04-26 00:00:00+00:00, run_after=2026-05-03 00:00:00+00:00
[2026-05-01T10:20:00.173+0000] {processor.py:183} INFO - Processing /opt/airflow/dags/ingest_football_data.py took 0.120 seconds
[2026-05-01T10:20:30.268+0000] {processor.py:161} INFO - Started process (PID=267) to work on /opt/airflow/dags/ingest_football_data.py
[2026-05-01T10:20:30.269+0000] {processor.py:830} INFO - Processing file /opt/airflow/dags/ingest_football_data.py for tasks to queue
[2026-05-01T10:20:30.270+0000] {logging_mixin.py:188} INFO - [2026-05-01T10:20:30.270+0000] {dagbag.py:538} INFO - Filling up the DagBag from /opt/airflow/dags/ingest_football_data.py
[2026-05-01T10:20:30.288+0000] {processor.py:840} INFO - DAG(s) 'ingest_football_data' retrieved from /opt/airflow/dags/ingest_football_data.py
[2026-05-01T10:20:30.319+0000] {logging_mixin.py:188} INFO - [2026-05-01T10:20:30.319+0000] {dag.py:3036} INFO - Sync 1 DAGs
[2026-05-01T10:20:30.342+0000] {logging_mixin.py:188} INFO - [2026-05-01T10:20:30.341+0000] {dag.py:3823} INFO - Setting next_dagrun for ingest_football_data to 2026-04-26 00:00:00+00:00, run_after=2026-05-03 00:00:00+00:00
[2026-05-01T10:20:30.361+0000] {processor.py:183} INFO - Processing /opt/airflow/dags/ingest_football_data.py took 0.097 seconds
[2026-05-01T10:21:00.530+0000] {processor.py:161} INFO - Started process (PID=272) to work on /opt/airflow/dags/ingest_football_data.py
[2026-05-01T10:21:00.533+0000] {processor.py:830} INFO - Processing file /opt/airflow/dags/ingest_football_data.py for tasks to queue
[2026-05-01T10:21:00.534+0000] {logging_mixin.py:188} INFO - [2026-05-01T10:21:00.534+0000] {dagbag.py:538} INFO - Filling up the DagBag from /opt/airflow/dags/ingest_football_data.py
[2026-05-01T10:21:00.551+0000] {processor.py:840} INFO - DAG(s) 'ingest_football_data' retrieved from /opt/airflow/dags/ingest_football_data.py
[2026-05-01T10:21:00.587+0000] {logging_mixin.py:188} INFO - [2026-05-01T10:21:00.587+0000] {dag.py:3036} INFO - Sync 1 DAGs
[2026-05-01T10:21:00.612+0000] {logging_mixin.py:188} INFO - [2026-05-01T10:21:00.612+0000] {dag.py:3823} INFO - Setting next_dagrun for ingest_football_data to 2026-04-26 00:00:00+00:00, run_after=2026-05-03 00:00:00+00:00
[2026-05-01T10:21:00.634+0000] {processor.py:183} INFO - Processing /opt/airflow/dags/ingest_football_data.py took 0.109 seconds
[2026-05-01T10:21:30.731+0000] {processor.py:161} INFO - Started process (PID=277) to work on /opt/airflow/dags/ingest_football_data.py
[2026-05-01T10:21:30.732+0000] {processor.py:830} INFO - Processing file /opt/airflow/dags/ingest_football_data.py for tasks to queue
[2026-05-01T10:21:30.732+0000] {logging_mixin.py:188} INFO - [2026-05-01T10:21:30.732+0000] {dagbag.py:538} INFO - Filling up the DagBag from /opt/airflow/dags/ingest_football_data.py
[2026-05-01T10:21:30.750+0000] {processor.py:840} INFO - DAG(s) 'ingest_football_data' retrieved from /opt/airflow/dags/ingest_football_data.py
[2026-05-01T10:21:30.787+0000] {logging_mixin.py:188} INFO - [2026-05-01T10:21:30.786+0000] {dag.py:3036} INFO - Sync 1 DAGs
[2026-05-01T10:21:30.809+0000] {logging_mixin.py:188} INFO - [2026-05-01T10:21:30.809+0000] {dag.py:3823} INFO - Setting next_dagrun for ingest_football_data to 2026-04-26 00:00:00+00:00, run_after=2026-05-03 00:00:00+00:00
[2026-05-01T10:21:30.828+0000] {processor.py:183} INFO - Processing /opt/airflow/dags/ingest_football_data.py took 0.102 seconds
[2026-05-01T10:22:00.998+0000] {processor.py:161} INFO - Started process (PID=282) to work on /opt/airflow/dags/ingest_football_data.py
[2026-05-01T10:22:01.001+0000] {processor.py:830} INFO - Processing file /opt/airflow/dags/ingest_football_data.py for tasks to queue
[2026-05-01T10:22:01.002+0000] {logging_mixin.py:188} INFO - [2026-05-01T10:22:01.002+0000] {dagbag.py:538} INFO - Filling up the DagBag from /opt/airflow/dags/ingest_football_data.py
[2026-05-01T10:22:01.019+0000] {processor.py:840} INFO - DAG(s) 'ingest_football_data' retrieved from /opt/airflow/dags/ingest_football_data.py
[2026-05-01T10:22:01.058+0000] {logging_mixin.py:188} INFO - [2026-05-01T10:22:01.058+0000] {dag.py:3036} INFO - Sync 1 DAGs
[2026-05-01T10:22:01.090+0000] {logging_mixin.py:188} INFO - [2026-05-01T10:22:01.090+0000] {dag.py:3823} INFO - Setting next_dagrun for ingest_football_data to 2026-04-26 00:00:00+00:00, run_after=2026-05-03 00:00:00+00:00
[2026-05-01T10:22:01.115+0000] {processor.py:183} INFO - Processing /opt/airflow/dags/ingest_football_data.py took 0.121 seconds
[2026-05-01T10:22:31.182+0000] {processor.py:161} INFO - Started process (PID=287) to work on /opt/airflow/dags/ingest_football_data.py
[2026-05-01T10:22:31.183+0000] {processor.py:830} INFO - Processing file /opt/airflow/dags/ingest_football_data.py for tasks to queue
[2026-05-01T10:22:31.184+0000] {logging_mixin.py:188} INFO - [2026-05-01T10:22:31.184+0000] {dagbag.py:538} INFO - Filling up the DagBag from /opt/airflow/dags/ingest_football_data.py
[2026-05-01T10:22:31.201+0000] {processor.py:840} INFO - DAG(s) 'ingest_football_data' retrieved from /opt/airflow/dags/ingest_football_data.py
[2026-05-01T10:22:31.235+0000] {logging_mixin.py:188} INFO - [2026-05-01T10:22:31.234+0000] {dag.py:3036} INFO - Sync 1 DAGs
[2026-05-01T10:22:31.257+0000] {logging_mixin.py:188} INFO - [2026-05-01T10:22:31.256+0000] {dag.py:3823} INFO - Setting next_dagrun for ingest_football_data to 2026-04-26 00:00:00+00:00, run_after=2026-05-03 00:00:00+00:00
[2026-05-01T10:22:31.273+0000] {processor.py:183} INFO - Processing /opt/airflow/dags/ingest_football_data.py took 0.095 seconds
[2026-05-01T10:23:01.461+0000] {processor.py:161} INFO - Started process (PID=292) to work on /opt/airflow/dags/ingest_football_data.py
[2026-05-01T10:23:01.464+0000] {processor.py:830} INFO - Processing file /opt/airflow/dags/ingest_football_data.py for tasks to queue
[2026-05-01T10:23:01.465+0000] {logging_mixin.py:188} INFO - [2026-05-01T10:23:01.464+0000] {dagbag.py:538} INFO - Filling up the DagBag from /opt/airflow/dags/ingest_football_data.py
[2026-05-01T10:23:01.479+0000] {processor.py:840} INFO - DAG(s) 'ingest_football_data' retrieved from /opt/airflow/dags/ingest_football_data.py
[2026-05-01T10:23:01.520+0000] {logging_mixin.py:188} INFO - [2026-05-01T10:23:01.519+0000] {dag.py:3036} INFO - Sync 1 DAGs
[2026-05-01T10:23:01.549+0000] {logging_mixin.py:188} INFO - [2026-05-01T10:23:01.548+0000] {dag.py:3823} INFO - Setting next_dagrun for ingest_football_data to 2026-04-26 00:00:00+00:00, run_after=2026-05-03 00:00:00+00:00
[2026-05-01T10:23:01.568+0000] {processor.py:183} INFO - Processing /opt/airflow/dags/ingest_football_data.py took 0.111 seconds
[2026-05-01T10:23:31.641+0000] {processor.py:161} INFO - Started process (PID=297) to work on /opt/airflow/dags/ingest_football_data.py
[2026-05-01T10:23:31.642+0000] {processor.py:830} INFO - Processing file /opt/airflow/dags/ingest_football_data.py for tasks to queue
[2026-05-01T10:23:31.643+0000] {logging_mixin.py:188} INFO - [2026-05-01T10:23:31.643+0000] {dagbag.py:538} INFO - Filling up the DagBag from /opt/airflow/dags/ingest_football_data.py
[2026-05-01T10:23:31.661+0000] {processor.py:840} INFO - DAG(s) 'ingest_football_data' retrieved from /opt/airflow/dags/ingest_football_data.py
[2026-05-01T10:23:31.696+0000] {logging_mixin.py:188} INFO - [2026-05-01T10:23:31.696+0000] {dag.py:3036} INFO - Sync 1 DAGs
[2026-05-01T10:23:31.722+0000] {logging_mixin.py:188} INFO - [2026-05-01T10:23:31.722+0000] {dag.py:3823} INFO - Setting next_dagrun for ingest_football_data to 2026-04-26 00:00:00+00:00, run_after=2026-05-03 00:00:00+00:00
[2026-05-01T10:23:31.744+0000] {processor.py:183} INFO - Processing /opt/airflow/dags/ingest_football_data.py took 0.106 seconds
[2026-05-01T10:24:01.924+0000] {processor.py:161} INFO - Started process (PID=302) to work on /opt/airflow/dags/ingest_football_data.py
[2026-05-01T10:24:01.927+0000] {processor.py:830} INFO - Processing file /opt/airflow/dags/ingest_football_data.py for tasks to queue
[2026-05-01T10:24:01.928+0000] {logging_mixin.py:188} INFO - [2026-05-01T10:24:01.927+0000] {dagbag.py:538} INFO - Filling up the DagBag from /opt/airflow/dags/ingest_football_data.py
[2026-05-01T10:24:01.945+0000] {processor.py:840} INFO - DAG(s) 'ingest_football_data' retrieved from /opt/airflow/dags/ingest_football_data.py
[2026-05-01T10:24:01.985+0000] {logging_mixin.py:188} INFO - [2026-05-01T10:24:01.984+0000] {dag.py:3036} INFO - Sync 1 DAGs
[2026-05-01T10:24:02.009+0000] {logging_mixin.py:188} INFO - [2026-05-01T10:24:02.009+0000] {dag.py:3823} INFO - Setting next_dagrun for ingest_football_data to 2026-04-26 00:00:00+00:00, run_after=2026-05-03 00:00:00+00:00
[2026-05-01T10:24:02.032+0000] {processor.py:183} INFO - Processing /opt/airflow/dags/ingest_football_data.py took 0.112 seconds
