[2026-05-01T10:48:51.429+0000] {taskinstance.py:1956} INFO - Dependencies all met for dep_context=non-requeueable deps ti=<TaskInstance: trigger_dbt_dag.dbt_run scheduled__2026-04-19T00:00:00+00:00 [queued]>
[2026-05-01T10:48:51.440+0000] {taskinstance.py:1956} INFO - Dependencies all met for dep_context=requeueable deps ti=<TaskInstance: trigger_dbt_dag.dbt_run scheduled__2026-04-19T00:00:00+00:00 [queued]>
[2026-05-01T10:48:51.441+0000] {taskinstance.py:2170} INFO - Starting attempt 1 of 2
[2026-05-01T10:48:51.457+0000] {taskinstance.py:2191} INFO - Executing <Task(BashOperator): dbt_run> on 2026-04-19 00:00:00+00:00
[2026-05-01T10:48:51.466+0000] {standard_task_runner.py:60} INFO - Started process 398 to run task
[2026-05-01T10:48:51.471+0000] {standard_task_runner.py:87} INFO - Running: ['***', 'tasks', 'run', 'trigger_dbt_dag', 'dbt_run', 'scheduled__2026-04-19T00:00:00+00:00', '--job-id', '43', '--raw', '--subdir', 'DAGS_FOLDER/trigger_dbt_dag.py', '--cfg-path', '/tmp/tmp29p349xk']
[2026-05-01T10:48:51.473+0000] {standard_task_runner.py:88} INFO - Job 43: Subtask dbt_run
[2026-05-01T10:48:51.491+0000] {logging_mixin.py:188} WARNING - /home/***/.local/lib/python3.8/site-packages/***/settings.py:194 DeprecationWarning: The sql_alchemy_conn option in [core] has been moved to the sql_alchemy_conn option in [database] - the old setting has been used, but please update your config.
[2026-05-01T10:48:51.534+0000] {task_command.py:423} INFO - Running <TaskInstance: trigger_dbt_dag.dbt_run scheduled__2026-04-19T00:00:00+00:00 [running]> on host 15b87f32eafe
[2026-05-01T10:48:51.644+0000] {taskinstance.py:2480} INFO - Exporting env vars: AIRFLOW_CTX_DAG_OWNER='***' AIRFLOW_CTX_DAG_ID='trigger_dbt_dag' AIRFLOW_CTX_TASK_ID='dbt_run' AIRFLOW_CTX_EXECUTION_DATE='2026-04-19T00:00:00+00:00' AIRFLOW_CTX_TRY_NUMBER='1' AIRFLOW_CTX_DAG_RUN_ID='scheduled__2026-04-19T00:00:00+00:00'
[2026-05-01T10:48:51.646+0000] {subprocess.py:63} INFO - Tmp dir root location: /tmp
[2026-05-01T10:48:51.647+0000] {subprocess.py:75} INFO - Running command: ['/usr/bin/bash', '-c', 'cd /opt/***/dbt && dbt run']
[2026-05-01T10:48:51.667+0000] {subprocess.py:86} INFO - Output:
[2026-05-01T10:48:53.576+0000] {subprocess.py:93} INFO - Usage: dbt run [OPTIONS]
[2026-05-01T10:48:53.576+0000] {subprocess.py:93} INFO - Try 'dbt run -h' for help.
[2026-05-01T10:48:53.577+0000] {subprocess.py:93} INFO - 
[2026-05-01T10:48:53.577+0000] {subprocess.py:93} INFO - Error: Invalid value for '--profiles-dir': Path '/home/***/.dbt' does not exist.
[2026-05-01T10:48:53.720+0000] {subprocess.py:97} INFO - Command exited with return code 2
[2026-05-01T10:48:53.733+0000] {taskinstance.py:2698} ERROR - Task failed with exception
Traceback (most recent call last):
  File "/home/airflow/.local/lib/python3.8/site-packages/airflow/models/taskinstance.py", line 433, in _execute_task
    result = execute_callable(context=context, **execute_callable_kwargs)
  File "/home/airflow/.local/lib/python3.8/site-packages/airflow/operators/bash.py", line 212, in execute
    raise AirflowException(
airflow.exceptions.AirflowException: Bash command failed. The command returned a non-zero exit code 2.
[2026-05-01T10:48:53.737+0000] {taskinstance.py:1138} INFO - Marking task as UP_FOR_RETRY. dag_id=trigger_dbt_dag, task_id=dbt_run, execution_date=20260419T000000, start_date=20260501T104851, end_date=20260501T104853
[2026-05-01T10:48:53.753+0000] {standard_task_runner.py:107} ERROR - Failed to execute job 43 for task dbt_run (Bash command failed. The command returned a non-zero exit code 2.; 398)
[2026-05-01T10:48:53.769+0000] {local_task_job_runner.py:234} INFO - Task exited with return code 1
[2026-05-01T10:48:53.800+0000] {taskinstance.py:3280} INFO - 0 downstream tasks scheduled from follow-on schedule check
