[2026-04-03T19:31:37.577+0000] {taskinstance.py:1956} INFO - Dependencies all met for dep_context=non-requeueable deps ti=<TaskInstance: ingest_football_data.ingest_players manual__2026-04-03T19:26:35.658414+00:00 [queued]>
[2026-04-03T19:31:37.589+0000] {taskinstance.py:1956} INFO - Dependencies all met for dep_context=requeueable deps ti=<TaskInstance: ingest_football_data.ingest_players manual__2026-04-03T19:26:35.658414+00:00 [queued]>
[2026-04-03T19:31:37.589+0000] {taskinstance.py:2170} INFO - Starting attempt 2 of 2
[2026-04-03T19:31:37.608+0000] {taskinstance.py:2191} INFO - Executing <Task(PythonOperator): ingest_players> on 2026-04-03 19:26:35.658414+00:00
[2026-04-03T19:31:37.616+0000] {standard_task_runner.py:60} INFO - Started process 1253 to run task
[2026-04-03T19:31:37.620+0000] {standard_task_runner.py:87} INFO - Running: ['***', 'tasks', 'run', 'ingest_football_data', 'ingest_players', 'manual__2026-04-03T19:26:35.658414+00:00', '--job-id', '32', '--raw', '--subdir', 'DAGS_FOLDER/ingest_football_data.py', '--cfg-path', '/tmp/tmppzh3q_qq']
[2026-04-03T19:31:37.622+0000] {standard_task_runner.py:88} INFO - Job 32: Subtask ingest_players
[2026-04-03T19:31:37.640+0000] {logging_mixin.py:188} WARNING - /home/***/.local/lib/python3.8/site-packages/***/settings.py:194 DeprecationWarning: The sql_alchemy_conn option in [core] has been moved to the sql_alchemy_conn option in [database] - the old setting has been used, but please update your config.
[2026-04-03T19:31:37.679+0000] {task_command.py:423} INFO - Running <TaskInstance: ingest_football_data.ingest_players manual__2026-04-03T19:26:35.658414+00:00 [running]> on host c07871340f9f
[2026-04-03T19:31:37.785+0000] {taskinstance.py:2480} INFO - Exporting env vars: AIRFLOW_CTX_DAG_OWNER='***' AIRFLOW_CTX_DAG_ID='ingest_football_data' AIRFLOW_CTX_TASK_ID='ingest_players' AIRFLOW_CTX_EXECUTION_DATE='2026-04-03T19:26:35.658414+00:00' AIRFLOW_CTX_TRY_NUMBER='2' AIRFLOW_CTX_DAG_RUN_ID='manual__2026-04-03T19:26:35.658414+00:00'
[2026-04-03T19:31:37.936+0000] {base.py:83} INFO - Using connection ID 'postgres_default' for task execution.
[2026-04-03T19:31:37.942+0000] {sql.py:450} INFO - Running statement: 
            INSERT INTO raw.players (player_id, league_id, season, raw_json)
            VALUES (%s, %s, %s, %s)
            ON CONFLICT (player_id, league_id, season)
            DO UPDATE SET raw_json = EXCLUDED.raw_json, ingested_at = NOW()
            , parameters: (54, 39, 2023, '{"player": {"id": 54, "name": "Diego Costa", "firstname": "Diego", "lastname": "da Silva Costa", "age": 37, "birth": {"date": "1988-10-07", "place": "Lagarto", "country": "Brazil"}, "nationality": "Spain", "height": "188 cm", "weight": "83 kg", "injured": false, "photo": "https://media.api-sports.io/football/players/54.png"}, "statistics": [{"team": {"id": 39, "name": "Wolves", "logo": "https://media.api-sports.io/football/teams/39.png"}, "league": {"id": 39, "name": "Premier League", "country": "England", "logo": "https://media.api-sports.io/football/leagues/39.png", "flag": "https://media.api-sports.io/flags/gb-eng.svg", "season": 2023}, "games": {"appearences": null, "lineups": null, "minutes": null, "number": null, "position": "Attacker", "rating": null, "captain": false}, "substitutes": {"in": null, "out": null, "bench": null}, "shots": {"total": null, "on": null}, "goals": {"total": null, "conceded": null, "assists": null, "saves": null}, "passes": {"total": null, "key": null, "accuracy": null}, "tackles": {"total": null, "blocks": null, "interceptions": null}, "duels": {"total": null, "won": null}, "dribbles": {"attempts": null, "success": null, "past": null}, "fouls": {"drawn": null, "committed": null}, "cards": {"yellow": null, "yellowred": null, "red": null}, "penalty": {"won": null, "commited": null, "scored": null, "missed": null, "saved": null}}]}')
[2026-04-03T19:31:37.943+0000] {taskinstance.py:2698} ERROR - Task failed with exception
Traceback (most recent call last):
  File "/home/airflow/.local/lib/python3.8/site-packages/airflow/models/taskinstance.py", line 433, in _execute_task
    result = execute_callable(context=context, **execute_callable_kwargs)
  File "/home/airflow/.local/lib/python3.8/site-packages/airflow/operators/python.py", line 199, in execute
    return_value = self.execute_callable()
  File "/home/airflow/.local/lib/python3.8/site-packages/airflow/operators/python.py", line 216, in execute_callable
    return self.python_callable(*self.op_args, **self.op_kwargs)
  File "/opt/airflow/dags/ingest_football_data.py", line 86, in ingest_players
    pg_hook.run(
  File "/home/airflow/.local/lib/python3.8/site-packages/airflow/providers/common/sql/hooks/sql.py", line 398, in run
    self._run_command(cur, sql_statement, parameters)
  File "/home/airflow/.local/lib/python3.8/site-packages/airflow/providers/common/sql/hooks/sql.py", line 453, in _run_command
    cur.execute(sql_statement, parameters)
psycopg2.errors.UndefinedTable: relation "raw.players" does not exist
LINE 2:             INSERT INTO raw.players (player_id, league_id, s...
                                ^

[2026-04-03T19:31:37.954+0000] {taskinstance.py:1138} INFO - Marking task as FAILED. dag_id=ingest_football_data, task_id=ingest_players, execution_date=20260403T192635, start_date=20260403T193137, end_date=20260403T193137
[2026-04-03T19:31:37.972+0000] {standard_task_runner.py:107} ERROR - Failed to execute job 32 for task ingest_players (relation "raw.players" does not exist
LINE 2:             INSERT INTO raw.players (player_id, league_id, s...
                                ^
; 1253)
[2026-04-03T19:31:37.992+0000] {local_task_job_runner.py:234} INFO - Task exited with return code 1
[2026-04-03T19:31:38.021+0000] {taskinstance.py:3280} INFO - 0 downstream tasks scheduled from follow-on schedule check
