[2026-04-03T19:01:13.308+0000] {taskinstance.py:1956} INFO - Dependencies all met for dep_context=non-requeueable deps ti=<TaskInstance: ingest_football_data.ingest_standings manual__2026-04-03T19:01:12.742730+00:00 [queued]>
[2026-04-03T19:01:13.317+0000] {taskinstance.py:1956} INFO - Dependencies all met for dep_context=requeueable deps ti=<TaskInstance: ingest_football_data.ingest_standings manual__2026-04-03T19:01:12.742730+00:00 [queued]>
[2026-04-03T19:01:13.317+0000] {taskinstance.py:2170} INFO - Starting attempt 1 of 2
[2026-04-03T19:01:13.329+0000] {taskinstance.py:2191} INFO - Executing <Task(PythonOperator): ingest_standings> on 2026-04-03 19:01:12.742730+00:00
[2026-04-03T19:01:13.335+0000] {standard_task_runner.py:60} INFO - Started process 889 to run task
[2026-04-03T19:01:13.339+0000] {standard_task_runner.py:87} INFO - Running: ['***', 'tasks', 'run', 'ingest_football_data', 'ingest_standings', 'manual__2026-04-03T19:01:12.742730+00:00', '--job-id', '6', '--raw', '--subdir', 'DAGS_FOLDER/ingest_football_data.py', '--cfg-path', '/tmp/tmp1yo5kwt2']
[2026-04-03T19:01:13.341+0000] {standard_task_runner.py:88} INFO - Job 6: Subtask ingest_standings
[2026-04-03T19:01:13.359+0000] {logging_mixin.py:188} WARNING - /home/***/.local/lib/python3.8/site-packages/***/settings.py:194 DeprecationWarning: The sql_alchemy_conn option in [core] has been moved to the sql_alchemy_conn option in [database] - the old setting has been used, but please update your config.
[2026-04-03T19:01:13.392+0000] {task_command.py:423} INFO - Running <TaskInstance: ingest_football_data.ingest_standings manual__2026-04-03T19:01:12.742730+00:00 [running]> on host c07871340f9f
[2026-04-03T19:01:13.498+0000] {taskinstance.py:2480} INFO - Exporting env vars: AIRFLOW_CTX_DAG_OWNER='***' AIRFLOW_CTX_DAG_ID='ingest_football_data' AIRFLOW_CTX_TASK_ID='ingest_standings' AIRFLOW_CTX_EXECUTION_DATE='2026-04-03T19:01:12.742730+00:00' AIRFLOW_CTX_TRY_NUMBER='1' AIRFLOW_CTX_DAG_RUN_ID='manual__2026-04-03T19:01:12.742730+00:00'
[2026-04-03T19:01:13.664+0000] {base.py:83} INFO - Using connection ID 'postgres_default' for task execution.
[2026-04-03T19:01:13.667+0000] {taskinstance.py:2698} ERROR - Task failed with exception
Traceback (most recent call last):
  File "/home/airflow/.local/lib/python3.8/site-packages/airflow/models/taskinstance.py", line 433, in _execute_task
    result = execute_callable(context=context, **execute_callable_kwargs)
  File "/home/airflow/.local/lib/python3.8/site-packages/airflow/operators/python.py", line 199, in execute
    return_value = self.execute_callable()
  File "/home/airflow/.local/lib/python3.8/site-packages/airflow/operators/python.py", line 216, in execute_callable
    return self.python_callable(*self.op_args, **self.op_kwargs)
  File "/opt/airflow/dags/ingest_football_data.py", line 33, in ingest_standings
    pg_hook.run(
  File "/home/airflow/.local/lib/python3.8/site-packages/airflow/providers/common/sql/hooks/sql.py", line 391, in run
    with closing(self.get_conn()) as conn:
  File "/home/airflow/.local/lib/python3.8/site-packages/airflow/providers/postgres/hooks/postgres.py", line 158, in get_conn
    self.conn = psycopg2.connect(**conn_args)
  File "/home/airflow/.local/lib/python3.8/site-packages/psycopg2/__init__.py", line 122, in connect
    conn = _connect(dsn, connection_factory=connection_factory, **kwasync)
psycopg2.OperationalError: connection to server on socket "/var/run/postgresql/.s.PGSQL.5432" failed: No such file or directory
	Is the server running locally and accepting connections on that socket?

[2026-04-03T19:01:13.679+0000] {taskinstance.py:1138} INFO - Marking task as UP_FOR_RETRY. dag_id=ingest_football_data, task_id=ingest_standings, execution_date=20260403T190112, start_date=20260403T190113, end_date=20260403T190113
[2026-04-03T19:01:13.694+0000] {standard_task_runner.py:107} ERROR - Failed to execute job 6 for task ingest_standings (connection to server on socket "/var/run/postgresql/.s.PGSQL.5432" failed: No such file or directory
	Is the server running locally and accepting connections on that socket?
; 889)
[2026-04-03T19:01:13.711+0000] {local_task_job_runner.py:234} INFO - Task exited with return code 1
[2026-04-03T19:01:13.730+0000] {taskinstance.py:3280} INFO - 0 downstream tasks scheduled from follow-on schedule check
