[2026-04-17T08:21:49.801+0000] {taskinstance.py:1956} INFO - Dependencies all met for dep_context=non-requeueable deps ti=<TaskInstance: ingest_football_data.ingest_standings scheduled__2026-04-05T00:00:00+00:00 [queued]>
[2026-04-17T08:21:49.809+0000] {taskinstance.py:1956} INFO - Dependencies all met for dep_context=requeueable deps ti=<TaskInstance: ingest_football_data.ingest_standings scheduled__2026-04-05T00:00:00+00:00 [queued]>
[2026-04-17T08:21:49.810+0000] {taskinstance.py:2170} INFO - Starting attempt 1 of 2
[2026-04-17T08:21:49.825+0000] {taskinstance.py:2191} INFO - Executing <Task(PythonOperator): ingest_standings> on 2026-04-05 00:00:00+00:00
[2026-04-17T08:21:49.835+0000] {standard_task_runner.py:60} INFO - Started process 185 to run task
[2026-04-17T08:21:49.838+0000] {standard_task_runner.py:87} INFO - Running: ['***', 'tasks', 'run', 'ingest_football_data', 'ingest_standings', 'scheduled__2026-04-05T00:00:00+00:00', '--job-id', '42', '--raw', '--subdir', 'DAGS_FOLDER/ingest_football_data.py', '--cfg-path', '/tmp/tmpieahhqzl']
[2026-04-17T08:21:49.840+0000] {standard_task_runner.py:88} INFO - Job 42: Subtask ingest_standings
[2026-04-17T08:21:49.859+0000] {logging_mixin.py:188} WARNING - /home/***/.local/lib/python3.8/site-packages/***/settings.py:194 DeprecationWarning: The sql_alchemy_conn option in [core] has been moved to the sql_alchemy_conn option in [database] - the old setting has been used, but please update your config.
[2026-04-17T08:21:49.912+0000] {task_command.py:423} INFO - Running <TaskInstance: ingest_football_data.ingest_standings scheduled__2026-04-05T00:00:00+00:00 [running]> on host c07871340f9f
[2026-04-17T08:21:50.026+0000] {taskinstance.py:2480} INFO - Exporting env vars: AIRFLOW_CTX_DAG_OWNER='***' AIRFLOW_CTX_DAG_ID='ingest_football_data' AIRFLOW_CTX_TASK_ID='ingest_standings' AIRFLOW_CTX_EXECUTION_DATE='2026-04-05T00:00:00+00:00' AIRFLOW_CTX_TRY_NUMBER='1' AIRFLOW_CTX_DAG_RUN_ID='scheduled__2026-04-05T00:00:00+00:00'
[2026-04-17T08:21:50.268+0000] {base.py:83} INFO - Using connection ID 'postgres_default' for task execution.
[2026-04-17T08:21:50.273+0000] {sql.py:450} INFO - Running statement: 
                INSERT INTO raw.standings (league_id, season, team_id, raw_json)
                VALUES (%s, %s, %s, %s)
                ON CONFLICT (league_id, season, team_id)
                DO UPDATE SET raw_json = EXCLUDED.raw_json, ingested_at = NOW()
                , parameters: (39, 2023, 50, '{"rank": 1, "team": {"id": 50, "name": "Manchester City", "logo": "https://media.api-sports.io/football/teams/50.png"}, "points": 91, "goalsDiff": 62, "group": "Premier League", "form": "WWWWW", "status": "same", "description": "Promotion - Champions League (Group Stage: )", "all": {"played": 38, "win": 28, "draw": 7, "lose": 3, "goals": {"for": 96, "against": 34}}, "home": {"played": 19, "win": 14, "draw": 5, "lose": 0, "goals": {"for": 51, "against": 16}}, "away": {"played": 19, "win": 14, "draw": 2, "lose": 3, "goals": {"for": 45, "against": 18}}, "update": "2024-05-28T00:00:00+00:00"}')
[2026-04-17T08:21:50.275+0000] {taskinstance.py:2698} ERROR - Task failed with exception
Traceback (most recent call last):
  File "/home/airflow/.local/lib/python3.8/site-packages/airflow/models/taskinstance.py", line 433, in _execute_task
    result = execute_callable(context=context, **execute_callable_kwargs)
  File "/home/airflow/.local/lib/python3.8/site-packages/airflow/operators/python.py", line 199, in execute
    return_value = self.execute_callable()
  File "/home/airflow/.local/lib/python3.8/site-packages/airflow/operators/python.py", line 216, in execute_callable
    return self.python_callable(*self.op_args, **self.op_kwargs)
  File "/opt/airflow/dags/ingest_football_data.py", line 33, in ingest_standings
    pg_hook.run(
  File "/home/airflow/.local/lib/python3.8/site-packages/airflow/providers/common/sql/hooks/sql.py", line 398, in run
    self._run_command(cur, sql_statement, parameters)
  File "/home/airflow/.local/lib/python3.8/site-packages/airflow/providers/common/sql/hooks/sql.py", line 453, in _run_command
    cur.execute(sql_statement, parameters)
psycopg2.errors.UndefinedTable: relation "raw.standings" does not exist
LINE 2:                 INSERT INTO raw.standings (league_id, season...
                                    ^

[2026-04-17T08:21:50.288+0000] {taskinstance.py:1138} INFO - Marking task as UP_FOR_RETRY. dag_id=ingest_football_data, task_id=ingest_standings, execution_date=20260405T000000, start_date=20260417T082149, end_date=20260417T082150
[2026-04-17T08:21:50.310+0000] {standard_task_runner.py:107} ERROR - Failed to execute job 42 for task ingest_standings (relation "raw.standings" does not exist
LINE 2:                 INSERT INTO raw.standings (league_id, season...
                                    ^
; 185)
[2026-04-17T08:21:50.331+0000] {local_task_job_runner.py:234} INFO - Task exited with return code 1
[2026-04-17T08:21:50.368+0000] {taskinstance.py:3280} INFO - 0 downstream tasks scheduled from follow-on schedule check
[2026-04-17T08:26:37.761+0000] {taskinstance.py:1956} INFO - Dependencies all met for dep_context=non-requeueable deps ti=<TaskInstance: ingest_football_data.ingest_standings scheduled__2026-04-05T00:00:00+00:00 [queued]>
[2026-04-17T08:26:37.771+0000] {taskinstance.py:1956} INFO - Dependencies all met for dep_context=requeueable deps ti=<TaskInstance: ingest_football_data.ingest_standings scheduled__2026-04-05T00:00:00+00:00 [queued]>
[2026-04-17T08:26:37.772+0000] {taskinstance.py:2170} INFO - Starting attempt 1 of 2
[2026-04-17T08:26:37.790+0000] {taskinstance.py:2191} INFO - Executing <Task(PythonOperator): ingest_standings> on 2026-04-05 00:00:00+00:00
[2026-04-17T08:26:37.802+0000] {standard_task_runner.py:60} INFO - Started process 221 to run task
[2026-04-17T08:26:37.807+0000] {standard_task_runner.py:87} INFO - Running: ['***', 'tasks', 'run', 'ingest_football_data', 'ingest_standings', 'scheduled__2026-04-05T00:00:00+00:00', '--job-id', '3', '--raw', '--subdir', 'DAGS_FOLDER/ingest_football_data.py', '--cfg-path', '/tmp/tmpc066h4f6']
[2026-04-17T08:26:37.811+0000] {standard_task_runner.py:88} INFO - Job 3: Subtask ingest_standings
[2026-04-17T08:26:37.832+0000] {logging_mixin.py:188} WARNING - /home/***/.local/lib/python3.8/site-packages/***/settings.py:194 DeprecationWarning: The sql_alchemy_conn option in [core] has been moved to the sql_alchemy_conn option in [database] - the old setting has been used, but please update your config.
[2026-04-17T08:26:37.880+0000] {task_command.py:423} INFO - Running <TaskInstance: ingest_football_data.ingest_standings scheduled__2026-04-05T00:00:00+00:00 [running]> on host bb60f31f47c1
[2026-04-17T08:26:37.983+0000] {taskinstance.py:2480} INFO - Exporting env vars: AIRFLOW_CTX_DAG_OWNER='***' AIRFLOW_CTX_DAG_ID='ingest_football_data' AIRFLOW_CTX_TASK_ID='ingest_standings' AIRFLOW_CTX_EXECUTION_DATE='2026-04-05T00:00:00+00:00' AIRFLOW_CTX_TRY_NUMBER='1' AIRFLOW_CTX_DAG_RUN_ID='scheduled__2026-04-05T00:00:00+00:00'
[2026-04-17T08:26:37.993+0000] {taskinstance.py:2698} ERROR - Task failed with exception
Traceback (most recent call last):
  File "/home/airflow/.local/lib/python3.8/site-packages/airflow/models/taskinstance.py", line 433, in _execute_task
    result = execute_callable(context=context, **execute_callable_kwargs)
  File "/home/airflow/.local/lib/python3.8/site-packages/airflow/operators/python.py", line 199, in execute
    return_value = self.execute_callable()
  File "/home/airflow/.local/lib/python3.8/site-packages/airflow/operators/python.py", line 216, in execute_callable
    return self.python_callable(*self.op_args, **self.op_kwargs)
  File "/opt/airflow/dags/ingest_football_data.py", line 18, in ingest_standings
    api_key = Variable.get("API_KEY")
  File "/home/airflow/.local/lib/python3.8/site-packages/airflow/models/variable.py", line 143, in get
    raise KeyError(f"Variable {key} does not exist")
KeyError: 'Variable API_KEY does not exist'
[2026-04-17T08:26:38.006+0000] {taskinstance.py:1138} INFO - Marking task as UP_FOR_RETRY. dag_id=ingest_football_data, task_id=ingest_standings, execution_date=20260405T000000, start_date=20260417T082637, end_date=20260417T082638
[2026-04-17T08:26:38.019+0000] {standard_task_runner.py:107} ERROR - Failed to execute job 3 for task ingest_standings ('Variable API_KEY does not exist'; 221)
[2026-04-17T08:26:38.060+0000] {local_task_job_runner.py:234} INFO - Task exited with return code 1
[2026-04-17T08:26:38.085+0000] {taskinstance.py:3280} INFO - 0 downstream tasks scheduled from follow-on schedule check
