[2026-04-04T16:26:45.280+0000] {processor.py:161} INFO - Started process (PID=1269) to work on /opt/airflow/dags/ingest_football_data.py
[2026-04-04T16:26:45.281+0000] {processor.py:830} INFO - Processing file /opt/airflow/dags/ingest_football_data.py for tasks to queue
[2026-04-04T16:26:45.283+0000] {logging_mixin.py:188} INFO - [2026-04-04T16:26:45.282+0000] {dagbag.py:538} INFO - Filling up the DagBag from /opt/airflow/dags/ingest_football_data.py
[2026-04-04T16:26:45.308+0000] {processor.py:840} INFO - DAG(s) 'ingest_football_data' retrieved from /opt/airflow/dags/ingest_football_data.py
[2026-04-04T16:26:45.341+0000] {logging_mixin.py:188} INFO - [2026-04-04T16:26:45.341+0000] {dag.py:3036} INFO - Sync 1 DAGs
[2026-04-04T16:26:45.378+0000] {logging_mixin.py:188} INFO - [2026-04-04T16:26:45.378+0000] {dag.py:3823} INFO - Setting next_dagrun for ingest_football_data to 2026-03-29 00:00:00+00:00, run_after=2026-04-05 00:00:00+00:00
[2026-04-04T16:26:45.405+0000] {processor.py:183} INFO - Processing /opt/airflow/dags/ingest_football_data.py took 0.131 seconds
[2026-04-04T16:27:15.466+0000] {processor.py:161} INFO - Started process (PID=1276) to work on /opt/airflow/dags/ingest_football_data.py
[2026-04-04T16:27:15.467+0000] {processor.py:830} INFO - Processing file /opt/airflow/dags/ingest_football_data.py for tasks to queue
[2026-04-04T16:27:15.468+0000] {logging_mixin.py:188} INFO - [2026-04-04T16:27:15.468+0000] {dagbag.py:538} INFO - Filling up the DagBag from /opt/airflow/dags/ingest_football_data.py
[2026-04-04T16:27:15.486+0000] {processor.py:840} INFO - DAG(s) 'ingest_football_data' retrieved from /opt/airflow/dags/ingest_football_data.py
[2026-04-04T16:27:15.523+0000] {logging_mixin.py:188} INFO - [2026-04-04T16:27:15.523+0000] {dag.py:3036} INFO - Sync 1 DAGs
[2026-04-04T16:27:15.548+0000] {logging_mixin.py:188} INFO - [2026-04-04T16:27:15.547+0000] {dag.py:3823} INFO - Setting next_dagrun for ingest_football_data to 2026-03-29 00:00:00+00:00, run_after=2026-04-05 00:00:00+00:00
[2026-04-04T16:27:15.572+0000] {processor.py:183} INFO - Processing /opt/airflow/dags/ingest_football_data.py took 0.111 seconds
[2026-04-04T16:27:45.777+0000] {processor.py:161} INFO - Started process (PID=1281) to work on /opt/airflow/dags/ingest_football_data.py
[2026-04-04T16:27:45.780+0000] {processor.py:830} INFO - Processing file /opt/airflow/dags/ingest_football_data.py for tasks to queue
[2026-04-04T16:27:45.782+0000] {logging_mixin.py:188} INFO - [2026-04-04T16:27:45.781+0000] {dagbag.py:538} INFO - Filling up the DagBag from /opt/airflow/dags/ingest_football_data.py
[2026-04-04T16:27:45.799+0000] {processor.py:840} INFO - DAG(s) 'ingest_football_data' retrieved from /opt/airflow/dags/ingest_football_data.py
[2026-04-04T16:27:45.834+0000] {logging_mixin.py:188} INFO - [2026-04-04T16:27:45.834+0000] {dag.py:3036} INFO - Sync 1 DAGs
[2026-04-04T16:27:45.859+0000] {logging_mixin.py:188} INFO - [2026-04-04T16:27:45.858+0000] {dag.py:3823} INFO - Setting next_dagrun for ingest_football_data to 2026-03-29 00:00:00+00:00, run_after=2026-04-05 00:00:00+00:00
[2026-04-04T16:27:45.879+0000] {processor.py:183} INFO - Processing /opt/airflow/dags/ingest_football_data.py took 0.105 seconds
[2026-04-04T16:28:15.982+0000] {processor.py:161} INFO - Started process (PID=1286) to work on /opt/airflow/dags/ingest_football_data.py
[2026-04-04T16:28:15.984+0000] {processor.py:830} INFO - Processing file /opt/airflow/dags/ingest_football_data.py for tasks to queue
[2026-04-04T16:28:15.985+0000] {logging_mixin.py:188} INFO - [2026-04-04T16:28:15.984+0000] {dagbag.py:538} INFO - Filling up the DagBag from /opt/airflow/dags/ingest_football_data.py
[2026-04-04T16:28:16.002+0000] {processor.py:840} INFO - DAG(s) 'ingest_football_data' retrieved from /opt/airflow/dags/ingest_football_data.py
[2026-04-04T16:28:16.036+0000] {logging_mixin.py:188} INFO - [2026-04-04T16:28:16.036+0000] {dag.py:3036} INFO - Sync 1 DAGs
[2026-04-04T16:28:16.057+0000] {logging_mixin.py:188} INFO - [2026-04-04T16:28:16.056+0000] {dag.py:3823} INFO - Setting next_dagrun for ingest_football_data to 2026-03-29 00:00:00+00:00, run_after=2026-04-05 00:00:00+00:00
[2026-04-04T16:28:16.079+0000] {processor.py:183} INFO - Processing /opt/airflow/dags/ingest_football_data.py took 0.102 seconds
[2026-04-04T16:28:46.259+0000] {processor.py:161} INFO - Started process (PID=1291) to work on /opt/airflow/dags/ingest_football_data.py
[2026-04-04T16:28:46.262+0000] {processor.py:830} INFO - Processing file /opt/airflow/dags/ingest_football_data.py for tasks to queue
[2026-04-04T16:28:46.263+0000] {logging_mixin.py:188} INFO - [2026-04-04T16:28:46.263+0000] {dagbag.py:538} INFO - Filling up the DagBag from /opt/airflow/dags/ingest_football_data.py
[2026-04-04T16:28:46.281+0000] {processor.py:840} INFO - DAG(s) 'ingest_football_data' retrieved from /opt/airflow/dags/ingest_football_data.py
[2026-04-04T16:28:46.317+0000] {logging_mixin.py:188} INFO - [2026-04-04T16:28:46.317+0000] {dag.py:3036} INFO - Sync 1 DAGs
[2026-04-04T16:28:46.344+0000] {logging_mixin.py:188} INFO - [2026-04-04T16:28:46.343+0000] {dag.py:3823} INFO - Setting next_dagrun for ingest_football_data to 2026-03-29 00:00:00+00:00, run_after=2026-04-05 00:00:00+00:00
[2026-04-04T16:28:46.364+0000] {processor.py:183} INFO - Processing /opt/airflow/dags/ingest_football_data.py took 0.110 seconds
[2026-04-04T16:29:16.462+0000] {processor.py:161} INFO - Started process (PID=1296) to work on /opt/airflow/dags/ingest_football_data.py
[2026-04-04T16:29:16.463+0000] {processor.py:830} INFO - Processing file /opt/airflow/dags/ingest_football_data.py for tasks to queue
[2026-04-04T16:29:16.464+0000] {logging_mixin.py:188} INFO - [2026-04-04T16:29:16.464+0000] {dagbag.py:538} INFO - Filling up the DagBag from /opt/airflow/dags/ingest_football_data.py
[2026-04-04T16:29:16.482+0000] {processor.py:840} INFO - DAG(s) 'ingest_football_data' retrieved from /opt/airflow/dags/ingest_football_data.py
[2026-04-04T16:29:16.519+0000] {logging_mixin.py:188} INFO - [2026-04-04T16:29:16.518+0000] {dag.py:3036} INFO - Sync 1 DAGs
[2026-04-04T16:29:16.547+0000] {logging_mixin.py:188} INFO - [2026-04-04T16:29:16.546+0000] {dag.py:3823} INFO - Setting next_dagrun for ingest_football_data to 2026-03-29 00:00:00+00:00, run_after=2026-04-05 00:00:00+00:00
[2026-04-04T16:29:16.570+0000] {processor.py:183} INFO - Processing /opt/airflow/dags/ingest_football_data.py took 0.112 seconds
[2026-04-04T16:29:46.752+0000] {processor.py:161} INFO - Started process (PID=1301) to work on /opt/airflow/dags/ingest_football_data.py
[2026-04-04T16:29:46.753+0000] {processor.py:830} INFO - Processing file /opt/airflow/dags/ingest_football_data.py for tasks to queue
[2026-04-04T16:29:46.754+0000] {logging_mixin.py:188} INFO - [2026-04-04T16:29:46.754+0000] {dagbag.py:538} INFO - Filling up the DagBag from /opt/airflow/dags/ingest_football_data.py
[2026-04-04T16:29:46.772+0000] {processor.py:840} INFO - DAG(s) 'ingest_football_data' retrieved from /opt/airflow/dags/ingest_football_data.py
[2026-04-04T16:29:46.808+0000] {logging_mixin.py:188} INFO - [2026-04-04T16:29:46.808+0000] {dag.py:3036} INFO - Sync 1 DAGs
[2026-04-04T16:29:46.835+0000] {logging_mixin.py:188} INFO - [2026-04-04T16:29:46.835+0000] {dag.py:3823} INFO - Setting next_dagrun for ingest_football_data to 2026-03-29 00:00:00+00:00, run_after=2026-04-05 00:00:00+00:00
[2026-04-04T16:29:46.856+0000] {processor.py:183} INFO - Processing /opt/airflow/dags/ingest_football_data.py took 0.108 seconds
[2026-04-04T16:30:16.957+0000] {processor.py:161} INFO - Started process (PID=1306) to work on /opt/airflow/dags/ingest_football_data.py
[2026-04-04T16:30:16.958+0000] {processor.py:830} INFO - Processing file /opt/airflow/dags/ingest_football_data.py for tasks to queue
[2026-04-04T16:30:16.959+0000] {logging_mixin.py:188} INFO - [2026-04-04T16:30:16.959+0000] {dagbag.py:538} INFO - Filling up the DagBag from /opt/airflow/dags/ingest_football_data.py
[2026-04-04T16:30:16.976+0000] {processor.py:840} INFO - DAG(s) 'ingest_football_data' retrieved from /opt/airflow/dags/ingest_football_data.py
[2026-04-04T16:30:17.016+0000] {logging_mixin.py:188} INFO - [2026-04-04T16:30:17.016+0000] {dag.py:3036} INFO - Sync 1 DAGs
[2026-04-04T16:30:17.048+0000] {logging_mixin.py:188} INFO - [2026-04-04T16:30:17.048+0000] {dag.py:3823} INFO - Setting next_dagrun for ingest_football_data to 2026-03-29 00:00:00+00:00, run_after=2026-04-05 00:00:00+00:00
[2026-04-04T16:30:17.072+0000] {processor.py:183} INFO - Processing /opt/airflow/dags/ingest_football_data.py took 0.119 seconds
[2026-04-04T16:30:47.235+0000] {processor.py:161} INFO - Started process (PID=1311) to work on /opt/airflow/dags/ingest_football_data.py
[2026-04-04T16:30:47.238+0000] {processor.py:830} INFO - Processing file /opt/airflow/dags/ingest_football_data.py for tasks to queue
[2026-04-04T16:30:47.240+0000] {logging_mixin.py:188} INFO - [2026-04-04T16:30:47.239+0000] {dagbag.py:538} INFO - Filling up the DagBag from /opt/airflow/dags/ingest_football_data.py
[2026-04-04T16:30:47.256+0000] {processor.py:840} INFO - DAG(s) 'ingest_football_data' retrieved from /opt/airflow/dags/ingest_football_data.py
[2026-04-04T16:30:47.290+0000] {logging_mixin.py:188} INFO - [2026-04-04T16:30:47.290+0000] {dag.py:3036} INFO - Sync 1 DAGs
[2026-04-04T16:30:47.314+0000] {logging_mixin.py:188} INFO - [2026-04-04T16:30:47.314+0000] {dag.py:3823} INFO - Setting next_dagrun for ingest_football_data to 2026-03-29 00:00:00+00:00, run_after=2026-04-05 00:00:00+00:00
[2026-04-04T16:30:47.334+0000] {processor.py:183} INFO - Processing /opt/airflow/dags/ingest_football_data.py took 0.104 seconds
[2026-04-04T16:31:17.453+0000] {processor.py:161} INFO - Started process (PID=1316) to work on /opt/airflow/dags/ingest_football_data.py
[2026-04-04T16:31:17.455+0000] {processor.py:830} INFO - Processing file /opt/airflow/dags/ingest_football_data.py for tasks to queue
[2026-04-04T16:31:17.456+0000] {logging_mixin.py:188} INFO - [2026-04-04T16:31:17.456+0000] {dagbag.py:538} INFO - Filling up the DagBag from /opt/airflow/dags/ingest_football_data.py
[2026-04-04T16:31:17.474+0000] {processor.py:840} INFO - DAG(s) 'ingest_football_data' retrieved from /opt/airflow/dags/ingest_football_data.py
[2026-04-04T16:31:17.511+0000] {logging_mixin.py:188} INFO - [2026-04-04T16:31:17.510+0000] {dag.py:3036} INFO - Sync 1 DAGs
[2026-04-04T16:31:17.537+0000] {logging_mixin.py:188} INFO - [2026-04-04T16:31:17.537+0000] {dag.py:3823} INFO - Setting next_dagrun for ingest_football_data to 2026-03-29 00:00:00+00:00, run_after=2026-04-05 00:00:00+00:00
[2026-04-04T16:31:17.559+0000] {processor.py:183} INFO - Processing /opt/airflow/dags/ingest_football_data.py took 0.110 seconds
[2026-04-04T16:31:47.729+0000] {processor.py:161} INFO - Started process (PID=1321) to work on /opt/airflow/dags/ingest_football_data.py
[2026-04-04T16:31:47.733+0000] {processor.py:830} INFO - Processing file /opt/airflow/dags/ingest_football_data.py for tasks to queue
[2026-04-04T16:31:47.734+0000] {logging_mixin.py:188} INFO - [2026-04-04T16:31:47.733+0000] {dagbag.py:538} INFO - Filling up the DagBag from /opt/airflow/dags/ingest_football_data.py
[2026-04-04T16:31:47.752+0000] {processor.py:840} INFO - DAG(s) 'ingest_football_data' retrieved from /opt/airflow/dags/ingest_football_data.py
[2026-04-04T16:31:47.789+0000] {logging_mixin.py:188} INFO - [2026-04-04T16:31:47.789+0000] {dag.py:3036} INFO - Sync 1 DAGs
[2026-04-04T16:31:47.814+0000] {logging_mixin.py:188} INFO - [2026-04-04T16:31:47.813+0000] {dag.py:3823} INFO - Setting next_dagrun for ingest_football_data to 2026-03-29 00:00:00+00:00, run_after=2026-04-05 00:00:00+00:00
[2026-04-04T16:31:47.832+0000] {processor.py:183} INFO - Processing /opt/airflow/dags/ingest_football_data.py took 0.107 seconds
[2026-04-04T16:32:17.933+0000] {processor.py:161} INFO - Started process (PID=1326) to work on /opt/airflow/dags/ingest_football_data.py
[2026-04-04T16:32:17.934+0000] {processor.py:830} INFO - Processing file /opt/airflow/dags/ingest_football_data.py for tasks to queue
[2026-04-04T16:32:17.936+0000] {logging_mixin.py:188} INFO - [2026-04-04T16:32:17.935+0000] {dagbag.py:538} INFO - Filling up the DagBag from /opt/airflow/dags/ingest_football_data.py
[2026-04-04T16:32:17.952+0000] {processor.py:840} INFO - DAG(s) 'ingest_football_data' retrieved from /opt/airflow/dags/ingest_football_data.py
[2026-04-04T16:32:17.991+0000] {logging_mixin.py:188} INFO - [2026-04-04T16:32:17.990+0000] {dag.py:3036} INFO - Sync 1 DAGs
[2026-04-04T16:32:18.027+0000] {logging_mixin.py:188} INFO - [2026-04-04T16:32:18.027+0000] {dag.py:3823} INFO - Setting next_dagrun for ingest_football_data to 2026-03-29 00:00:00+00:00, run_after=2026-04-05 00:00:00+00:00
[2026-04-04T16:32:18.050+0000] {processor.py:183} INFO - Processing /opt/airflow/dags/ingest_football_data.py took 0.121 seconds
